#
# There is insufficient memory for the Java Runtime Environment to continue.
# Native memory allocation (malloc) failed to allocate 93323264 bytes for committing reserved memory.
# Possible reasons:
#   The system is out of physical RAM or swap space
#   In 32 bit mode, the process size limit was hit
# Possible solutions:
#   Reduce memory load on the system
#   Increase physical memory or swap space
#   Check if swap backing store is full
#   Use 64 bit Java on a 64 bit OS
#   Decrease Java heap size (-Xmx/-Xms)
#   Decrease number of Java threads
#   Decrease Java thread stack sizes (-Xss)
#   Set larger code cache with -XX:ReservedCodeCacheSize=
# This output file may be truncated or incomplete.
#
#  Out of Memory Error (os_linux.cpp:2756), pid=10431, tid=140431024178944
#
# JRE version: Java(TM) SE Runtime Environment (7.0_80-b15) (build 1.7.0_80-b15)
# Java VM: Java HotSpot(TM) 64-Bit Server VM (24.80-b11 mixed mode linux-amd64 compressed oops)
# Failed to write core dump. Core dumps have been disabled. To enable core dumping, try "ulimit -c unlimited" before starting Java again
#

---------------  T H R E A D  ---------------

Current thread (0x00007fb8b006a000):  VMThread [stack: 0x00007fb8a53fc000,0x00007fb8a54fd000] [id=10438]

Stack: [0x00007fb8a53fc000,0x00007fb8a54fd000],  sp=0x00007fb8a54fb220,  free space=1020k
Native frames: (J=compiled Java code, j=interpreted, Vv=VM code, C=native code)
V  [libjvm.so+0x9a320a]  VMError::report_and_die()+0x2ea
V  [libjvm.so+0x498d3b]  report_vm_out_of_memory(char const*, int, unsigned long, char const*)+0x9b
V  [libjvm.so+0x82191e]  os::Linux::commit_memory_impl(char*, unsigned long, bool)+0xfe
V  [libjvm.so+0x821e69]  os::pd_commit_memory(char*, unsigned long, unsigned long, bool)+0x29
V  [libjvm.so+0x81bb6a]  os::commit_memory(char*, unsigned long, unsigned long, bool)+0x2a
V  [libjvm.so+0x88d623]  PSVirtualSpace::expand_by(unsigned long)+0x53
V  [libjvm.so+0x87ca80]  PSOldGen::expand(unsigned long)+0x170
V  [libjvm.so+0x87cc8b]  PSOldGen::resize(unsigned long)+0x1cb
V  [libjvm.so+0x885951]  PSParallelCompact::invoke_no_policy(bool)+0x9b1
V  [libjvm.so+0x88b8cd]  PSScavenge::invoke()+0x1ad
V  [libjvm.so+0x843f40]  ParallelScavengeHeap::failed_mem_allocate(unsigned long)+0x70
V  [libjvm.so+0x9a4a97]  VM_ParallelGCFailedAllocation::doit()+0x97
V  [libjvm.so+0x9abf35]  VM_Operation::evaluate()+0x55
V  [libjvm.so+0x9aa2fa]  VMThread::evaluate_operation(VM_Operation*)+0xba
V  [libjvm.so+0x9aa67e]  VMThread::loop()+0x1ce
V  [libjvm.so+0x9aaaf0]  VMThread::run()+0x70
V  [libjvm.so+0x8238c8]  java_start(Thread*)+0x108

VM_Operation (0x00007fb87b282f60): ParallelGCFailedAllocation, mode: safepoint, requested by thread 0x00007fb86800c000


---------------  P R O C E S S  ---------------

Java Threads: ( => current thread )
  0x00007fb86c009800 JavaThread "process reaper" daemon [_thread_blocked, id=12270, stack(0x00007fb879f8b000,0x00007fb879fc4000)]
  0x00007fb864786000 JavaThread "pool-2-thread-1" [_thread_blocked, id=12267, stack(0x00007fb87ac42000,0x00007fb87ad43000)]
  0x00007fb8646cd000 JavaThread "Stdin handler" [_thread_blocked, id=12264, stack(0x00007fb87b086000,0x00007fb87b187000)]
  0x00007fb86800c000 JavaThread "Daemon worker Thread 4" [_thread_blocked, id=12261, stack(0x00007fb87b187000,0x00007fb87b288000)]
  0x00007fb86800d800 JavaThread "Cancel handler" [_thread_blocked, id=12260, stack(0x00007fb87b288000,0x00007fb87b389000)]
  0x00007fb868003800 JavaThread "Handler for socket connection from /127.0.0.1:41979 to /127.0.0.1:42724" [_thread_in_native, id=12259, stack(0x00007fb87b389000,0x00007fb87b48a000)]
  0x00007fb87002b800 JavaThread "Daemon Thread 4" [_thread_blocked, id=12258, stack(0x00007fb87b48a000,0x00007fb87b58b000)]
  0x00007fb8641f5000 JavaThread "File lock request listener" [_thread_in_native, id=10456, stack(0x00007fb87af1a000,0x00007fb87b01b000)]
  0x00007fb8b09b6800 JavaThread "Incoming local TCP Connector on port 41979" [_thread_in_native, id=10448, stack(0x00007fb87b58b000,0x00007fb87b68c000)]
  0x00007fb8b009a000 JavaThread "Service Thread" daemon [_thread_blocked, id=10444, stack(0x00007fb8a46cb000,0x00007fb8a47cc000)]
  0x00007fb8b0097800 JavaThread "C2 CompilerThread1" daemon [_thread_blocked, id=10443, stack(0x00007fb8a47cc000,0x00007fb8a48cd000)]
  0x00007fb8b0094800 JavaThread "C2 CompilerThread0" daemon [_thread_blocked, id=10442, stack(0x00007fb8a48cd000,0x00007fb8a49ce000)]
  0x00007fb8b0092800 JavaThread "Signal Dispatcher" daemon [_thread_blocked, id=10441, stack(0x00007fb8a49ce000,0x00007fb8a4acf000)]
  0x00007fb8b0070800 JavaThread "Finalizer" daemon [_thread_blocked, id=10440, stack(0x00007fb8a51fa000,0x00007fb8a52fb000)]
  0x00007fb8b006e800 JavaThread "Reference Handler" daemon [_thread_blocked, id=10439, stack(0x00007fb8a52fb000,0x00007fb8a53fc000)]
  0x00007fb8b000a000 JavaThread "main" [_thread_blocked, id=10433, stack(0x00007fb8b77ec000,0x00007fb8b78ed000)]

Other Threads:
=>0x00007fb8b006a000 VMThread [stack: 0x00007fb8a53fc000,0x00007fb8a54fd000] [id=10438]
  0x00007fb8b00a4800 WatcherThread [stack: 0x00007fb8a45ca000,0x00007fb8a46cb000] [id=10445]

VM state:at safepoint (normal execution)

VM Mutex/Monitor currently owned by a thread:  ([mutex/lock_event])
[0x00007fb8b00060b0] ExpandHeap_lock - owner thread: 0x00007fb8b006a000
[0x00007fb8b0006730] Threads_lock - owner thread: 0x00007fb8b006a000
[0x00007fb8b0006c30] Heap_lock - owner thread: 0x00007fb86800c000

Heap
 PSYoungGen      total 281600K, used 26825K [0x00000000eaa80000, 0x0000000100000000, 0x0000000100000000)
  eden space 235008K, 0% used [0x00000000eaa80000,0x00000000eaa80000,0x00000000f9000000)
  from space 46592K, 57% used [0x00000000fd280000,0x00000000fecb2558,0x0000000100000000)
  to   space 57344K, 0% used [0x00000000f9000000,0x00000000f9000000,0x00000000fc800000)
 ParOldGen       total 128000K, used 127952K [0x00000000c0000000, 0x00000000c7d00000, 0x00000000eaa80000)
  object space 128000K, 99% used [0x00000000c0000000,0x00000000c7cf40a8,0x00000000c7d00000)
 PSPermGen       total 121856K, used 98857K [0x00000000b0000000, 0x00000000b7700000, 0x00000000c0000000)
  object space 121856K, 81% used [0x00000000b0000000,0x00000000b608a698,0x00000000b7700000)

Card table byte_map: [0x00007fb8b4858000,0x00007fb8b4ad9000] byte_map_base: 0x00007fb8b42d8000

Polling page: 0x00007fb8b7909000

Code Cache  [0x00007fb8ad000000, 0x00007fb8ad760000, 0x00007fb8b0000000)
 total_blobs=2526 nmethods=1898 adapters=580 free_code_cache=41724Kb largest_free_block=42633600

Compilation events (10 events):
Event: 359,207 Thread 0x00007fb8b0097800 nmethod 2206 0x00007fb8ad730e10 code [0x00007fb8ad730fa0, 0x00007fb8ad731468]
Event: 359,220 Thread 0x00007fb8b0094800 nmethod 2207 0x00007fb8ad74e650 code [0x00007fb8ad74e880, 0x00007fb8ad74f170]
Event: 359,247 Thread 0x00007fb8b0097800 2208             com.sun.tools.javac.util.SharedNameTable$NameImpl::getByteArray (11 bytes)
Event: 359,247 Thread 0x00007fb8b0094800 2209             com.sun.tools.javac.util.SharedNameTable$NameImpl::getByteOffset (5 bytes)
Event: 359,247 Thread 0x00007fb8b0094800 nmethod 2209 0x00007fb8ad72fad0 code [0x00007fb8ad72fc00, 0x00007fb8ad72fc58]
Event: 359,248 Thread 0x00007fb8b0097800 nmethod 2208 0x00007fb8ad74e3d0 code [0x00007fb8ad74e520, 0x00007fb8ad74e5b8]
Event: 359,250 Thread 0x00007fb8b0094800 2210             com.sun.tools.javac.jvm.ClassReader::nextChar (46 bytes)
Event: 359,251 Thread 0x00007fb8b0094800 nmethod 2210 0x00007fb8ad74e0d0 code [0x00007fb8ad74e220, 0x00007fb8ad74e2f8]
Event: 359,267 Thread 0x00007fb8b0097800 2211             com.sun.tools.javac.util.Assert::check (8 bytes)
Event: 359,267 Thread 0x00007fb8b0097800 nmethod 2211 0x00007fb8ad74ded0 code [0x00007fb8ad74e000, 0x00007fb8ad74e058]

GC Heap History (10 events):
Event: 140,626 GC heap after
Heap after GC invocations=22 (full 3):
 PSYoungGen      total 317952K, used 31727K [0x00000000eaa80000, 0x0000000100000000, 0x0000000100000000)
  eden space 286208K, 0% used [0x00000000eaa80000,0x00000000eaa80000,0x00000000fc200000)
  from space 31744K, 99% used [0x00000000fc200000,0x00000000fe0fbe38,0x00000000fe100000)
  to   space 31744K, 0% used [0x00000000fe100000,0x00000000fe100000,0x0000000100000000)
 ParOldGen       total 128000K, used 90417K [0x00000000c0000000, 0x00000000c7d00000, 0x00000000eaa80000)
  object space 128000K, 70% used [0x00000000c0000000,0x00000000c584c678,0x00000000c7d00000)
 PSPermGen       total 93696K, used 76290K [0x00000000b0000000, 0x00000000b5b80000, 0x00000000c0000000)
  object space 93696K, 81% used [0x00000000b0000000,0x00000000b4a80b88,0x00000000b5b80000)
}
Event: 142,320 GC heap before
{Heap before GC invocations=23 (full 3):
 PSYoungGen      total 317952K, used 142362K [0x00000000eaa80000, 0x0000000100000000, 0x0000000100000000)
  eden space 286208K, 38% used [0x00000000eaa80000,0x00000000f168aa58,0x00000000fc200000)
  from space 31744K, 99% used [0x00000000fc200000,0x00000000fe0fbe38,0x00000000fe100000)
  to   space 31744K, 0% used [0x00000000fe100000,0x00000000fe100000,0x0000000100000000)
 ParOldGen       total 128000K, used 90417K [0x00000000c0000000, 0x00000000c7d00000, 0x00000000eaa80000)
  object space 128000K, 70% used [0x00000000c0000000,0x00000000c584c678,0x00000000c7d00000)
 PSPermGen       total 93696K, used 78733K [0x00000000b0000000, 0x00000000b5b80000, 0x00000000c0000000)
  object space 93696K, 84% used [0x00000000b0000000,0x00000000b4ce3500,0x00000000b5b80000)
Event: 142,383 GC heap after
Heap after GC invocations=23 (full 3):
 PSYoungGen      total 288256K, used 25538K [0x00000000eaa80000, 0x0000000100000000, 0x0000000100000000)
  eden space 256512K, 0% used [0x00000000eaa80000,0x00000000eaa80000,0x00000000fa500000)
  from space 31744K, 80% used [0x00000000fe100000,0x00000000ff9f0af8,0x0000000100000000)
  to   space 46592K, 0% used [0x00000000fa500000,0x00000000fa500000,0x00000000fd280000)
 ParOldGen       total 128000K, used 106707K [0x00000000c0000000, 0x00000000c7d00000, 0x00000000eaa80000)
  object space 128000K, 83% used [0x00000000c0000000,0x00000000c6834c40,0x00000000c7d00000)
 PSPermGen       total 93696K, used 78733K [0x00000000b0000000, 0x00000000b5b80000, 0x00000000c0000000)
  object space 93696K, 84% used [0x00000000b0000000,0x00000000b4ce3500,0x00000000b5b80000)
}
Event: 142,384 GC heap before
{Heap before GC invocations=24 (full 4):
 PSYoungGen      total 288256K, used 25538K [0x00000000eaa80000, 0x0000000100000000, 0x0000000100000000)
  eden space 256512K, 0% used [0x00000000eaa80000,0x00000000eaa80000,0x00000000fa500000)
  from space 31744K, 80% used [0x00000000fe100000,0x00000000ff9f0af8,0x0000000100000000)
  to   space 46592K, 0% used [0x00000000fa500000,0x00000000fa500000,0x00000000fd280000)
 ParOldGen       total 128000K, used 106707K [0x00000000c0000000, 0x00000000c7d00000, 0x00000000eaa80000)
  object space 128000K, 83% used [0x00000000c0000000,0x00000000c6834c40,0x00000000c7d00000)
 PSPermGen       total 93696K, used 78733K [0x00000000b0000000, 0x00000000b5b80000, 0x00000000c0000000)
  object space 93696K, 84% used [0x00000000b0000000,0x00000000b4ce3500,0x00000000b5b80000)
Event: 143,407 GC heap after
Heap after GC invocations=24 (full 4):
 PSYoungGen      total 288256K, used 0K [0x00000000eaa80000, 0x0000000100000000, 0x0000000100000000)
  eden space 256512K, 0% used [0x00000000eaa80000,0x00000000eaa80000,0x00000000fa500000)
  from space 31744K, 0% used [0x00000000fe100000,0x00000000fe100000,0x0000000100000000)
  to   space 46592K, 0% used [0x00000000fa500000,0x00000000fa500000,0x00000000fd280000)
 ParOldGen       total 128000K, used 104333K [0x00000000c0000000, 0x00000000c7d00000, 0x00000000eaa80000)
  object space 128000K, 81% used [0x00000000c0000000,0x00000000c65e3560,0x00000000c7d00000)
 PSPermGen       total 121856K, used 78574K [0x00000000b0000000, 0x00000000b7700000, 0x00000000c0000000)
  object space 121856K, 64% used [0x00000000b0000000,0x00000000b4cbb8b8,0x00000000b7700000)
}
Event: 351,605 GC heap before
{Heap before GC invocations=25 (full 4):
 PSYoungGen      total 288256K, used 256512K [0x00000000eaa80000, 0x0000000100000000, 0x0000000100000000)
  eden space 256512K, 100% used [0x00000000eaa80000,0x00000000fa500000,0x00000000fa500000)
  from space 31744K, 0% used [0x00000000fe100000,0x00000000fe100000,0x0000000100000000)
  to   space 46592K, 0% used [0x00000000fa500000,0x00000000fa500000,0x00000000fd280000)
 ParOldGen       total 128000K, used 104333K [0x00000000c0000000, 0x00000000c7d00000, 0x00000000eaa80000)
  object space 128000K, 81% used [0x00000000c0000000,0x00000000c65e3560,0x00000000c7d00000)
 PSPermGen       total 121856K, used 86813K [0x00000000b0000000, 0x00000000b7700000, 0x00000000c0000000)
  object space 121856K, 71% used [0x00000000b0000000,0x00000000b54c7730,0x00000000b7700000)
Event: 351,647 GC heap after
Heap after GC invocations=25 (full 4):
 PSYoungGen      total 303104K, used 23832K [0x00000000eaa80000, 0x0000000100000000, 0x0000000100000000)
  eden space 256512K, 0% used [0x00000000eaa80000,0x00000000eaa80000,0x00000000fa500000)
  from space 46592K, 51% used [0x00000000fa500000,0x00000000fbc46090,0x00000000fd280000)
  to   space 46592K, 0% used [0x00000000fd280000,0x00000000fd280000,0x0000000100000000)
 ParOldGen       total 128000K, used 104333K [0x00000000c0000000, 0x00000000c7d00000, 0x00000000eaa80000)
  object space 128000K, 81% used [0x00000000c0000000,0x00000000c65e3560,0x00000000c7d00000)
 PSPermGen       total 121856K, used 86813K [0x00000000b0000000, 0x00000000b7700000, 0x00000000c0000000)
  object space 121856K, 71% used [0x00000000b0000000,0x00000000b54c7730,0x00000000b7700000)
}
Event: 359,280 GC heap before
{Heap before GC invocations=26 (full 4):
 PSYoungGen      total 303104K, used 280344K [0x00000000eaa80000, 0x0000000100000000, 0x0000000100000000)
  eden space 256512K, 100% used [0x00000000eaa80000,0x00000000fa500000,0x00000000fa500000)
  from space 46592K, 51% used [0x00000000fa500000,0x00000000fbc46090,0x00000000fd280000)
  to   space 46592K, 0% used [0x00000000fd280000,0x00000000fd280000,0x0000000100000000)
 ParOldGen       total 128000K, used 104333K [0x00000000c0000000, 0x00000000c7d00000, 0x00000000eaa80000)
  object space 128000K, 81% used [0x00000000c0000000,0x00000000c65e3560,0x00000000c7d00000)
 PSPermGen       total 121856K, used 98907K [0x00000000b0000000, 0x00000000b7700000, 0x00000000c0000000)
  object space 121856K, 81% used [0x00000000b0000000,0x00000000b6096d08,0x00000000b7700000)
Event: 359,361 GC heap after
Heap after GC invocations=26 (full 4):
 PSYoungGen      total 281600K, used 46588K [0x00000000eaa80000, 0x0000000100000000, 0x0000000100000000)
  eden space 235008K, 0% used [0x00000000eaa80000,0x00000000eaa80000,0x00000000f9000000)
  from space 46592K, 99% used [0x00000000fd280000,0x00000000fffff180,0x0000000100000000)
  to   space 57344K, 0% used [0x00000000f9000000,0x00000000f9000000,0x00000000fc800000)
 ParOldGen       total 128000K, used 110989K [0x00000000c0000000, 0x00000000c7d00000, 0x00000000eaa80000)
  object space 128000K, 86% used [0x00000000c0000000,0x00000000c6c63458,0x00000000c7d00000)
 PSPermGen       total 121856K, used 98907K [0x00000000b0000000, 0x00000000b7700000, 0x00000000c0000000)
  object space 121856K, 81% used [0x00000000b0000000,0x00000000b6096d08,0x00000000b7700000)
}
Event: 359,361 GC heap before
{Heap before GC invocations=27 (full 5):
 PSYoungGen      total 281600K, used 46588K [0x00000000eaa80000, 0x0000000100000000, 0x0000000100000000)
  eden space 235008K, 0% used [0x00000000eaa80000,0x00000000eaa80000,0x00000000f9000000)
  from space 46592K, 99% used [0x00000000fd280000,0x00000000fffff180,0x0000000100000000)
  to   space 57344K, 0% used [0x00000000f9000000,0x00000000f9000000,0x00000000fc800000)
 ParOldGen       total 128000K, used 110989K [0x00000000c0000000, 0x00000000c7d00000, 0x00000000eaa80000)
  object space 128000K, 86% used [0x00000000c0000000,0x00000000c6c63458,0x00000000c7d00000)
 PSPermGen       total 121856K, used 98907K [0x00000000b0000000, 0x00000000b7700000, 0x00000000c0000000)
  object space 121856K, 81% used [0x00000000b0000000,0x00000000b6096d08,0x00000000b7700000)

Deoptimization events (10 events):
Event: 358,937 Thread 0x00007fb86800c000 Uncommon trap: reason=unstable_if action=reinterpret pc=0x00007fb8ad732238 method=com.sun.tools.javac.file.ZipFileIndex$Entry.compareTo(Lcom/sun/tools/javac/file/ZipFileIndex$Entry;)I @ 23
Event: 358,937 Thread 0x00007fb86800c000 Uncommon trap: reason=unstable_if action=reinterpret pc=0x00007fb8ad731c04 method=com.sun.tools.javac.file.ZipFileIndex$Entry.compareTo(Lcom/sun/tools/javac/file/ZipFileIndex$Entry;)I @ 23
Event: 358,942 Thread 0x00007fb86800c000 Uncommon trap: reason=unstable_if action=reinterpret pc=0x00007fb8ad73ce38 method=com.sun.tools.javac.file.ZipFileIndex$ZipDirectory.readEntry(ILjava/util/List;Ljava/util/Map;)I @ 190
Event: 358,962 Thread 0x00007fb86800c000 Uncommon trap: reason=array_check action=maybe_recompile pc=0x00007fb8ad741510 method=java.util.ComparableTimSort.mergeHi(IIII)V @ 234
Event: 358,967 Thread 0x00007fb86800c000 Uncommon trap: reason=array_check action=maybe_recompile pc=0x00007fb8ad73f844 method=java.util.ComparableTimSort.mergeLo(IIII)V @ 236
Event: 359,024 Thread 0x00007fb86800c000 Uncommon trap: reason=predicate action=maybe_recompile pc=0x00007fb8ad745da4 method=java.util.ComparableTimSort.mergeLo(IIII)V @ 143
Event: 359,026 Thread 0x00007fb86800c000 Uncommon trap: reason=array_check action=maybe_recompile pc=0x00007fb8ad73f844 method=java.util.ComparableTimSort.mergeLo(IIII)V @ 236
Event: 359,027 Thread 0x00007fb86800c000 Uncommon trap: reason=array_check action=maybe_recompile pc=0x00007fb8ad741510 method=java.util.ComparableTimSort.mergeHi(IIII)V @ 234
Event: 359,072 Thread 0x00007fb86800c000 Uncommon trap: reason=unstable_if action=reinterpret pc=0x00007fb8ad70779c method=com.sun.tools.javac.util.Name$Table.equals([BI[BII)Z @ 22
Event: 359,202 Thread 0x00007fb86800c000 Uncommon trap: reason=null_check action=make_not_entrant pc=0x00007fb8ad72ef78 method=com.sun.tools.javac.jvm.ClassReader.enterClass(Lcom/sun/tools/javac/util/Name;)Lcom/sun/tools/javac/code/Symbol$ClassSymbol; @ 10

Internal exceptions (10 events):
Event: 358,183 Thread 0x00007fb86800c000 Threw 0x00000000f8e539b0 at /HUDSON/workspace/7u-2-build-linux-amd64/jdk7u80/2329/hotspot/src/share/vm/prims/jvm.cpp:1319
Event: 358,183 Thread 0x00007fb86800c000 Threw 0x00000000f8e54478 at /HUDSON/workspace/7u-2-build-linux-amd64/jdk7u80/2329/hotspot/src/share/vm/prims/jvm.cpp:1319
Event: 358,184 Thread 0x00007fb86800c000 Threw 0x00000000f8e577a8 at /HUDSON/workspace/7u-2-build-linux-amd64/jdk7u80/2329/hotspot/src/share/vm/prims/jvm.cpp:1319
Event: 358,184 Thread 0x00007fb86800c000 Threw 0x00000000f8e58338 at /HUDSON/workspace/7u-2-build-linux-amd64/jdk7u80/2329/hotspot/src/share/vm/prims/jvm.cpp:1319
Event: 358,184 Thread 0x00007fb86800c000 Threw 0x00000000f8e5e7a0 at /HUDSON/workspace/7u-2-build-linux-amd64/jdk7u80/2329/hotspot/src/share/vm/prims/jvm.cpp:1319
Event: 358,188 Thread 0x00007fb86800c000 Threw 0x00000000f8e73618 at /HUDSON/workspace/7u-2-build-linux-amd64/jdk7u80/2329/hotspot/src/share/vm/classfile/systemDictionary.cpp:185
Event: 358,246 Thread 0x00007fb86800c000 Threw 0x00000000f8f6a038 at /HUDSON/workspace/7u-2-build-linux-amd64/jdk7u80/2329/hotspot/src/share/vm/prims/jvm.cpp:1319
Event: 358,248 Thread 0x00007fb86800c000 Threw 0x00000000f8f6b300 at /HUDSON/workspace/7u-2-build-linux-amd64/jdk7u80/2329/hotspot/src/share/vm/prims/jvm.cpp:1319
Event: 358,939 Thread 0x00007fb86800c000 Implicit null exception at 0x00007fb8ad73ba83 to 0x00007fb8ad73ce15
Event: 359,202 Thread 0x00007fb86800c000 Implicit null exception at 0x00007fb8ad72e96c to 0x00007fb8ad72ef69

Events (10 events):
Event: 359,132 loading class 0x00007fb86516a490
Event: 359,132 loading class 0x00007fb86516a490 done
Event: 359,176 loading class 0x00007fb864e0c440
Event: 359,176 loading class 0x00007fb864e0c440 done
Event: 359,180 loading class 0x00007fb864e0c480
Event: 359,180 loading class 0x00007fb864e0c480 done
Event: 359,202 Thread 0x00007fb86800c000 Uncommon trap: trap_request=0xfffffff4 fr.pc=0x00007fb8ad72ef78
Event: 359,202 Thread 0x00007fb86800c000 DEOPT PACKING pc=0x00007fb8ad72ef78 sp=0x00007fb87b282db0
Event: 359,202 Thread 0x00007fb86800c000 DEOPT UNPACKING pc=0x00007fb8ad039445 sp=0x00007fb87b282d10 mode 2
Event: 359,272 Executing VM operation: ParallelGCFailedAllocation


Dynamic libraries:
00400000-00401000 r-xp 00000000 08:01 2494039                            /usr/lib/jvm/java-7-oracle/bin/java
00600000-00601000 rw-p 00000000 08:01 2494039                            /usr/lib/jvm/java-7-oracle/bin/java
008f1000-00912000 rw-p 00000000 00:00 0                                  [heap]
b0000000-b7700000 rw-p 00000000 00:00 0 
b7700000-c0000000 rw-p 00000000 00:00 0 
c0000000-c7d00000 rw-p 00000000 00:00 0 
cd600000-eaa80000 rw-p 00000000 00:00 0 
eaa80000-100000000 rw-p 00000000 00:00 0 
7fb828000000-7fb828021000 rw-p 00000000 00:00 0 
7fb828021000-7fb82c000000 ---p 00000000 00:00 0 
7fb830000000-7fb830021000 rw-p 00000000 00:00 0 
7fb830021000-7fb834000000 ---p 00000000 00:00 0 
7fb834000000-7fb8343cd000 rw-p 00000000 00:00 0 
7fb8343cd000-7fb838000000 ---p 00000000 00:00 0 
7fb838000000-7fb838327000 rw-p 00000000 00:00 0 
7fb838327000-7fb83c000000 ---p 00000000 00:00 0 
7fb83c000000-7fb83c024000 rw-p 00000000 00:00 0 
7fb83c024000-7fb840000000 ---p 00000000 00:00 0 
7fb840000000-7fb840021000 rw-p 00000000 00:00 0 
7fb840021000-7fb844000000 ---p 00000000 00:00 0 
7fb844000000-7fb844021000 rw-p 00000000 00:00 0 
7fb844021000-7fb848000000 ---p 00000000 00:00 0 
7fb848000000-7fb848021000 rw-p 00000000 00:00 0 
7fb848021000-7fb84c000000 ---p 00000000 00:00 0 
7fb84c000000-7fb84c021000 rw-p 00000000 00:00 0 
7fb84c021000-7fb850000000 ---p 00000000 00:00 0 
7fb850000000-7fb850021000 rw-p 00000000 00:00 0 
7fb850021000-7fb854000000 ---p 00000000 00:00 0 
7fb854000000-7fb854021000 rw-p 00000000 00:00 0 
7fb854021000-7fb858000000 ---p 00000000 00:00 0 
7fb858000000-7fb858021000 rw-p 00000000 00:00 0 
7fb858021000-7fb85c000000 ---p 00000000 00:00 0 
7fb85c000000-7fb85c021000 rw-p 00000000 00:00 0 
7fb85c021000-7fb860000000 ---p 00000000 00:00 0 
7fb860000000-7fb860021000 rw-p 00000000 00:00 0 
7fb860021000-7fb864000000 ---p 00000000 00:00 0 
7fb864000000-7fb865285000 rw-p 00000000 00:00 0 
7fb865285000-7fb868000000 ---p 00000000 00:00 0 
7fb868000000-7fb868021000 rw-p 00000000 00:00 0 
7fb868021000-7fb86c000000 ---p 00000000 00:00 0 
7fb86c000000-7fb86c021000 rw-p 00000000 00:00 0 
7fb86c021000-7fb870000000 ---p 00000000 00:00 0 
7fb870000000-7fb870038000 rw-p 00000000 00:00 0 
7fb870038000-7fb874000000 ---p 00000000 00:00 0 
7fb874000000-7fb874021000 rw-p 00000000 00:00 0 
7fb874021000-7fb878000000 ---p 00000000 00:00 0 
7fb879580000-7fb879581000 rw-p 00000000 00:00 0 
7fb879581000-7fb879584000 ---p 00000000 00:00 0 
7fb879584000-7fb879682000 rw-p 00000000 00:00 0 
7fb879682000-7fb879685000 ---p 00000000 00:00 0 
7fb879685000-7fb879783000 rw-p 00000000 00:00 0 
7fb879783000-7fb879786000 ---p 00000000 00:00 0 
7fb879786000-7fb879884000 rw-p 00000000 00:00 0 
7fb879884000-7fb879887000 ---p 00000000 00:00 0 
7fb879887000-7fb879985000 rw-p 00000000 00:00 0 
7fb879985000-7fb879988000 ---p 00000000 00:00 0 
7fb879988000-7fb879a86000 rw-p 00000000 00:00 0 
7fb879a86000-7fb879a89000 ---p 00000000 00:00 0 
7fb879a89000-7fb879b87000 rw-p 00000000 00:00 0 
7fb879b87000-7fb879b8a000 ---p 00000000 00:00 0 
7fb879b8a000-7fb879c88000 rw-p 00000000 00:00 0 
7fb879c88000-7fb879c8b000 ---p 00000000 00:00 0 
7fb879c8b000-7fb879d89000 rw-p 00000000 00:00 0 
7fb879d89000-7fb879d8c000 ---p 00000000 00:00 0 
7fb879d8c000-7fb879e8a000 rw-p 00000000 00:00 0 
7fb879e8a000-7fb879e8d000 ---p 00000000 00:00 0 
7fb879e8d000-7fb879f8b000 rw-p 00000000 00:00 0 
7fb879f8b000-7fb879f8e000 ---p 00000000 00:00 0 
7fb879f8e000-7fb879fc4000 rw-p 00000000 00:00 0                          [stack:12270]
7fb879fc4000-7fb879fc7000 ---p 00000000 00:00 0 
7fb879fc7000-7fb87a0c5000 rw-p 00000000 00:00 0 
7fb87a0c5000-7fb87a0c8000 ---p 00000000 00:00 0 
7fb87a0c8000-7fb87a1c6000 rw-p 00000000 00:00 0 
7fb87a1c6000-7fb87a1c9000 ---p 00000000 00:00 0 
7fb87a1c9000-7fb87a2c7000 rw-p 00000000 00:00 0 
7fb87a2c7000-7fb87a2ca000 ---p 00000000 00:00 0 
7fb87a2ca000-7fb87a300000 rw-p 00000000 00:00 0 
7fb87a300000-7fb87a303000 ---p 00000000 00:00 0 
7fb87a303000-7fb87a401000 rw-p 00000000 00:00 0 
7fb87a401000-7fb87a404000 ---p 00000000 00:00 0 
7fb87a404000-7fb87a43a000 rw-p 00000000 00:00 0 
7fb87a43a000-7fb87a43d000 ---p 00000000 00:00 0 
7fb87a43d000-7fb87a53b000 rw-p 00000000 00:00 0 
7fb87a53b000-7fb87a53e000 ---p 00000000 00:00 0 
7fb87a53e000-7fb87a63c000 rw-p 00000000 00:00 0 
7fb87a63c000-7fb87a63f000 ---p 00000000 00:00 0 
7fb87a63f000-7fb87a73d000 rw-p 00000000 00:00 0 
7fb87a73d000-7fb87a740000 ---p 00000000 00:00 0 
7fb87a740000-7fb87a83e000 rw-p 00000000 00:00 0 
7fb87a83e000-7fb87a841000 ---p 00000000 00:00 0 
7fb87a841000-7fb87a93f000 rw-p 00000000 00:00 0 
7fb87a93f000-7fb87a942000 ---p 00000000 00:00 0 
7fb87a942000-7fb87aa40000 rw-p 00000000 00:00 0 
7fb87aa40000-7fb87aa43000 ---p 00000000 00:00 0 
7fb87aa43000-7fb87ab41000 rw-p 00000000 00:00 0 
7fb87ab41000-7fb87ab44000 ---p 00000000 00:00 0 
7fb87ab44000-7fb87ac42000 rw-p 00000000 00:00 0 
7fb87ac42000-7fb87ac45000 ---p 00000000 00:00 0 
7fb87ac45000-7fb87ad43000 rw-p 00000000 00:00 0                          [stack:12267]
7fb87ad43000-7fb87ad45000 r--s 0000d000 00:18 3550969                    /home/xavier/android-studio/gradle/m2repository/commons-codec/commons-codec/1.4/commons-codec-1.4.jar
7fb87ad45000-7fb87ad47000 r--s 0000d000 00:18 3411351                    /home/xavier/android-studio/gradle/m2repository/commons-logging/commons-logging/1.1.1/commons-logging-1.1.1.jar
7fb87ad47000-7fb87ad4c000 r--s 00028000 00:18 3550561                    /home/xavier/android-studio/gradle/m2repository/org/apache/httpcomponents/httpcore/4.1/httpcore-4.1.jar
7fb87ad4c000-7fb87ad54000 r--s 000a8000 00:18 3550713                    /home/xavier/android-studio/gradle/m2repository/com/android/tools/external/lombok/lombok-ast/0.2.3/lombok-ast-0.2.3.jar
7fb87ad54000-7fb87ad7f000 r--s 001f9000 00:18 3550674                    /home/xavier/android-studio/gradle/m2repository/com/google/guava/guava/17.0/guava-17.0.jar
7fb87ad7f000-7fb87ad86000 r--s 00053000 00:18 3550578                    /home/xavier/android-studio/gradle/m2repository/org/apache/commons/commons-compress/1.8.1/commons-compress-1.8.1.jar
7fb87ad86000-7fb87ad89000 r--s 00012000 00:18 3550730                    /home/xavier/android-studio/gradle/m2repository/com/android/tools/layoutlib/layoutlib-api/24.1.0/layoutlib-api-24.1.0.jar
7fb87ad89000-7fb87ad8b000 r--s 00005000 00:18 3550554                    /home/xavier/android-studio/gradle/m2repository/org/apache/httpcomponents/httpmime/4.1/httpmime-4.1.jar
7fb87ad8b000-7fb87ad93000 r--s 0004e000 00:18 3550570                    /home/xavier/android-studio/gradle/m2repository/org/apache/httpcomponents/httpclient/4.1.1/httpclient-4.1.1.jar
7fb87ad93000-7fb87ad94000 r--s 00005000 00:18 3550747                    /home/xavier/android-studio/gradle/m2repository/com/android/tools/dvlib/24.1.0/dvlib-24.1.0.jar
7fb87ad94000-7fb87ad95000 r--s 0000a000 00:18 3550961                    /home/xavier/android-studio/gradle/m2repository/net/sf/kxml/kxml2/2.3.0/kxml2-2.3.0.jar
7fb87ad95000-7fb87ad96000 r--s 00001000 00:18 3550725                    /home/xavier/android-studio/gradle/m2repository/com/android/tools/annotations/24.1.0/annotations-24.1.0.jar
7fb87ad96000-7fb87ad9b000 r--s 0002a000 00:18 3550667                    /home/xavier/android-studio/gradle/m2repository/com/google/code/gson/gson/2.2.4/gson-2.2.4.jar
7fb87ad9b000-7fb87ad9e000 r--s 0002b000 00:18 3550702                    /home/xavier/android-studio/gradle/m2repository/com/android/tools/lint/lint-api/24.1.0/lint-api-24.1.0.jar
7fb87ad9e000-7fb87ad9f000 r--s 00004000 00:18 3550619                    /home/xavier/android-studio/gradle/m2repository/org/ow2/asm/asm-analysis/5.0.3/asm-analysis-5.0.3.jar
7fb87ad9f000-7fb87adad000 r--s 00081000 00:18 3550596                    /home/xavier/android-studio/gradle/m2repository/org/bouncycastle/bcpkix-jdk15on/1.48/bcpkix-jdk15on-1.48.jar
7fb87adad000-7fb87adae000 r--s 0000c000 00:18 3550631                    /home/xavier/android-studio/gradle/m2repository/org/ow2/asm/asm/5.0.3/asm-5.0.3.jar
7fb87adae000-7fb87adb0000 r--s 00012000 00:18 3550759                    /home/xavier/android-studio/gradle/m2repository/com/android/tools/common/24.1.0/common-24.1.0.jar
7fb87adb0000-7fb87adb9000 r--s 000a9000 00:18 3550903                    /home/xavier/android-studio/gradle/m2repository/com/android/tools/sdklib/24.1.0/sdklib-24.1.0.jar
7fb87adb9000-7fb87adbb000 r--s 00002000 00:18 3550656                    /home/xavier/android-studio/gradle/m2repository/com/squareup/javawriter/2.5.0/javawriter-2.5.0.jar
7fb87adbb000-7fb87adc0000 r--s 00042000 00:18 3550779                    /home/xavier/android-studio/gradle/m2repository/com/android/tools/ddms/ddmlib/24.1.0/ddmlib-24.1.0.jar
7fb87adc0000-7fb87adc2000 r--s 00006000 00:18 3550643                    /home/xavier/android-studio/gradle/m2repository/org/ow2/asm/asm-tree/5.0.3/asm-tree-5.0.3.jar
7fb87adc2000-7fb87adf5000 r--s 00203000 00:18 3550602                    /home/xavier/android-studio/gradle/m2repository/org/bouncycastle/bcprov-jdk15on/1.48/bcprov-jdk15on-1.48.jar
7fb87adf5000-7fb87adf9000 r--s 00029000 00:18 3550885                    /home/xavier/android-studio/gradle/m2repository/com/android/tools/build/manifest-merger/24.1.0/manifest-merger-24.1.0.jar
7fb87adf9000-7fb87ae00000 r--s 0005e000 00:18 3550739                    /home/xavier/android-studio/gradle/m2repository/com/android/tools/sdk-common/24.1.0/sdk-common-24.1.0.jar
7fb87ae00000-7fb87ae10000 r--s 000d3000 00:18 3550925                    /home/xavier/android-studio/gradle/m2repository/net/sf/proguard/proguard-base/5.1/proguard-base-5.1.jar
7fb87ae10000-7fb87ae15000 r--s 00091000 00:18 3550692                    /home/xavier/android-studio/gradle/m2repository/com/android/tools/lint/lint-checks/24.1.0/lint-checks-24.1.0.jar
7fb87ae15000-7fb87ae27000 r--s 00220000 00:18 3549853                    /home/xavier/android-studio/gradle/m2repository/org/eclipse/jdt/core/compiler/ecj/4.4/ecj-4.4.jar
7fb87ae27000-7fb87ae2a000 ---p 00000000 00:00 0 
7fb87ae2a000-7fb87ae60000 rw-p 00000000 00:00 0 
7fb87ae60000-7fb87af1a000 r--s 00fb6000 00:18 1968585                    /home/xavier/.gradle/caches/jars-1/4ubxvm6cvkptn01nmlhp3vxjv7388k/openapi.jar
7fb87af1a000-7fb87af1d000 ---p 00000000 00:00 0 
7fb87af1d000-7fb87b01b000 rw-p 00000000 00:00 0                          [stack:10456]
7fb87b01b000-7fb87b086000 r--s 00e21000 08:01 925688                     /usr/lib/jvm/java-7-oracle/lib/tools.jar
7fb87b086000-7fb87b089000 ---p 00000000 00:00 0 
7fb87b089000-7fb87b187000 rw-p 00000000 00:00 0                          [stack:12264]
7fb87b187000-7fb87b18a000 ---p 00000000 00:00 0 
7fb87b18a000-7fb87b288000 rw-p 00000000 00:00 0                          [stack:12261]
7fb87b288000-7fb87b28b000 ---p 00000000 00:00 0 
7fb87b28b000-7fb87b389000 rw-p 00000000 00:00 0                          [stack:12260]
7fb87b389000-7fb87b38c000 ---p 00000000 00:00 0 
7fb87b38c000-7fb87b48a000 rw-p 00000000 00:00 0                          [stack:12259]
7fb87b48a000-7fb87b48d000 ---p 00000000 00:00 0 
7fb87b48d000-7fb87b58b000 rw-p 00000000 00:00 0                          [stack:12258]
7fb87b58b000-7fb87b58e000 ---p 00000000 00:00 0 
7fb87b58e000-7fb87b68c000 rw-p 00000000 00:00 0                          [stack:10448]
7fb87b68c000-7fb87b6a2000 r-xp 00000000 08:01 790401                     /lib/x86_64-linux-gnu/libgcc_s.so.1
7fb87b6a2000-7fb87b8a1000 ---p 00016000 08:01 790401                     /lib/x86_64-linux-gnu/libgcc_s.so.1
7fb87b8a1000-7fb87b8a2000 rw-p 00015000 08:01 790401                     /lib/x86_64-linux-gnu/libgcc_s.so.1
7fb87b8a2000-7fb87b988000 r-xp 00000000 08:01 6693764                    /usr/lib/x86_64-linux-gnu/libstdc++.so.6.0.19
7fb87b988000-7fb87bb87000 ---p 000e6000 08:01 6693764                    /usr/lib/x86_64-linux-gnu/libstdc++.so.6.0.19
7fb87bb87000-7fb87bb8f000 r--p 000e5000 08:01 6693764                    /usr/lib/x86_64-linux-gnu/libstdc++.so.6.0.19
7fb87bb8f000-7fb87bb91000 rw-p 000ed000 08:01 6693764                    /usr/lib/x86_64-linux-gnu/libstdc++.so.6.0.19
7fb87bb91000-7fb87bba6000 rw-p 00000000 00:00 0 
7fb87bba6000-7fb87bbaa000 r-xp 00000000 08:01 2367761                    /tmp/native-platform2711618847127788127dir/libnative-platform.so
7fb87bbaa000-7fb87bda9000 ---p 00004000 08:01 2367761                    /tmp/native-platform2711618847127788127dir/libnative-platform.so
7fb87bda9000-7fb87bdaa000 rw-p 00003000 08:01 2367761                    /tmp/native-platform2711618847127788127dir/libnative-platform.so
7fb87bdaa000-7fb87bdab000 r--s 00001000 00:18 3411333                    /home/xavier/android-studio/gradle/gradle-2.2.1/lib/plugins/gradle-plugin-development-2.2.1.jar
7fb87bdab000-7fb87bdad000 r--s 00002000 00:18 3407974                    /home/xavier/android-studio/gradle/gradle-2.2.1/lib/plugins/gradle-cunit-2.2.1.jar
7fb87bdad000-7fb87bdb2000 r--s 00036000 00:18 3411322                    /home/xavier/android-studio/gradle/gradle-2.2.1/lib/plugins/gradle-ide-native-2.2.1.jar
7fb87bdb2000-7fb87bdb7000 r--s 00013000 00:18 3408036                    /home/xavier/android-studio/gradle/gradle-2.2.1/lib/plugins/gradle-language-native-2.2.1.jar
7fb87bdb7000-7fb87bdc2000 r--s 0004d000 00:18 3408058                    /home/xavier/android-studio/gradle/gradle-2.2.1/lib/plugins/gradle-platform-native-2.2.1.jar
7fb87bdc2000-7fb87bdc4000 r--s 00008000 00:18 3408010                    /home/xavier/android-studio/gradle/gradle-2.2.1/lib/plugins/gradle-language-groovy-2.2.1.jar
7fb87bdc4000-7fb87bdc5000 r--s 00002000 00:18 3550837                    /home/xavier/android-studio/gradle/m2repository/com/android/tools/build/builder-test-api/1.1.0/builder-test-api-1.1.0.jar
7fb87bdc5000-7fb87bdc7000 r--s 00004000 00:18 3550821                    /home/xavier/android-studio/gradle/m2repository/com/android/tools/build/builder-model/1.1.0/builder-model-1.1.0.jar
7fb87bdc7000-7fb87bdcc000 r--s 00034000 00:18 3550801                    /home/xavier/android-studio/gradle/m2repository/com/android/tools/build/builder/1.1.0/builder-1.1.0.jar
7fb87bdcc000-7fb87bdcd000 r--s 00002000 00:18 3550935                    /home/xavier/android-studio/gradle/m2repository/net/sf/proguard/proguard-gradle/5.1/proguard-gradle-5.1.jar
7fb87bdcd000-7fb87bdcf000 r--s 0001a000 00:18 3550683                    /home/xavier/android-studio/gradle/m2repository/com/android/tools/lint/lint/24.1.0/lint-24.1.0.jar
7fb87bdcf000-7fb87bde0000 r--s 00140000 00:18 3550871                    /home/xavier/android-studio/gradle/m2repository/com/android/tools/build/gradle-core/1.1.0/gradle-core-1.1.0.jar
7fb87bde0000-7fb87bde1000 r--s 00009000 00:18 3550857                    /home/xavier/android-studio/gradle/m2repository/com/android/tools/build/gradle/1.1.0/gradle-1.1.0.jar
7fb87bde1000-7fb87bdeb000 r--s 00253000 08:01 2362462                    /usr/lib/jvm/java-7-oracle/jre/lib/resources.jar
7fb87bdeb000-7fb87bded000 r--s 0001b000 00:18 3554004                    /home/xavier/android-studio/plugins/gradle/lib/gradle-tooling-extension-impl.jar
7fb87bded000-7fb87bdef000 r--s 00005000 00:18 3554026                    /home/xavier/android-studio/plugins/gradle/lib/gradle-tooling-extension-api.jar
7fb87bdef000-7fb87bdf0000 r--p 00000000 00:00 0 
7fb87bdf0000-7fb87bdf2000 r--s 00004000 00:18 1968587                    /home/xavier/.gradle/caches/jars-1/qtven7mi8z3hsfxxq8clnrju24s99pt/builder-model-1.1.0-rc1.jar
7fb87bdf2000-7fb87bdf3000 r--s 00000000 00:18 1968589                    /home/xavier/.gradle/caches/jars-1/dg22azhabc6tsc1i8xni15giz1bnssh/gradle-appengine-builder-model-0.1.0.jar
7fb87bdf3000-7fb87bdf5000 r--s 00005000 00:18 1968583                    /home/xavier/.gradle/caches/jars-1/bhwj5r0qcaq4pqpfen2765w10ydne55/gradle-tooling-extension-api.jar
7fb87bdf5000-7fb87bdfb000 r--s 00026000 00:18 1968581                    /home/xavier/.gradle/caches/jars-1/qlb402qqdb9mu9614i3hr843cfch7zw/gradle-base-services-2.2.jar
7fb87bdfb000-7fb87be23000 r--s 001cf000 00:18 1968579                    /home/xavier/.gradle/caches/jars-1/87eo0lrvp84r6dbxjq018wy66es2era/guava-jdk5-17.0.jar
7fb87be23000-7fb87be2c000 r--s 0002c000 00:18 1968577                    /home/xavier/.gradle/caches/jars-1/ltkluv74baem3ersp41z8rutm6he5v5/gradle-tooling-api-2.2.jar
7fb87be2c000-7fb87be33000 r--s 00000000 08:01 6958569                    /usr/lib/x86_64-linux-gnu/gconv/gconv-modules.cache
7fb87be33000-7fb87be37000 r--s 0008b000 08:01 2362551                    /usr/lib/jvm/java-7-oracle/jre/lib/jsse.jar
7fb87be37000-7fb87be3c000 r--s 00022000 00:18 3411341                    /home/xavier/android-studio/gradle/gradle-2.2.1/lib/plugins/gradle-language-java-2.2.1.jar
7fb87be3c000-7fb87be3f000 r--s 00007000 00:18 3408067                    /home/xavier/android-studio/gradle/gradle-2.2.1/lib/plugins/gradle-language-jvm-2.2.1.jar
7fb87be3f000-7fb87be42000 r--s 00009000 00:18 3408015                    /home/xavier/android-studio/gradle/gradle-2.2.1/lib/plugins/gradle-platform-jvm-2.2.1.jar
7fb87be42000-7fb87be47000 r--s 00018000 00:18 3407979                    /home/xavier/android-studio/gradle/gradle-2.2.1/lib/plugins/gradle-platform-base-2.2.1.jar
7fb87be47000-7fb87be4c000 r--s 00026000 00:18 3411343                    /home/xavier/android-studio/gradle/gradle-2.2.1/lib/plugins/gradle-build-init-2.2.1.jar
7fb87be4c000-7fb87be4f000 r--s 0001d000 00:18 3411323                    /home/xavier/android-studio/gradle/gradle-2.2.1/lib/plugins/gradle-jacoco-2.2.1.jar
7fb87be4f000-7fb87be52000 r--s 0000d000 00:18 3411315                    /home/xavier/android-studio/gradle/gradle-2.2.1/lib/plugins/gradle-ivy-2.2.1.jar
7fb87be52000-7fb87be54000 r--s 00002000 00:18 3411317                    /home/xavier/android-studio/gradle/gradle-2.2.1/lib/plugins/gradle-publish-2.2.1.jar
7fb87be54000-7fb87be56000 r--s 00005000 00:18 3408023                    /home/xavier/android-studio/gradle/gradle-2.2.1/lib/plugins/jatl-0.2.2.jar
7fb87be56000-7fb87be58000 r--s 0000f000 00:18 3408070                    /home/xavier/android-studio/gradle/gradle-2.2.1/lib/plugins/gradle-reporting-2.2.1.jar
7fb87be58000-7fb87be5d000 r--s 00034000 00:18 3411319                    /home/xavier/android-studio/gradle/gradle-2.2.1/lib/plugins/gradle-diagnostics-2.2.1.jar
7fb87be5d000-7fb87be64000 r--s 00090000 00:18 3407985                    /home/xavier/android-studio/gradle/gradle-2.2.1/lib/plugins/gradle-build-comparison-2.2.1.jar
7fb87be64000-7fb87be6b000 r--s 00035000 00:18 3408049                    /home/xavier/android-studio/gradle/gradle-2.2.1/lib/plugins/simple-4.1.21.jar
7fb87be6b000-7fb87be77000 r--s 00100000 00:18 3411331                    /home/xavier/android-studio/gradle/gradle-2.2.1/lib/plugins/rhino-1.7R3.jar
7fb87be77000-7fb87be7c000 r--s 0001f000 00:18 3411318                    /home/xavier/android-studio/gradle/gradle-2.2.1/lib/plugins/gradle-javascript-2.2.1.jar
7fb87be7c000-7fb87be7e000 r--s 0000e000 00:18 3411316                    /home/xavier/android-studio/gradle/gradle-2.2.1/lib/plugins/gradle-ear-2.2.1.jar
7fb87be7e000-7fb87be82000 r--s 00025000 00:18 3407973                    /home/xavier/android-studio/gradle/gradle-2.2.1/lib/plugins/bcpg-jdk15-1.46.jar
7fb87be82000-7fb87be85000 r--s 0001d000 00:18 3407989                    /home/xavier/android-studio/gradle/gradle-2.2.1/lib/plugins/gradle-signing-2.2.1.jar
7fb87be85000-7fb87be88000 r--s 00018000 00:18 3408032                    /home/xavier/android-studio/gradle/gradle-2.2.1/lib/plugins/gradle-sonar-2.2.1.jar
7fb87be88000-7fb87be8b000 r--s 00017000 00:18 3408008                    /home/xavier/android-studio/gradle/gradle-2.2.1/lib/plugins/gradle-scala-2.2.1.jar
7fb87be8b000-7fb87be8d000 r--s 0000e000 00:18 3408019                    /home/xavier/android-studio/gradle/gradle-2.2.1/lib/plugins/gradle-announce-2.2.1.jar
7fb87be8d000-7fb87be9b000 r--s 000bc000 00:18 3407980                    /home/xavier/android-studio/gradle/gradle-2.2.1/lib/plugins/gradle-ide-2.2.1.jar
7fb87be9b000-7fb87be9d000 r--s 00000000 00:18 3411324                    /home/xavier/android-studio/gradle/gradle-2.2.1/lib/plugins/plexus-component-annotations-1.5.2.jar
7fb87be9d000-7fb87bea0000 r--s 0000c000 00:18 3408017                    /home/xavier/android-studio/gradle/gradle-2.2.1/lib/plugins/pmaven-groovy-0.8-20100325.jar
7fb87bea0000-7fb87bea2000 r--s 0001f000 00:18 3408014                    /home/xavier/android-studio/gradle/gradle-2.2.1/lib/plugins/servlet-api-2.5-20081211.jar
7fb87bea2000-7fb87bea3000 r--s 00002000 00:18 3407962                    /home/xavier/android-studio/gradle/gradle-2.2.1/lib/plugins/sonar-batch-bootstrapper-2.9.jar
7fb87bea3000-7fb87bea4000 r--s 00004000 00:18 3408051                    /home/xavier/android-studio/gradle/gradle-2.2.1/lib/plugins/pmaven-common-0.8-20100325.jar
7fb87bea4000-7fb87bea8000 r--s 0001e000 00:18 3408045                    /home/xavier/android-studio/gradle/gradle-2.2.1/lib/plugins/gradle-maven-2.2.1.jar
7fb87bea8000-7fb87bec0000 r--s 0013b000 00:18 3411335                    /home/xavier/android-studio/gradle/gradle-2.2.1/lib/plugins/bndlib-2.1.0.jar
7fb87bec0000-7fb87bec2000 r--s 00004000 00:18 3407995                    /home/xavier/android-studio/gradle/gradle-2.2.1/lib/plugins/gradle-osgi-2.2.1.jar
7fb87bec2000-7fb87bec7000 r--s 00068000 00:18 3408047                    /home/xavier/android-studio/gradle/gradle-2.2.1/lib/plugins/antlr-2.7.7.jar
7fb87bec7000-7fb87bec8000 r--s 00002000 00:18 3411330                    /home/xavier/android-studio/gradle/gradle-2.2.1/lib/plugins/ant-antlr-1.9.3.jar
7fb87bec8000-7fb87beca000 r--s 00004000 00:18 3411321                    /home/xavier/android-studio/gradle/gradle-2.2.1/lib/plugins/gradle-antlr-2.2.1.jar
7fb87beca000-7fb87becd000 r--s 0001e000 00:18 3408039                    /home/xavier/android-studio/gradle/gradle-2.2.1/lib/plugins/jsp-api-2.1-6.1.14.jar
7fb87becd000-7fb87bef0000 r--s 00344000 00:18 3411325                    /home/xavier/android-studio/gradle/gradle-2.2.1/lib/plugins/core-3.1.1.jar
7fb87bef0000-7fb87bef1000 r--s 00006000 00:18 3411344                    /home/xavier/android-studio/gradle/gradle-2.2.1/lib/plugins/jetty-naming-6.1.25.jar
7fb87bef1000-7fb87bef2000 r--s 00002000 00:18 3408004                    /home/xavier/android-studio/gradle/gradle-2.2.1/lib/plugins/geronimo-annotation_1.0_spec-1.0.jar
7fb87bef2000-7fb87bef4000 r--s 00002000 00:18 3408026                    /home/xavier/android-studio/gradle/gradle-2.2.1/lib/plugins/jetty-annotations-6.1.25.jar
7fb87bef4000-7fb87bf05000 r--s 000ea000 00:18 3408060                    /home/xavier/android-studio/gradle/gradle-2.2.1/lib/plugins/jsp-2.1-6.1.14.jar
7fb87bf05000-7fb87bf07000 r--s 0000d000 00:18 3407977                    /home/xavier/android-studio/gradle/gradle-2.2.1/lib/plugins/jetty-plus-6.1.25.jar
7fb87bf07000-7fb87bf0b000 r--s 00028000 00:18 3407963                    /home/xavier/android-studio/gradle/gradle-2.2.1/lib/plugins/jetty-util-6.1.25.jar
7fb87bf0b000-7fb87bf12000 r--s 0007d000 00:18 3408064                    /home/xavier/android-studio/gradle/gradle-2.2.1/lib/plugins/jetty-6.1.25.jar
7fb87bf12000-7fb87bf14000 r--s 00009000 00:18 3407994                    /home/xavier/android-studio/gradle/gradle-2.2.1/lib/plugins/gradle-jetty-2.2.1.jar
7fb87bf14000-7fb87bf19000 r--s 00041000 00:18 3407999                    /home/xavier/android-studio/gradle/gradle-2.2.1/lib/plugins/gradle-code-quality-2.2.1.jar
7fb87bf19000-7fb87bf1b000 r--s 00009000 00:18 3408006                    /home/xavier/android-studio/gradle/gradle-2.2.1/lib/plugins/hamcrest-core-1.3.jar
7fb87bf1b000-7fb87bf21000 r--s 00033000 00:18 3408068                    /home/xavier/android-studio/gradle/gradle-2.2.1/lib/plugins/snakeyaml-1.6.jar
7fb87bf21000-7fb87bf23000 r--s 00006000 00:18 3407982                    /home/xavier/android-studio/gradle/gradle-2.2.1/lib/plugins/jcommander-1.12.jar
7fb87bf23000-7fb87bf28000 r--s 00040000 00:18 3411320                    /home/xavier/android-studio/gradle/gradle-2.2.1/lib/plugins/bsh-2.0b4.jar
7fb87bf28000-7fb87bf2a000 r--s 00009000 00:18 3407970                    /home/xavier/android-studio/gradle/gradle-2.2.1/lib/plugins/commons-cli-1.2.jar
7fb87bf2a000-7fb87bf33000 r--s 00089000 00:18 3408000                    /home/xavier/android-studio/gradle/gradle-2.2.1/lib/plugins/testng-6.3.1.jar
7fb87bf33000-7fb87bf39000 r--s 00036000 00:18 3408041                    /home/xavier/android-studio/gradle/gradle-2.2.1/lib/plugins/junit-4.11.jar
7fb87bf39000-7fb87bf45000 r--s 00075000 00:18 3407991                    /home/xavier/android-studio/gradle/gradle-2.2.1/lib/plugins/gradle-plugins-2.2.1.jar
7fb87bf45000-7fb87bf48000 r--s 00011000 00:18 3407965                    /home/xavier/android-studio/gradle/gradle-2.2.1/lib/plugins/gradle-plugin-use-2.2.1.jar
7fb87bf48000-7fb87bf60000 r--s 00115000 00:18 3408055                    /home/xavier/android-studio/gradle/gradle-2.2.1/lib/plugins/xercesImpl-2.9.1.jar
7fb87bf60000-7fb87bf68000 r--s 00028000 00:18 3408028                    /home/xavier/android-studio/gradle/gradle-2.2.1/lib/plugins/xml-apis-1.3.04.jar
7fb87bf68000-7fb87bf6e000 r--s 0005b000 00:18 3407968                    /home/xavier/android-studio/gradle/gradle-2.2.1/lib/plugins/jcifs-1.3.17.jar
7fb87bf6e000-7fb87bf74000 r--s 00031000 00:18 3407983                    /home/xavier/android-studio/gradle/gradle-2.2.1/lib/plugins/httpcore-4.2.2.jar
7fb87bf74000-7fb87bf7a000 r--s 00033000 00:18 3407967                    /home/xavier/android-studio/gradle/gradle-2.2.1/lib/plugins/commons-codec-1.6.jar
7fb87bf7a000-7fb87bf7d000 r--s 0001c000 00:18 3411339                    /home/xavier/android-studio/gradle/gradle-2.2.1/lib/plugins/nekohtml-1.9.14.jar
7fb87bf7d000-7fb87bf86000 r--s 00060000 00:18 3408002                    /home/xavier/android-studio/gradle/gradle-2.2.1/lib/plugins/httpclient-4.2.2.jar
7fb87bf86000-7fb87bf88000 r--s 00007000 00:18 3411329                    /home/xavier/android-studio/gradle/gradle-2.2.1/lib/plugins/gradle-resources-http-2.2.1.jar
7fb87bf88000-7fb87bfb0000 r--s 00194000 00:18 3408025                    /home/xavier/android-studio/gradle/gradle-2.2.1/lib/plugins/bcprov-jdk15-1.46.jar
7fb87bfb0000-7fb87bfb4000 r--s 0001d000 00:18 3411326                    /home/xavier/android-studio/gradle/gradle-2.2.1/lib/plugins/xbean-reflect-3.4.jar
7fb87bfb4000-7fb87bfb9000 r--s 0002a000 00:18 3411336                    /home/xavier/android-studio/gradle/gradle-2.2.1/lib/plugins/gson-2.2.4.jar
7fb87bfb9000-7fb87bfbd000 r--s 0003d000 00:18 3408034                    /home/xavier/android-studio/gradle/gradle-2.2.1/lib/plugins/jsch-0.1.51.jar
7fb87bfbd000-7fb87bfd6000 r--s 00129000 00:18 3411332                    /home/xavier/android-studio/gradle/gradle-2.2.1/lib/plugins/maven-ant-tasks-2.1.3.jar
7fb87bfd6000-7fb87bfe5000 r--s 000d9000 00:18 3411314                    /home/xavier/android-studio/gradle/gradle-2.2.1/lib/plugins/ivy-2.2.0.jar
7fb87bfe5000-7fb87bfe9000 r--s 0001e000 00:18 3408030                    /home/xavier/android-studio/gradle/gradle-2.2.1/lib/plugins/jarjar-aether-impl-1.13.1.jar
7fb87bfe9000-7fb87bfec000 r--s 00027000 00:18 3408037                    /home/xavier/android-studio/gradle/gradle-2.2.1/lib/plugins/jarjar-maven-model-3.0.4.jar
7fb87bfec000-7fb87bfef000 r--s 0000b000 00:18 3408022                    /home/xavier/android-studio/gradle/gradle-2.2.1/lib/plugins/jarjar-maven-artifact-3.0.4.jar
7fb87bfef000-7fb87bff3000 r--s 0001e000 00:18 3407988                    /home/xavier/android-studio/gradle/gradle-2.2.1/lib/plugins/jarjar-aether-util-1.13.1.jar
7fb87bff3000-7fb87c000000 r--s 00083000 00:18 3407986                    /home/xavier/android-studio/gradle/gradle-2.2.1/lib/plugins/jarjar-maven-core-3.0.4.jar
7fb87c000000-7fb87c021000 rw-p 00000000 00:00 0 
7fb87c021000-7fb880000000 ---p 00000000 00:00 0 
7fb880000000-7fb881a22000 rw-p 00000000 00:00 0 
7fb881a22000-7fb884000000 ---p 00000000 00:00 0 
7fb884000000-7fb885aa2000 rw-p 00000000 00:00 0 
7fb885aa2000-7fb888000000 ---p 00000000 00:00 0 
7fb888000000-7fb888021000 rw-p 00000000 00:00 0 
7fb888021000-7fb88c000000 ---p 00000000 00:00 0 
7fb88c000000-7fb88c021000 rw-p 00000000 00:00 0 
7fb88c021000-7fb890000000 ---p 00000000 00:00 0 
7fb890000000-7fb890282000 rw-p 00000000 00:00 0 
7fb890282000-7fb894000000 ---p 00000000 00:00 0 
7fb894000000-7fb894021000 rw-p 00000000 00:00 0 
7fb894021000-7fb898000000 ---p 00000000 00:00 0 
7fb898000000-7fb89803b000 rw-p 00000000 00:00 0 
7fb89803b000-7fb89c000000 ---p 00000000 00:00 0 
7fb89c000000-7fb89c028000 rw-p 00000000 00:00 0 
7fb89c028000-7fb8a0000000 ---p 00000000 00:00 0 
7fb8a0000000-7fb8a002c000 rw-p 00000000 00:00 0 
7fb8a002c000-7fb8a4000000 ---p 00000000 00:00 0 
7fb8a4000000-7fb8a4002000 r--s 00007000 00:18 3411337                    /home/xavier/android-studio/gradle/gradle-2.2.1/lib/plugins/jarjar-wagon-http-shared4-2.4.jar
7fb8a4002000-7fb8a4004000 r--s 00003000 00:18 3408071                    /home/xavier/android-studio/gradle/gradle-2.2.1/lib/plugins/jarjar-aether-spi-1.13.1.jar
7fb8a4004000-7fb8a4006000 r--s 00009000 00:18 3408053                    /home/xavier/android-studio/gradle/gradle-2.2.1/lib/plugins/jarjar-maven-settings-builder-3.0.4.jar
7fb8a4006000-7fb8a400a000 r--s 00014000 00:18 3408012                    /home/xavier/android-studio/gradle/gradle-2.2.1/lib/plugins/jarjar-aether-api-1.13.1.jar
7fb8a400a000-7fb8a400b000 r--s 00002000 00:18 3411327                    /home/xavier/android-studio/gradle/gradle-2.2.1/lib/plugins/jarjar-wagon-http-2.4.jar
7fb8a400b000-7fb8a4012000 r--s 00042000 00:18 3407992                    /home/xavier/android-studio/gradle/gradle-2.2.1/lib/plugins/jarjar-maven-compat-3.0.4.jar
7fb8a4012000-7fb8a4014000 r--s 00006000 00:18 3408020                    /home/xavier/android-studio/gradle/gradle-2.2.1/lib/plugins/jarjar-aether-connector-wagon-1.13.1.jar
7fb8a4014000-7fb8a4016000 r--s 00000000 00:18 3407997                    /home/xavier/android-studio/gradle/gradle-2.2.1/lib/plugins/jarjar-plexus-component-annotations-1.5.5.jar
7fb8a4016000-7fb8a4018000 r--s 00006000 00:18 3407976                    /home/xavier/android-studio/gradle/gradle-2.2.1/lib/plugins/jarjar-plexus-sec-dispatcher-1.3.jar
7fb8a4018000-7fb8a401d000 r--s 00022000 00:18 3411328                    /home/xavier/android-studio/gradle/gradle-2.2.1/lib/plugins/jarjar-maven-model-builder-3.0.4.jar
7fb8a401d000-7fb8a401f000 r--s 0000b000 00:18 3408044                    /home/xavier/android-studio/gradle/gradle-2.2.1/lib/plugins/jarjar-maven-plugin-api-3.0.4.jar
7fb8a401f000-7fb8a4022000 r--s 0000a000 00:18 3407971                    /home/xavier/android-studio/gradle/gradle-2.2.1/lib/plugins/jarjar-plexus-classworlds-2.4.jar
7fb8a4022000-7fb8a4026000 r--s 00035000 00:18 3411338                    /home/xavier/android-studio/gradle/gradle-2.2.1/lib/plugins/jarjar-plexus-utils-2.0.6.jar
7fb8a4026000-7fb8a4028000 r--s 0000e000 00:18 3411340                    /home/xavier/android-studio/gradle/gradle-2.2.1/lib/plugins/jarjar-plexus-interpolation-1.14.jar
7fb8a4028000-7fb8a402a000 r--s 00002000 00:18 3408031                    /home/xavier/android-studio/gradle/gradle-2.2.1/lib/plugins/jarjar-plexus-cipher-1.7.jar
7fb8a402a000-7fb8a402c000 r--s 0000c000 00:18 3411334                    /home/xavier/android-studio/gradle/gradle-2.2.1/lib/plugins/jarjar-wagon-provider-api-2.4.jar
7fb8a402c000-7fb8a402e000 r--s 0000d000 00:18 3411342                    /home/xavier/android-studio/gradle/gradle-2.2.1/lib/plugins/jarjar-maven-aether-provider-3.0.4.jar
7fb8a402e000-7fb8a4036000 r--s 00031000 00:18 3408065                    /home/xavier/android-studio/gradle/gradle-2.2.1/lib/plugins/jarjar-plexus-container-default-1.5.5.jar
7fb8a4036000-7fb8a4037000 r--s 00007000 00:18 3408042                    /home/xavier/android-studio/gradle/gradle-2.2.1/lib/plugins/jarjar-maven-repository-metadata-3.0.4.jar
7fb8a4037000-7fb8a4038000 r--s 0000b000 00:18 3408062                    /home/xavier/android-studio/gradle/gradle-2.2.1/lib/plugins/jarjar-maven-settings-3.0.4.jar
7fb8a4038000-7fb8a4050000 r--s 000b5000 00:18 3408056                    /home/xavier/android-studio/gradle/gradle-2.2.1/lib/plugins/gradle-dependency-management-2.2.1.jar
7fb8a4050000-7fb8a4060000 r-xp 00000000 08:01 2761323                    /usr/lib/jvm/java-7-oracle/jre/lib/amd64/libnio.so
7fb8a4060000-7fb8a4260000 ---p 00010000 08:01 2761323                    /usr/lib/jvm/java-7-oracle/jre/lib/amd64/libnio.so
7fb8a4260000-7fb8a4261000 rw-p 00010000 08:01 2761323                    /usr/lib/jvm/java-7-oracle/jre/lib/amd64/libnio.so
7fb8a4261000-7fb8a4262000 r--p 00000000 08:01 284402                     /usr/share/locale-langpack/en_GB/LC_MESSAGES/libc.mo
7fb8a4262000-7fb8a4293000 rw-p 00000000 00:00 0 
7fb8a4293000-7fb8a42aa000 r-xp 00000000 08:01 2761330                    /usr/lib/jvm/java-7-oracle/jre/lib/amd64/libnet.so
7fb8a42aa000-7fb8a44a9000 ---p 00017000 08:01 2761330                    /usr/lib/jvm/java-7-oracle/jre/lib/amd64/libnet.so
7fb8a44a9000-7fb8a44aa000 rw-p 00016000 08:01 2761330                    /usr/lib/jvm/java-7-oracle/jre/lib/amd64/libnet.so
7fb8a44aa000-7fb8a44ab000 r--s 00005000 00:18 3407928                    /home/xavier/android-studio/gradle/gradle-2.2.1/lib/gradle-wrapper-2.2.1.jar
7fb8a44ab000-7fb8a44b4000 r--s 0002c000 00:18 3407935                    /home/xavier/android-studio/gradle/gradle-2.2.1/lib/gradle-tooling-api-2.2.1.jar
7fb8a44b4000-7fb8a44b6000 r--s 00002000 00:18 3407950                    /home/xavier/android-studio/gradle/gradle-2.2.1/lib/gradle-open-api-2.2.1.jar
7fb8a44b6000-7fb8a44bc000 r--s 00032000 00:18 3407939                    /home/xavier/android-studio/gradle/gradle-2.2.1/lib/jaxen-1.1.jar
7fb8a44bc000-7fb8a44c1000 r--s 00048000 00:18 3407889                    /home/xavier/android-studio/gradle/gradle-2.2.1/lib/dom4j-1.6.1.jar
7fb8a44c1000-7fb8a44cc000 r--s 00059000 00:18 3407954                    /home/xavier/android-studio/gradle/gradle-2.2.1/lib/gradle-ui-2.2.1.jar
7fb8a44cc000-7fb8a44ce000 r--s 00006000 00:18 3407895                    /home/xavier/android-studio/gradle/gradle-2.2.1/lib/gradle-resources-2.2.1.jar
7fb8a44ce000-7fb8a44d0000 r--s 00007000 00:18 3407942                    /home/xavier/android-studio/gradle/gradle-2.2.1/lib/objenesis-1.2.jar
7fb8a44d0000-7fb8a44d2000 r--s 00000000 00:18 3407944                    /home/xavier/android-studio/gradle/gradle-2.2.1/lib/minlog-1.2.jar
7fb8a44d2000-7fb8a44d4000 r--s 0000f000 00:18 3407951                    /home/xavier/android-studio/gradle/gradle-2.2.1/lib/reflectasm-1.07-shaded.jar
7fb8a44d4000-7fb8a44d8000 r--s 00026000 00:18 3411345                    /home/xavier/android-studio/gradle/gradle-2.2.1/lib/kryo-2.20.jar
7fb8a44d8000-7fb8a44e1000 r--s 00039000 00:18 3407938                    /home/xavier/android-studio/gradle/gradle-2.2.1/lib/gradle-messaging-2.2.1.jar
7fb8a44e1000-7fb8a44e2000 r--s 00003000 00:18 3407957                    /home/xavier/android-studio/gradle/gradle-2.2.1/lib/native-platform-freebsd-amd64-0.10.jar
7fb8a44e2000-7fb8a44e3000 r--s 00003000 00:18 3407931                    /home/xavier/android-studio/gradle/gradle-2.2.1/lib/native-platform-freebsd-i386-0.10.jar
7fb8a44e3000-7fb8a44e4000 r--s 00005000 00:18 3407937                    /home/xavier/android-studio/gradle/gradle-2.2.1/lib/native-platform-windows-i386-0.10.jar
7fb8a44e4000-7fb8a44e5000 r--s 00005000 00:18 3407881                    /home/xavier/android-studio/gradle/gradle-2.2.1/lib/native-platform-windows-amd64-0.10.jar
7fb8a44e5000-7fb8a44e6000 r--s 00003000 00:18 3407887                    /home/xavier/android-studio/gradle/gradle-2.2.1/lib/native-platform-linux-i386-0.10.jar
7fb8a44e6000-7fb8a44e7000 r--s 00003000 00:18 3407902                    /home/xavier/android-studio/gradle/gradle-2.2.1/lib/native-platform-linux-amd64-0.10.jar
7fb8a44e7000-7fb8a44e8000 r--s 00002000 00:18 3411346                    /home/xavier/android-studio/gradle/gradle-2.2.1/lib/native-platform-osx-amd64-0.10.jar
7fb8a44e8000-7fb8a44e9000 r--s 00002000 00:18 3407925                    /home/xavier/android-studio/gradle/gradle-2.2.1/lib/native-platform-osx-i386-0.10.jar
7fb8a44e9000-7fb8a44eb000 r--s 00008000 00:18 3407923                    /home/xavier/android-studio/gradle/gradle-2.2.1/lib/jansi-1.2.1.jar
7fb8a44eb000-7fb8a44ee000 r--s 0000d000 00:18 3407945                    /home/xavier/android-studio/gradle/gradle-2.2.1/lib/native-platform-0.10.jar
7fb8a44ee000-7fb8a44f2000 r--s 000e4000 00:18 3407885                    /home/xavier/android-studio/gradle/gradle-2.2.1/lib/jna-3.2.7.jar
7fb8a44f2000-7fb8a44f4000 r--s 00008000 00:18 3407922                    /home/xavier/android-studio/gradle/gradle-2.2.1/lib/gradle-native-2.2.1.jar
7fb8a44f4000-7fb8a44f6000 r--s 00005000 00:18 3407956                    /home/xavier/android-studio/gradle/gradle-2.2.1/lib/gradle-cli-2.2.1.jar
7fb8a44f6000-7fb8a44f8000 r--s 00003000 00:18 3407898                    /home/xavier/android-studio/gradle/gradle-2.2.1/lib/gradle-base-services-groovy-2.2.1.jar
7fb8a44f8000-7fb8a44fa000 r--s 0000a000 00:18 3407914                    /home/xavier/android-studio/gradle/gradle-2.2.1/lib/gradle-model-groovy-2.2.1.jar
7fb8a44fa000-7fb8a44fe000 r--s 0001b000 00:18 3407906                    /home/xavier/android-studio/gradle/gradle-2.2.1/lib/gradle-model-core-2.2.1.jar
7fb8a44fe000-7fb8a44ff000 r--s 00000000 00:18 3407929                    /home/xavier/android-studio/gradle/gradle-2.2.1/lib/gradle-docs-2.2.1.jar
7fb8a44ff000-7fb8a4501000 r--s 00003000 00:18 3407900                    /home/xavier/android-studio/gradle/gradle-2.2.1/lib/jcl-over-slf4j-1.7.7.jar
7fb8a4501000-7fb8a4502000 r--s 00005000 00:18 3407947                    /home/xavier/android-studio/gradle/gradle-2.2.1/lib/log4j-over-slf4j-1.7.7.jar
7fb8a4502000-7fb8a4503000 r--s 00000000 00:18 3407934                    /home/xavier/android-studio/gradle/gradle-2.2.1/lib/javax.inject-1.jar
7fb8a4503000-7fb8a4506000 r--s 0001b000 00:18 3407904                    /home/xavier/android-studio/gradle/gradle-2.2.1/lib/jarjar-1.3.jar
7fb8a4506000-7fb8a4508000 r--s 00000000 00:18 3407941                    /home/xavier/android-studio/gradle/gradle-2.2.1/lib/jul-to-slf4j-1.7.7.jar
7fb8a4508000-7fb8a450e000 r--s 0003b000 00:18 3407893                    /home/xavier/android-studio/gradle/gradle-2.2.1/lib/logback-classic-1.0.13.jar
7fb8a450e000-7fb8a4518000 r--s 0005d000 00:18 3407912                    /home/xavier/android-studio/gradle/gradle-2.2.1/lib/logback-core-1.0.13.jar
7fb8a4518000-7fb8a4583000 r--s 00685000 00:18 3407883                    /home/xavier/android-studio/gradle/gradle-2.2.1/lib/groovy-all-2.3.6.jar
7fb8a4583000-7fb8a45ab000 r--s 001cf000 00:18 3407918                    /home/xavier/android-studio/gradle/gradle-2.2.1/lib/guava-jdk5-17.0.jar
7fb8a45ab000-7fb8a45ca000 r--s 001cc000 00:18 3407897                    /home/xavier/android-studio/gradle/gradle-2.2.1/lib/ant-1.9.3.jar
7fb8a45ca000-7fb8a45cb000 ---p 00000000 00:00 0 
7fb8a45cb000-7fb8a46cb000 rw-p 00000000 00:00 0                          [stack:10445]
7fb8a46cb000-7fb8a46ce000 ---p 00000000 00:00 0 
7fb8a46ce000-7fb8a47cc000 rw-p 00000000 00:00 0                          [stack:10444]
7fb8a47cc000-7fb8a47cf000 ---p 00000000 00:00 0 
7fb8a47cf000-7fb8a48cd000 rw-p 00000000 00:00 0                          [stack:10443]
7fb8a48cd000-7fb8a48d0000 ---p 00000000 00:00 0 
7fb8a48d0000-7fb8a49ce000 rw-p 00000000 00:00 0                          [stack:10442]
7fb8a49ce000-7fb8a49d1000 ---p 00000000 00:00 0 
7fb8a49d1000-7fb8a4acf000 rw-p 00000000 00:00 0                          [stack:10441]
7fb8a4acf000-7fb8a51fa000 r--p 00000000 08:01 6691832                    /usr/lib/locale/locale-archive
7fb8a51fa000-7fb8a51fd000 ---p 00000000 00:00 0 
7fb8a51fd000-7fb8a52fb000 rw-p 00000000 00:00 0                          [stack:10440]
7fb8a52fb000-7fb8a52fe000 ---p 00000000 00:00 0 
7fb8a52fe000-7fb8a53fc000 rw-p 00000000 00:00 0                          [stack:10439]
7fb8a53fc000-7fb8a53fd000 ---p 00000000 00:00 0 
7fb8a53fd000-7fb8a8000000 rw-p 00000000 00:00 0                          [stack:10438]
7fb8a8000000-7fb8a8030000 rw-p 00000000 00:00 0 
7fb8a8030000-7fb8ac000000 ---p 00000000 00:00 0 
7fb8ac000000-7fb8ac031000 r--s 00191000 00:18 3407908                    /home/xavier/android-studio/gradle/gradle-2.2.1/lib/gradle-core-2.2.1.jar
7fb8ac031000-7fb8acbc0000 rw-p 00000000 00:00 0 
7fb8acbc0000-7fb8acd80000 r--s 039fb000 08:01 2362465                    /usr/lib/jvm/java-7-oracle/jre/lib/rt.jar
7fb8acd80000-7fb8ad000000 rw-p 00000000 00:00 0 
7fb8ad000000-7fb8ad760000 rwxp 00000000 00:00 0 
7fb8ad760000-7fb8b09d3000 rw-p 00000000 00:00 0 
7fb8b09d3000-7fb8b4000000 ---p 00000000 00:00 0 
7fb8b4000000-7fb8b4005000 r--s 00041000 00:18 3407891                    /home/xavier/android-studio/gradle/gradle-2.2.1/lib/commons-lang-2.6.jar
7fb8b4005000-7fb8b4013000 r--s 0007f000 00:18 3407948                    /home/xavier/android-studio/gradle/gradle-2.2.1/lib/commons-collections-3.2.1.jar
7fb8b4013000-7fb8b4018000 r--s 00036000 00:18 3407932                    /home/xavier/android-studio/gradle/gradle-2.2.1/lib/asm-all-5.0.3.jar
7fb8b4018000-7fb8b427e000 rw-p 00000000 00:00 0 
7fb8b427e000-7fb8b427f000 ---p 00000000 00:00 0 
7fb8b427f000-7fb8b437f000 rw-p 00000000 00:00 0                          [stack:10437]
7fb8b437f000-7fb8b4380000 ---p 00000000 00:00 0 
7fb8b4380000-7fb8b4480000 rw-p 00000000 00:00 0                          [stack:10436]
7fb8b4480000-7fb8b4481000 ---p 00000000 00:00 0 
7fb8b4481000-7fb8b4581000 rw-p 00000000 00:00 0                          [stack:10435]
7fb8b4581000-7fb8b4582000 ---p 00000000 00:00 0 
7fb8b4582000-7fb8b46be000 rw-p 00000000 00:00 0                          [stack:10434]
7fb8b46be000-7fb8b4702000 rw-p 00000000 00:00 0 
7fb8b4702000-7fb8b4741000 rw-p 00000000 00:00 0 
7fb8b4741000-7fb8b4858000 rw-p 00000000 00:00 0 
7fb8b4858000-7fb8b4894000 rw-p 00000000 00:00 0 
7fb8b4894000-7fb8b48d8000 rw-p 00000000 00:00 0 
7fb8b48d8000-7fb8b4917000 rw-p 00000000 00:00 0 
7fb8b4917000-7fb8b4a2d000 rw-p 00000000 00:00 0 
7fb8b4a2d000-7fb8b4ad8000 rw-p 00000000 00:00 0 
7fb8b4ad8000-7fb8b4ad9000 rw-p 00000000 00:00 0 
7fb8b4ad9000-7fb8b4af0000 r-xp 00000000 08:01 2761326                    /usr/lib/jvm/java-7-oracle/jre/lib/amd64/libzip.so
7fb8b4af0000-7fb8b4cf0000 ---p 00017000 08:01 2761326                    /usr/lib/jvm/java-7-oracle/jre/lib/amd64/libzip.so
7fb8b4cf0000-7fb8b4cf1000 rw-p 00017000 08:01 2761326                    /usr/lib/jvm/java-7-oracle/jre/lib/amd64/libzip.so
7fb8b4cf1000-7fb8b4cfc000 r-xp 00000000 08:01 789640                     /lib/x86_64-linux-gnu/libnss_files-2.19.so
7fb8b4cfc000-7fb8b4efb000 ---p 0000b000 08:01 789640                     /lib/x86_64-linux-gnu/libnss_files-2.19.so
7fb8b4efb000-7fb8b4efc000 r--p 0000a000 08:01 789640                     /lib/x86_64-linux-gnu/libnss_files-2.19.so
7fb8b4efc000-7fb8b4efd000 rw-p 0000b000 08:01 789640                     /lib/x86_64-linux-gnu/libnss_files-2.19.so
7fb8b4efd000-7fb8b4f08000 r-xp 00000000 08:01 789669                     /lib/x86_64-linux-gnu/libnss_nis-2.19.so
7fb8b4f08000-7fb8b5107000 ---p 0000b000 08:01 789669                     /lib/x86_64-linux-gnu/libnss_nis-2.19.so
7fb8b5107000-7fb8b5108000 r--p 0000a000 08:01 789669                     /lib/x86_64-linux-gnu/libnss_nis-2.19.so
7fb8b5108000-7fb8b5109000 rw-p 0000b000 08:01 789669                     /lib/x86_64-linux-gnu/libnss_nis-2.19.so
7fb8b5109000-7fb8b5120000 r-xp 00000000 08:01 789656                     /lib/x86_64-linux-gnu/libnsl-2.19.so
7fb8b5120000-7fb8b531f000 ---p 00017000 08:01 789656                     /lib/x86_64-linux-gnu/libnsl-2.19.so
7fb8b531f000-7fb8b5320000 r--p 00016000 08:01 789656                     /lib/x86_64-linux-gnu/libnsl-2.19.so
7fb8b5320000-7fb8b5321000 rw-p 00017000 08:01 789656                     /lib/x86_64-linux-gnu/libnsl-2.19.so
7fb8b5321000-7fb8b5323000 rw-p 00000000 00:00 0 
7fb8b5323000-7fb8b532c000 r-xp 00000000 08:01 789650                     /lib/x86_64-linux-gnu/libnss_compat-2.19.so
7fb8b532c000-7fb8b552b000 ---p 00009000 08:01 789650                     /lib/x86_64-linux-gnu/libnss_compat-2.19.so
7fb8b552b000-7fb8b552c000 r--p 00008000 08:01 789650                     /lib/x86_64-linux-gnu/libnss_compat-2.19.so
7fb8b552c000-7fb8b552d000 rw-p 00009000 08:01 789650                     /lib/x86_64-linux-gnu/libnss_compat-2.19.so
7fb8b552d000-7fb8b5556000 r-xp 00000000 08:01 2761335                    /usr/lib/jvm/java-7-oracle/jre/lib/amd64/libjava.so
7fb8b5556000-7fb8b5756000 ---p 00029000 08:01 2761335                    /usr/lib/jvm/java-7-oracle/jre/lib/amd64/libjava.so
7fb8b5756000-7fb8b5758000 rw-p 00029000 08:01 2761335                    /usr/lib/jvm/java-7-oracle/jre/lib/amd64/libjava.so
7fb8b5758000-7fb8b5765000 r-xp 00000000 08:01 2761329                    /usr/lib/jvm/java-7-oracle/jre/lib/amd64/libverify.so
7fb8b5765000-7fb8b5964000 ---p 0000d000 08:01 2761329                    /usr/lib/jvm/java-7-oracle/jre/lib/amd64/libverify.so
7fb8b5964000-7fb8b5966000 rw-p 0000c000 08:01 2761329                    /usr/lib/jvm/java-7-oracle/jre/lib/amd64/libverify.so
7fb8b5966000-7fb8b596d000 r-xp 00000000 08:01 789665                     /lib/x86_64-linux-gnu/librt-2.19.so
7fb8b596d000-7fb8b5b6c000 ---p 00007000 08:01 789665                     /lib/x86_64-linux-gnu/librt-2.19.so
7fb8b5b6c000-7fb8b5b6d000 r--p 00006000 08:01 789665                     /lib/x86_64-linux-gnu/librt-2.19.so
7fb8b5b6d000-7fb8b5b6e000 rw-p 00007000 08:01 789665                     /lib/x86_64-linux-gnu/librt-2.19.so
7fb8b5b6e000-7fb8b5c73000 r-xp 00000000 08:01 789639                     /lib/x86_64-linux-gnu/libm-2.19.so
7fb8b5c73000-7fb8b5e72000 ---p 00105000 08:01 789639                     /lib/x86_64-linux-gnu/libm-2.19.so
7fb8b5e72000-7fb8b5e73000 r--p 00104000 08:01 789639                     /lib/x86_64-linux-gnu/libm-2.19.so
7fb8b5e73000-7fb8b5e74000 rw-p 00105000 08:01 789639                     /lib/x86_64-linux-gnu/libm-2.19.so
7fb8b5e74000-7fb8b69ea000 r-xp 00000000 08:01 3154211                    /usr/lib/jvm/java-7-oracle/jre/lib/amd64/server/libjvm.so
7fb8b69ea000-7fb8b6be9000 ---p 00b76000 08:01 3154211                    /usr/lib/jvm/java-7-oracle/jre/lib/amd64/server/libjvm.so
7fb8b6be9000-7fb8b6cad000 rw-p 00b75000 08:01 3154211                    /usr/lib/jvm/java-7-oracle/jre/lib/amd64/server/libjvm.so
7fb8b6cad000-7fb8b6cee000 rw-p 00000000 00:00 0 
7fb8b6cee000-7fb8b6ea9000 r-xp 00000000 08:01 789662                     /lib/x86_64-linux-gnu/libc-2.19.so
7fb8b6ea9000-7fb8b70a8000 ---p 001bb000 08:01 789662                     /lib/x86_64-linux-gnu/libc-2.19.so
7fb8b70a8000-7fb8b70ac000 r--p 001ba000 08:01 789662                     /lib/x86_64-linux-gnu/libc-2.19.so
7fb8b70ac000-7fb8b70ae000 rw-p 001be000 08:01 789662                     /lib/x86_64-linux-gnu/libc-2.19.so
7fb8b70ae000-7fb8b70b3000 rw-p 00000000 00:00 0 
7fb8b70b3000-7fb8b70b6000 r-xp 00000000 08:01 789644                     /lib/x86_64-linux-gnu/libdl-2.19.so
7fb8b70b6000-7fb8b72b5000 ---p 00003000 08:01 789644                     /lib/x86_64-linux-gnu/libdl-2.19.so
7fb8b72b5000-7fb8b72b6000 r--p 00002000 08:01 789644                     /lib/x86_64-linux-gnu/libdl-2.19.so
7fb8b72b6000-7fb8b72b7000 rw-p 00003000 08:01 789644                     /lib/x86_64-linux-gnu/libdl-2.19.so
7fb8b72b7000-7fb8b72cc000 r-xp 00000000 08:01 2362561                    /usr/lib/jvm/java-7-oracle/lib/amd64/jli/libjli.so
7fb8b72cc000-7fb8b74cb000 ---p 00015000 08:01 2362561                    /usr/lib/jvm/java-7-oracle/lib/amd64/jli/libjli.so
7fb8b74cb000-7fb8b74cc000 rw-p 00014000 08:01 2362561                    /usr/lib/jvm/java-7-oracle/lib/amd64/jli/libjli.so
7fb8b74cc000-7fb8b74e5000 r-xp 00000000 08:01 789663                     /lib/x86_64-linux-gnu/libpthread-2.19.so
7fb8b74e5000-7fb8b76e4000 ---p 00019000 08:01 789663                     /lib/x86_64-linux-gnu/libpthread-2.19.so
7fb8b76e4000-7fb8b76e5000 r--p 00018000 08:01 789663                     /lib/x86_64-linux-gnu/libpthread-2.19.so
7fb8b76e5000-7fb8b76e6000 rw-p 00019000 08:01 789663                     /lib/x86_64-linux-gnu/libpthread-2.19.so
7fb8b76e6000-7fb8b76ea000 rw-p 00000000 00:00 0 
7fb8b76ea000-7fb8b770d000 r-xp 00000000 08:01 789658                     /lib/x86_64-linux-gnu/ld-2.19.so
7fb8b770d000-7fb8b770e000 r--s 00000000 00:18 3407920                    /home/xavier/android-studio/gradle/gradle-2.2.1/lib/jcip-annotations-1.0.jar
7fb8b770e000-7fb8b7711000 r--s 00018000 00:18 3407959                    /home/xavier/android-studio/gradle/gradle-2.2.1/lib/commons-io-1.4.jar
7fb8b7711000-7fb8b7713000 r--s 00006000 00:18 3407910                    /home/xavier/android-studio/gradle/gradle-2.2.1/lib/slf4j-api-1.7.7.jar
7fb8b7713000-7fb8b774a000 rw-p 00000000 00:00 0 
7fb8b774a000-7fb8b77ec000 rw-p 00000000 00:00 0 
7fb8b77ec000-7fb8b77ef000 ---p 00000000 00:00 0 
7fb8b77ef000-7fb8b78f1000 rw-p 00000000 00:00 0                          [stack:10433]
7fb8b78f1000-7fb8b78f2000 r--s 00004000 00:18 3407916                    /home/xavier/android-studio/gradle/gradle-2.2.1/lib/ant-launcher-1.9.3.jar
7fb8b78f2000-7fb8b78f8000 r--s 00026000 00:18 3407926                    /home/xavier/android-studio/gradle/gradle-2.2.1/lib/gradle-base-services-2.2.1.jar
7fb8b78f8000-7fb8b7900000 r--s 0003c000 00:18 3407953                    /home/xavier/android-studio/gradle/gradle-2.2.1/lib/gradle-launcher-2.2.1.jar
7fb8b7900000-7fb8b7908000 rw-s 00000000 08:01 2367756                    /tmp/hsperfdata_xavier/10431
7fb8b7908000-7fb8b7909000 rw-p 00000000 00:00 0 
7fb8b7909000-7fb8b790a000 ---p 00000000 00:00 0 
7fb8b790a000-7fb8b790c000 rw-p 00000000 00:00 0 
7fb8b790c000-7fb8b790d000 r--p 00022000 08:01 789658                     /lib/x86_64-linux-gnu/ld-2.19.so
7fb8b790d000-7fb8b790e000 rw-p 00023000 08:01 789658                     /lib/x86_64-linux-gnu/ld-2.19.so
7fb8b790e000-7fb8b790f000 rw-p 00000000 00:00 0 
7ffe569d7000-7ffe569f8000 rw-p 00000000 00:00 0                          [stack]
7ffe569f8000-7ffe569fa000 r-xp 00000000 00:00 0                          [vdso]
ffffffffff600000-ffffffffff601000 r-xp 00000000 00:00 0                  [vsyscall]

VM Arguments:
jvm_args: -XX:MaxPermSize=256m -XX:+HeapDumpOnOutOfMemoryError -Xmx1024m -Dfile.encoding=UTF-8 -Duser.country=GB -Duser.language=en -Duser.variant 
java_command: org.gradle.launcher.daemon.bootstrap.GradleDaemon 2.2.1 /home/xavier/.gradle/daemon 10800000 d7710463-8e05-41cc-ac4a-30b83d186774 -XX:MaxPermSize=256m -XX:+HeapDumpOnOutOfMemoryError -Xmx1024m -Dfile.encoding=UTF-8 -Duser.country=GB -Duser.language=en -Duser.variant
Launcher Type: SUN_STANDARD

Environment Variables:
JAVA_HOME=/usr/lib/jvm/java-7-oracle
CLASSPATH=/home/xavier/android-studio/bin/../lib/bootstrap.jar:/home/xavier/android-studio/bin/../lib/extensions.jar:/home/xavier/android-studio/bin/../lib/util.jar:/home/xavier/android-studio/bin/../lib/jdom.jar:/home/xavier/android-studio/bin/../lib/log4j.jar:/home/xavier/android-studio/bin/../lib/trove4j.jar:/home/xavier/android-studio/bin/../lib/jna.jar:/usr/lib/jvm/java-7-oracle/lib/tools.jar
PATH=/home/xavier/bin:/usr/local/sbin:/usr/local/bin:/usr/sbin:/usr/bin:/sbin:/bin:/usr/games:/usr/local/games
LD_LIBRARY_PATH=/home/xavier/android-studio/bin:
SHELL=/usr/bin/zsh
DISPLAY=:0

Signal Handlers:
SIGSEGV: [libjvm.so+0x9a3b20], sa_mask[0]=0x7ffbfeff, sa_flags=0x10000004
SIGBUS: [libjvm.so+0x9a3b20], sa_mask[0]=0x7ffbfeff, sa_flags=0x10000004
SIGFPE: [libjvm.so+0x81e740], sa_mask[0]=0x7ffbfeff, sa_flags=0x10000004
SIGPIPE: [libjvm.so+0x81e740], sa_mask[0]=0x7ffbfeff, sa_flags=0x10000004
SIGXFSZ: [libjvm.so+0x81e740], sa_mask[0]=0x7ffbfeff, sa_flags=0x10000004
SIGILL: [libjvm.so+0x81e740], sa_mask[0]=0x7ffbfeff, sa_flags=0x10000004
SIGUSR1: SIG_DFL, sa_mask[0]=0x00000000, sa_flags=0x00000000
SIGUSR2: [libjvm.so+0x81ffb0], sa_mask[0]=0x00000004, sa_flags=0x10000004
SIGHUP: [libjvm.so+0x8210d0], sa_mask[0]=0x7ffbfeff, sa_flags=0x10000004
SIGINT: [libjvm.so+0x8210d0], sa_mask[0]=0x7ffbfeff, sa_flags=0x10000004
SIGTERM: [libjvm.so+0x8210d0], sa_mask[0]=0x7ffbfeff, sa_flags=0x10000004
SIGQUIT: [libjvm.so+0x8210d0], sa_mask[0]=0x7ffbfeff, sa_flags=0x10000004


---------------  S Y S T E M  ---------------

OS:jessie/sid

uname:Linux 3.13.0-51-generic #84-Ubuntu SMP Wed Apr 15 12:08:34 UTC 2015 x86_64
libc:glibc 2.19 NPTL 2.19 
rlimit: STACK 8192k, CORE 0k, NPROC 30592, NOFILE 4096, AS infinity
load average:1,36 1,37 1,41

/proc/meminfo:
MemTotal:        3945668 kB
MemFree:          102520 kB
Buffers:            1184 kB
Cached:           390616 kB
SwapCached:            0 kB
Active:          3310040 kB
Inactive:         372676 kB
Active(anon):    3293632 kB
Inactive(anon):   347824 kB
Active(file):      16408 kB
Inactive(file):    24852 kB
Unevictable:          48 kB
Mlocked:              48 kB
SwapTotal:             0 kB
SwapFree:              0 kB
Dirty:              3020 kB
Writeback:             0 kB
AnonPages:       3291220 kB
Mapped:            92316 kB
Shmem:            350080 kB
Slab:              68872 kB
SReclaimable:      27176 kB
SUnreclaim:        41696 kB
KernelStack:        4496 kB
PageTables:        33136 kB
NFS_Unstable:          0 kB
Bounce:                0 kB
WritebackTmp:          0 kB
CommitLimit:     1972832 kB
Committed_AS:    6809940 kB
VmallocTotal:   34359738367 kB
VmallocUsed:      347968 kB
VmallocChunk:   34359379580 kB
HardwareCorrupted:     0 kB
AnonHugePages:   1628160 kB
HugePages_Total:       0
HugePages_Free:        0
HugePages_Rsvd:        0
HugePages_Surp:        0
Hugepagesize:       2048 kB
DirectMap4k:      105404 kB
DirectMap2M:     3987456 kB


CPU:total 4 (2 cores per cpu, 2 threads per core) family 6 model 42 stepping 7, cmov, cx8, fxsr, mmx, sse, sse2, sse3, ssse3, sse4.1, sse4.2, popcnt, avx, aes, ht, tsc, tscinvbit

/proc/cpuinfo:
processor	: 0
vendor_id	: GenuineIntel
cpu family	: 6
model		: 42
model name	: Intel(R) Core(TM) i5-2467M CPU @ 1.60GHz
stepping	: 7
microcode	: 0x23
cpu MHz		: 1601.000
cache size	: 3072 KB
physical id	: 0
siblings	: 4
core id		: 0
cpu cores	: 2
apicid		: 0
initial apicid	: 0
fpu		: yes
fpu_exception	: yes
cpuid level	: 13
wp		: yes
flags		: fpu vme de pse tsc msr pae mce cx8 apic sep mtrr pge mca cmov pat pse36 clflush dts acpi mmx fxsr sse sse2 ss ht tm pbe syscall nx rdtscp lm constant_tsc arch_perfmon pebs bts rep_good nopl xtopology nonstop_tsc aperfmperf eagerfpu pni pclmulqdq dtes64 monitor ds_cpl vmx est tm2 ssse3 cx16 xtpr pdcm pcid sse4_1 sse4_2 x2apic popcnt tsc_deadline_timer aes xsave avx lahf_lm ida arat epb xsaveopt pln pts dtherm tpr_shadow vnmi flexpriority ept vpid
bogomips	: 3192.60
clflush size	: 64
cache_alignment	: 64
address sizes	: 36 bits physical, 48 bits virtual
power management:

processor	: 1
vendor_id	: GenuineIntel
cpu family	: 6
model		: 42
model name	: Intel(R) Core(TM) i5-2467M CPU @ 1.60GHz
stepping	: 7
microcode	: 0x23
cpu MHz		: 1601.000
cache size	: 3072 KB
physical id	: 0
siblings	: 4
core id		: 0
cpu cores	: 2
apicid		: 1
initial apicid	: 1
fpu		: yes
fpu_exception	: yes
cpuid level	: 13
wp		: yes
flags		: fpu vme de pse tsc msr pae mce cx8 apic sep mtrr pge mca cmov pat pse36 clflush dts acpi mmx fxsr sse sse2 ss ht tm pbe syscall nx rdtscp lm constant_tsc arch_perfmon pebs bts rep_good nopl xtopology nonstop_tsc aperfmperf eagerfpu pni pclmulqdq dtes64 monitor ds_cpl vmx est tm2 ssse3 cx16 xtpr pdcm pcid sse4_1 sse4_2 x2apic popcnt tsc_deadline_timer aes xsave avx lahf_lm ida arat epb xsaveopt pln pts dtherm tpr_shadow vnmi flexpriority ept vpid
bogomips	: 3192.60
clflush size	: 64
cache_alignment	: 64
address sizes	: 36 bits physical, 48 bits virtual
power management:

processor	: 2
vendor_id	: GenuineIntel
cpu family	: 6
model		: 42
model name	: Intel(R) Core(TM) i5-2467M CPU @ 1.60GHz
stepping	: 7
microcode	: 0x23
cpu MHz		: 800.000
cache size	: 3072 KB
physical id	: 0
siblings	: 4
core id		: 1
cpu cores	: 2
apicid		: 2
initial apicid	: 2
fpu		: yes
fpu_exception	: yes
cpuid level	: 13
wp		: yes
flags		: fpu vme de pse tsc msr pae mce cx8 apic sep mtrr pge mca cmov pat pse36 clflush dts acpi mmx fxsr sse sse2 ss ht tm pbe syscall nx rdtscp lm constant_tsc arch_perfmon pebs bts rep_good nopl xtopology nonstop_tsc aperfmperf eagerfpu pni pclmulqdq dtes64 monitor ds_cpl vmx est tm2 ssse3 cx16 xtpr pdcm pcid sse4_1 sse4_2 x2apic popcnt tsc_deadline_timer aes xsave avx lahf_lm ida arat epb xsaveopt pln pts dtherm tpr_shadow vnmi flexpriority ept vpid
bogomips	: 3192.60
clflush size	: 64
cache_alignment	: 64
address sizes	: 36 bits physical, 48 bits virtual
power management:

processor	: 3
vendor_id	: GenuineIntel
cpu family	: 6
model		: 42
model name	: Intel(R) Core(TM) i5-2467M CPU @ 1.60GHz
stepping	: 7
microcode	: 0x23
cpu MHz		: 1100.000
cache size	: 3072 KB
physical id	: 0
siblings	: 4
core id		: 1
cpu cores	: 2
apicid		: 3
initial apicid	: 3
fpu		: yes
fpu_exception	: yes
cpuid level	: 13
wp		: yes
flags		: fpu vme de pse tsc msr pae mce cx8 apic sep mtrr pge mca cmov pat pse36 clflush dts acpi mmx fxsr sse sse2 ss ht tm pbe syscall nx rdtscp lm constant_tsc arch_perfmon pebs bts rep_good nopl xtopology nonstop_tsc aperfmperf eagerfpu pni pclmulqdq dtes64 monitor ds_cpl vmx est tm2 ssse3 cx16 xtpr pdcm pcid sse4_1 sse4_2 x2apic popcnt tsc_deadline_timer aes xsave avx lahf_lm ida arat epb xsaveopt pln pts dtherm tpr_shadow vnmi flexpriority ept vpid
bogomips	: 3192.60
clflush size	: 64
cache_alignment	: 64
address sizes	: 36 bits physical, 48 bits virtual
power management:



Memory: 4k page, physical 3945668k(102520k free), swap 0k(0k free)

vm_info: Java HotSpot(TM) 64-Bit Server VM (24.80-b11) for linux-amd64 JRE (1.7.0_80-b15), built on Apr 10 2015 19:53:14 by "java_re" with gcc 4.3.0 20080428 (Red Hat 4.3.0-8)

time: Thu Apr 30 18:59:12 2015
elapsed time: 360 seconds

