#
# There is insufficient memory for the Java Runtime Environment to continue.
# Native memory allocation (malloc) failed to allocate 77070336 bytes for committing reserved memory.
# Possible reasons:
#   The system is out of physical RAM or swap space
#   In 32 bit mode, the process size limit was hit
# Possible solutions:
#   Reduce memory load on the system
#   Increase physical memory or swap space
#   Check if swap backing store is full
#   Use 64 bit Java on a 64 bit OS
#   Decrease Java heap size (-Xmx/-Xms)
#   Decrease number of Java threads
#   Decrease Java thread stack sizes (-Xss)
#   Set larger code cache with -XX:ReservedCodeCacheSize=
# This output file may be truncated or incomplete.
#
#  Out of Memory Error (os_linux.cpp:2756), pid=4383, tid=139999764215552
#
# JRE version: Java(TM) SE Runtime Environment (7.0_80-b15) (build 1.7.0_80-b15)
# Java VM: Java HotSpot(TM) 64-Bit Server VM (24.80-b11 mixed mode linux-amd64 compressed oops)
# Failed to write core dump. Core dumps have been disabled. To enable core dumping, try "ulimit -c unlimited" before starting Java again
#

---------------  T H R E A D  ---------------

Current thread (0x00007f544006a000):  VMThread [stack: 0x00007f543c26f000,0x00007f543c370000] [id=4391]

Stack: [0x00007f543c26f000,0x00007f543c370000],  sp=0x00007f543c36e220,  free space=1020k
Native frames: (J=compiled Java code, j=interpreted, Vv=VM code, C=native code)
V  [libjvm.so+0x9a320a]  VMError::report_and_die()+0x2ea
V  [libjvm.so+0x498d3b]  report_vm_out_of_memory(char const*, int, unsigned long, char const*)+0x9b
V  [libjvm.so+0x82191e]  os::Linux::commit_memory_impl(char*, unsigned long, bool)+0xfe
V  [libjvm.so+0x821e69]  os::pd_commit_memory(char*, unsigned long, unsigned long, bool)+0x29
V  [libjvm.so+0x81bb6a]  os::commit_memory(char*, unsigned long, unsigned long, bool)+0x2a
V  [libjvm.so+0x88d623]  PSVirtualSpace::expand_by(unsigned long)+0x53
V  [libjvm.so+0x87ca80]  PSOldGen::expand(unsigned long)+0x170
V  [libjvm.so+0x87cc8b]  PSOldGen::resize(unsigned long)+0x1cb
V  [libjvm.so+0x885951]  PSParallelCompact::invoke_no_policy(bool)+0x9b1
V  [libjvm.so+0x88b8cd]  PSScavenge::invoke()+0x1ad
V  [libjvm.so+0x843f40]  ParallelScavengeHeap::failed_mem_allocate(unsigned long)+0x70
V  [libjvm.so+0x9a4a97]  VM_ParallelGCFailedAllocation::doit()+0x97
V  [libjvm.so+0x9abf35]  VM_Operation::evaluate()+0x55
V  [libjvm.so+0x9aa2fa]  VMThread::evaluate_operation(VM_Operation*)+0xba
V  [libjvm.so+0x9aa67e]  VMThread::loop()+0x1ce
V  [libjvm.so+0x9aaaf0]  VMThread::run()+0x70
V  [libjvm.so+0x8238c8]  java_start(Thread*)+0x108

VM_Operation (0x00007f540697d380): ParallelGCFailedAllocation, mode: safepoint, requested by thread 0x00007f53ec002800


---------------  P R O C E S S  ---------------

Java Threads: ( => current thread )
  0x00007f53c0007800 JavaThread "Forward streams with process: command '/home/xavier/Android/Sdk/build-tools/21.1.2/aapt' Thread 2" [_thread_blocked, id=10422, stack(0x00007f5406542000,0x00007f5406643000)]
  0x00007f53c0005000 JavaThread "Forward streams with process: command '/home/xavier/Android/Sdk/build-tools/21.1.2/aapt'" [_thread_blocked, id=10421, stack(0x00007f5406643000,0x00007f5406744000)]
  0x00007f53ec007000 JavaThread "Forward streams with process: command '/home/xavier/Android/Sdk/build-tools/21.1.2/aapt' Thread 3" [_thread_blocked, id=10420, stack(0x00007f5406744000,0x00007f5406845000)]
  0x00007f53c0003000 JavaThread "DisconnectableInputStream source reader" daemon [_thread_blocked, id=10418, stack(0x00007f5406a80000,0x00007f5406b81000)]
  0x00007f53c0001000 JavaThread "process reaper" daemon [_thread_blocked, id=10417, stack(0x00007f5406845000,0x00007f540687e000)]
  0x00007f53ec002800 JavaThread "Forward streams with process: command '/home/xavier/Android/Sdk/build-tools/21.1.2/aapt' Thread 2" [_thread_blocked, id=10416, stack(0x00007f540687e000,0x00007f540697f000)]
  0x00007f53ec004800 JavaThread "Forward streams with process: command '/home/xavier/Android/Sdk/build-tools/21.1.2/aapt'" [_thread_blocked, id=10415, stack(0x00007f540697f000,0x00007f5406a80000)]
  0x00007f53ec001800 JavaThread "process reaper" daemon [_thread_blocked, id=10412, stack(0x00007f54340ad000,0x00007f54340e6000)]
  0x00007f53e400d000 JavaThread "Run command '/home/xavier/Android/Sdk/build-tools/21.1.2/aapt'" [_thread_blocked, id=10410, stack(0x00007f540707e000,0x00007f540717f000)]
  0x00007f53cc001000 JavaThread "Run command '/home/xavier/Android/Sdk/build-tools/21.1.2/aapt'" [_thread_blocked, id=10409, stack(0x00007f5406c7a000,0x00007f5406d7b000)]
  0x00007f53c8004800 JavaThread "Run command '/home/xavier/Android/Sdk/build-tools/21.1.2/aapt'" [_thread_blocked, id=10408, stack(0x00007f5406f7d000,0x00007f540707e000)]
  0x00007f53d4002000 JavaThread "Run command '/home/xavier/Android/Sdk/build-tools/21.1.2/aapt'" [_thread_blocked, id=10407, stack(0x00007f5406e7c000,0x00007f5406f7d000)]
  0x00007f53f517c000 JavaThread "pool-6-thread-4" [_thread_blocked, id=10406, stack(0x00007f5406d7b000,0x00007f5406e7c000)]
  0x00007f53f47b6800 JavaThread "pool-6-thread-3" [_thread_blocked, id=10405, stack(0x00007f5407381000,0x00007f5407482000)]
  0x00007f53f47ae000 JavaThread "pool-6-thread-2" [_thread_blocked, id=10404, stack(0x00007f540717f000,0x00007f5407280000)]
  0x00007f53f5198800 JavaThread "pool-6-thread-1" [_thread_blocked, id=10403, stack(0x00007f5407280000,0x00007f5407381000)]
  0x00007f53f4984800 JavaThread "Stdin handler" [_thread_blocked, id=10394, stack(0x00007f54075e1000,0x00007f54076e2000)]
  0x00007f53f8007800 JavaThread "Cancel handler" [_thread_blocked, id=10391, stack(0x00007f54077e3000,0x00007f54078e4000)]
  0x00007f53f8005800 JavaThread "Handler for socket connection from /127.0.0.1:33900 to /127.0.0.1:36046" [_thread_in_native, id=10390, stack(0x00007f54078e4000,0x00007f54079e5000)]
  0x00007f53f8003800 JavaThread "Daemon worker Thread 7" [_thread_blocked, id=10381, stack(0x00007f54076e2000,0x00007f54077e3000)]
  0x00007f5400005800 JavaThread "Daemon Thread 7" [_thread_blocked, id=10378, stack(0x00007f54079e5000,0x00007f5407ae6000)]
  0x00007f53f441b000 JavaThread "File lock request listener" [_thread_in_native, id=4409, stack(0x00007f54074e0000,0x00007f54075e1000)]
  0x00007f5440a6c800 JavaThread "Incoming local TCP Connector on port 33900" [_thread_in_native, id=4399, stack(0x00007f54340e6000,0x00007f54341e7000)]
  0x00007f544009a000 JavaThread "Service Thread" daemon [_thread_blocked, id=4397, stack(0x00007f5434cd1000,0x00007f5434dd2000)]
  0x00007f5440097800 JavaThread "C2 CompilerThread1" daemon [_thread_blocked, id=4396, stack(0x00007f5434dd2000,0x00007f5434ed3000)]
  0x00007f5440094800 JavaThread "C2 CompilerThread0" daemon [_thread_blocked, id=4395, stack(0x00007f5434ed3000,0x00007f5434fd4000)]
  0x00007f5440092800 JavaThread "Signal Dispatcher" daemon [_thread_blocked, id=4394, stack(0x00007f5434fd4000,0x00007f54350d5000)]
  0x00007f5440070800 JavaThread "Finalizer" daemon [_thread_blocked, id=4393, stack(0x00007f543c06d000,0x00007f543c16e000)]
  0x00007f544006e800 JavaThread "Reference Handler" daemon [_thread_blocked, id=4392, stack(0x00007f543c16e000,0x00007f543c26f000)]
  0x00007f544000a000 JavaThread "main" [_thread_blocked, id=4386, stack(0x00007f5447e32000,0x00007f5447f33000)]

Other Threads:
=>0x00007f544006a000 VMThread [stack: 0x00007f543c26f000,0x00007f543c370000] [id=4391]
  0x00007f54400a5000 WatcherThread [stack: 0x00007f5434bd0000,0x00007f5434cd1000] [id=4398]

VM state:at safepoint (normal execution)

VM Mutex/Monitor currently owned by a thread:  ([mutex/lock_event])
[0x00007f54400060b0] ExpandHeap_lock - owner thread: 0x00007f544006a000
[0x00007f5440006730] Threads_lock - owner thread: 0x00007f544006a000
[0x00007f5440006c30] Heap_lock - owner thread: 0x00007f53ec002800

Heap
 PSYoungGen      total 291328K, used 58616K [0x00000000eaa80000, 0x0000000100000000, 0x0000000100000000)
  eden space 235008K, 24% used [0x00000000eaa80000,0x00000000ee3be030,0x00000000f9000000)
  from space 56320K, 0% used [0x00000000f9000000,0x00000000f9000000,0x00000000fc700000)
  to   space 58368K, 0% used [0x00000000fc700000,0x00000000fc700000,0x0000000100000000)
 ParOldGen       total 108032K, used 107992K [0x00000000c0000000, 0x00000000c6980000, 0x00000000eaa80000)
  object space 108032K, 99% used [0x00000000c0000000,0x00000000c6976310,0x00000000c6980000)
 PSPermGen       total 158720K, used 133860K [0x00000000b0000000, 0x00000000b9b00000, 0x00000000c0000000)
  object space 158720K, 84% used [0x00000000b0000000,0x00000000b82b9008,0x00000000b9b00000)

Card table byte_map: [0x00007f5444e9e000,0x00007f544511f000] byte_map_base: 0x00007f544491e000

Polling page: 0x00007f5447f4f000

Code Cache  [0x00007f543d000000, 0x00007f543d970000, 0x00007f5440000000)
 total_blobs=3074 nmethods=2445 adapters=581 free_code_cache=39650Kb largest_free_block=40475264

Compilation events (10 events):
Event: 10170,151 Thread 0x00007f5440094800 nmethod 2873 0x00007f543d929890 code [0x00007f543d929a20, 0x00007f543d929dc8]
Event: 10170,151 Thread 0x00007f5440094800 2876             com.google.common.collect.AbstractMapBasedMultimap::wrapCollection (73 bytes)
Event: 10170,155 Thread 0x00007f5440097800 nmethod 2875 0x00007f543d24c590 code [0x00007f543d24c6c0, 0x00007f543d24c758]
Event: 10170,155 Thread 0x00007f5440097800 2877             com.google.common.collect.AbstractMapBasedMultimap::wrapList (33 bytes)
Event: 10170,157 Thread 0x00007f5440094800 nmethod 2876 0x00007f543d6b8390 code [0x00007f543d6b84e0, 0x00007f543d6b8698]
Event: 10170,157 Thread 0x00007f5440097800 nmethod 2877 0x00007f543d5ce050 code [0x00007f543d5ce1a0, 0x00007f543d5ce2f8]
Event: 10170,157 Thread 0x00007f5440097800 2879             com.google.common.collect.AbstractMapBasedMultimap$WrappedList::<init> (15 bytes)
Event: 10170,157 Thread 0x00007f5440094800 2878             com.google.common.collect.AbstractMapBasedMultimap$RandomAccessWrappedList::<init> (15 bytes)
Event: 10170,158 Thread 0x00007f5440097800 nmethod 2879 0x00007f543d8626d0 code [0x00007f543d862800, 0x00007f543d862898]
Event: 10170,158 Thread 0x00007f5440094800 nmethod 2878 0x00007f543d8623d0 code [0x00007f543d862500, 0x00007f543d8625b8]

GC Heap History (10 events):
Event: 9691,106 GC heap after
Heap after GC invocations=29 (full 7):
 PSYoungGen      total 295936K, used 23771K [0x00000000eaa80000, 0x0000000100000000, 0x0000000100000000)
  eden space 241664K, 0% used [0x00000000eaa80000,0x00000000eaa80000,0x00000000f9680000)
  from space 54272K, 43% used [0x00000000fcb00000,0x00000000fe236f68,0x0000000100000000)
  to   space 53760K, 0% used [0x00000000f9680000,0x00000000f9680000,0x00000000fcb00000)
 ParOldGen       total 108032K, used 94589K [0x00000000c0000000, 0x00000000c6980000, 0x00000000eaa80000)
  object space 108032K, 87% used [0x00000000c0000000,0x00000000c5c5f438,0x00000000c6980000)
 PSPermGen       total 131584K, used 108721K [0x00000000b0000000, 0x00000000b8080000, 0x00000000c0000000)
  object space 131584K, 82% used [0x00000000b0000000,0x00000000b6a2c6c0,0x00000000b8080000)
}
Event: 10151,451 GC heap before
{Heap before GC invocations=30 (full 7):
 PSYoungGen      total 295936K, used 265435K [0x00000000eaa80000, 0x0000000100000000, 0x0000000100000000)
  eden space 241664K, 100% used [0x00000000eaa80000,0x00000000f9680000,0x00000000f9680000)
  from space 54272K, 43% used [0x00000000fcb00000,0x00000000fe236f68,0x0000000100000000)
  to   space 53760K, 0% used [0x00000000f9680000,0x00000000f9680000,0x00000000fcb00000)
 ParOldGen       total 108032K, used 94589K [0x00000000c0000000, 0x00000000c6980000, 0x00000000eaa80000)
  object space 108032K, 87% used [0x00000000c0000000,0x00000000c5c5f438,0x00000000c6980000)
 PSPermGen       total 131584K, used 117140K [0x00000000b0000000, 0x00000000b8080000, 0x00000000c0000000)
  object space 131584K, 89% used [0x00000000b0000000,0x00000000b7265150,0x00000000b8080000)
Event: 10151,534 GC heap after
Heap after GC invocations=30 (full 7):
 PSYoungGen      total 282112K, used 39957K [0x00000000eaa80000, 0x0000000100000000, 0x0000000100000000)
  eden space 241664K, 0% used [0x00000000eaa80000,0x00000000eaa80000,0x00000000f9680000)
  from space 40448K, 98% used [0x00000000f9680000,0x00000000fbd857d0,0x00000000fbe00000)
  to   space 56320K, 0% used [0x00000000fc900000,0x00000000fc900000,0x0000000100000000)
 ParOldGen       total 108032K, used 94589K [0x00000000c0000000, 0x00000000c6980000, 0x00000000eaa80000)
  object space 108032K, 87% used [0x00000000c0000000,0x00000000c5c5f438,0x00000000c6980000)
 PSPermGen       total 131584K, used 117140K [0x00000000b0000000, 0x00000000b8080000, 0x00000000c0000000)
  object space 131584K, 89% used [0x00000000b0000000,0x00000000b7265150,0x00000000b8080000)
}
Event: 10153,465 GC heap before
{Heap before GC invocations=31 (full 7):
 PSYoungGen      total 282112K, used 281621K [0x00000000eaa80000, 0x0000000100000000, 0x0000000100000000)
  eden space 241664K, 100% used [0x00000000eaa80000,0x00000000f9680000,0x00000000f9680000)
  from space 40448K, 98% used [0x00000000f9680000,0x00000000fbd857d0,0x00000000fbe00000)
  to   space 56320K, 0% used [0x00000000fc900000,0x00000000fc900000,0x0000000100000000)
 ParOldGen       total 108032K, used 94589K [0x00000000c0000000, 0x00000000c6980000, 0x00000000eaa80000)
  object space 108032K, 87% used [0x00000000c0000000,0x00000000c5c5f438,0x00000000c6980000)
 PSPermGen       total 131584K, used 117418K [0x00000000b0000000, 0x00000000b8080000, 0x00000000c0000000)
  object space 131584K, 89% used [0x00000000b0000000,0x00000000b72aaa60,0x00000000b8080000)
Event: 10153,530 GC heap after
Heap after GC invocations=31 (full 7):
 PSYoungGen      total 291328K, used 38528K [0x00000000eaa80000, 0x0000000100000000, 0x0000000100000000)
  eden space 235008K, 0% used [0x00000000eaa80000,0x00000000eaa80000,0x00000000f9000000)
  from space 56320K, 68% used [0x00000000fc900000,0x00000000feea0070,0x0000000100000000)
  to   space 57344K, 0% used [0x00000000f9000000,0x00000000f9000000,0x00000000fc800000)
 ParOldGen       total 108032K, used 94589K [0x00000000c0000000, 0x00000000c6980000, 0x00000000eaa80000)
  object space 108032K, 87% used [0x00000000c0000000,0x00000000c5c5f438,0x00000000c6980000)
 PSPermGen       total 131584K, used 117418K [0x00000000b0000000, 0x00000000b8080000, 0x00000000c0000000)
  object space 131584K, 89% used [0x00000000b0000000,0x00000000b72aaa60,0x00000000b8080000)
}
Event: 10155,501 GC heap before
{Heap before GC invocations=32 (full 7):
 PSYoungGen      total 291328K, used 183800K [0x00000000eaa80000, 0x0000000100000000, 0x0000000100000000)
  eden space 235008K, 61% used [0x00000000eaa80000,0x00000000f385e218,0x00000000f9000000)
  from space 56320K, 68% used [0x00000000fc900000,0x00000000feea0070,0x0000000100000000)
  to   space 57344K, 0% used [0x00000000f9000000,0x00000000f9000000,0x00000000fc800000)
 ParOldGen       total 108032K, used 94589K [0x00000000c0000000, 0x00000000c6980000, 0x00000000eaa80000)
  object space 108032K, 87% used [0x00000000c0000000,0x00000000c5c5f438,0x00000000c6980000)
 PSPermGen       total 131584K, used 125421K [0x00000000b0000000, 0x00000000b8080000, 0x00000000c0000000)
  object space 131584K, 95% used [0x00000000b0000000,0x00000000b7a7b6a0,0x00000000b8080000)
Event: 10155,584 GC heap after
Heap after GC invocations=32 (full 7):
 PSYoungGen      total 291328K, used 56250K [0x00000000eaa80000, 0x0000000100000000, 0x0000000100000000)
  eden space 235008K, 0% used [0x00000000eaa80000,0x00000000eaa80000,0x00000000f9000000)
  from space 56320K, 99% used [0x00000000f9000000,0x00000000fc6ee9b8,0x00000000fc700000)
  to   space 58368K, 0% used [0x00000000fc700000,0x00000000fc700000,0x0000000100000000)
 ParOldGen       total 108032K, used 94589K [0x00000000c0000000, 0x00000000c6980000, 0x00000000eaa80000)
  object space 108032K, 87% used [0x00000000c0000000,0x00000000c5c5f438,0x00000000c6980000)
 PSPermGen       total 131584K, used 125421K [0x00000000b0000000, 0x00000000b8080000, 0x00000000c0000000)
  object space 131584K, 95% used [0x00000000b0000000,0x00000000b7a7b6a0,0x00000000b8080000)
}
Event: 10155,584 GC heap before
{Heap before GC invocations=33 (full 8):
 PSYoungGen      total 291328K, used 56250K [0x00000000eaa80000, 0x0000000100000000, 0x0000000100000000)
  eden space 235008K, 0% used [0x00000000eaa80000,0x00000000eaa80000,0x00000000f9000000)
  from space 56320K, 99% used [0x00000000f9000000,0x00000000fc6ee9b8,0x00000000fc700000)
  to   space 58368K, 0% used [0x00000000fc700000,0x00000000fc700000,0x0000000100000000)
 ParOldGen       total 108032K, used 94589K [0x00000000c0000000, 0x00000000c6980000, 0x00000000eaa80000)
  object space 108032K, 87% used [0x00000000c0000000,0x00000000c5c5f438,0x00000000c6980000)
 PSPermGen       total 131584K, used 125421K [0x00000000b0000000, 0x00000000b8080000, 0x00000000c0000000)
  object space 131584K, 95% used [0x00000000b0000000,0x00000000b7a7b6a0,0x00000000b8080000)
Event: 10156,900 GC heap after
Heap after GC invocations=33 (full 8):
 PSYoungGen      total 291328K, used 33281K [0x00000000eaa80000, 0x0000000100000000, 0x0000000100000000)
  eden space 235008K, 0% used [0x00000000eaa80000,0x00000000eaa80000,0x00000000f9000000)
  from space 56320K, 59% used [0x00000000f9000000,0x00000000fb080640,0x00000000fc700000)
  to   space 58368K, 0% used [0x00000000fc700000,0x00000000fc700000,0x0000000100000000)
 ParOldGen       total 108032K, used 107596K [0x00000000c0000000, 0x00000000c6980000, 0x00000000eaa80000)
  object space 108032K, 99% used [0x00000000c0000000,0x00000000c6913080,0x00000000c6980000)
 PSPermGen       total 158720K, used 125219K [0x00000000b0000000, 0x00000000b9b00000, 0x00000000c0000000)
  object space 158720K, 78% used [0x00000000b0000000,0x00000000b7a48e68,0x00000000b9b00000)
}
Event: 10172,478 GC heap before
{Heap before GC invocations=34 (full 9):
 PSYoungGen      total 291328K, used 268289K [0x00000000eaa80000, 0x0000000100000000, 0x0000000100000000)
  eden space 235008K, 100% used [0x00000000eaa80000,0x00000000f9000000,0x00000000f9000000)
  from space 56320K, 59% used [0x00000000f9000000,0x00000000fb080640,0x00000000fc700000)
  to   space 58368K, 0% used [0x00000000fc700000,0x00000000fc700000,0x0000000100000000)
 ParOldGen       total 108032K, used 107596K [0x00000000c0000000, 0x00000000c6980000, 0x00000000eaa80000)
  object space 108032K, 99% used [0x00000000c0000000,0x00000000c6913080,0x00000000c6980000)
 PSPermGen       total 158720K, used 133865K [0x00000000b0000000, 0x00000000b9b00000, 0x00000000c0000000)
  object space 158720K, 84% used [0x00000000b0000000,0x00000000b82ba5f0,0x00000000b9b00000)

Deoptimization events (10 events):
Event: 10151,600 Thread 0x00007f53f8003800 Uncommon trap: reason=bimorphic action=maybe_recompile pc=0x00007f543d4e160c method=com.google.common.base.Equivalence$Equals.doEquivalent(Ljava/lang/Object;Ljava/lang/Object;)Z @ 2
Event: 10151,601 Thread 0x00007f53f8003800 Uncommon trap: reason=bimorphic action=maybe_recompile pc=0x00007f543d0cba24 method=com.google.common.base.Equivalence$Equals.doEquivalent(Ljava/lang/Object;Ljava/lang/Object;)Z @ 2
Event: 10155,251 Thread 0x00007f53f8003800 Uncommon trap: reason=class_check action=maybe_recompile pc=0x00007f543d08aea4 method=java.util.regex.Matcher.search(I)Z @ 86
Event: 10164,137 Thread 0x00007f53f8003800 Uncommon trap: reason=null_check action=make_not_entrant pc=0x00007f543d957df0 method=java.beans.PropertyDescriptor.isAssignable(Ljava/lang/reflect/Method;Ljava/lang/reflect/Method;)Z @ 72
Event: 10164,188 Thread 0x00007f53f8003800 Uncommon trap: reason=null_check action=make_not_entrant pc=0x00007f543d95bf10 method=java.beans.PropertyDescriptor.isAssignable(Ljava/lang/reflect/Method;Ljava/lang/reflect/Method;)Z @ 72
Event: 10172,350 Thread 0x00007f53f8003800 Uncommon trap: reason=unstable_if action=reinterpret pc=0x00007f543d30db64 method=java.util.regex.Pattern$Curly.match0(Ljava/util/regex/Matcher;IILjava/lang/CharSequence;)Z @ 5
Event: 10172,357 Thread 0x00007f53f8003800 Uncommon trap: reason=unstable_if action=reinterpret pc=0x00007f543d8caf94 method=java.util.Formatter$FormatSpecifier.index(Ljava/lang/String;)I @ 1
Event: 10172,360 Thread 0x00007f53f8003800 Uncommon trap: reason=unstable_if action=reinterpret pc=0x00007f543d30bebc method=java.util.regex.Pattern$Curly.match0(Ljava/util/regex/Matcher;IILjava/lang/CharSequence;)Z @ 5
Event: 10172,360 Thread 0x00007f53f8003800 Uncommon trap: reason=unstable_if action=reinterpret pc=0x00007f543d8440d4 method=java.util.Formatter$FormatSpecifier.index(Ljava/lang/String;)I @ 1
Event: 10172,452 Thread 0x00007f53f5198800 Uncommon trap: reason=unstable_if action=reinterpret pc=0x00007f543d0de418 method=java.util.concurrent.locks.ReentrantLock$Sync.nonfairTryAcquire(I)Z @ 19

Internal exceptions (10 events):
Event: 10172,405 Thread 0x00007f53f8003800 Threw 0x00000000f83885c0 at /HUDSON/workspace/7u-2-build-linux-amd64/jdk7u80/2329/hotspot/src/share/vm/classfile/systemDictionary.cpp:185
Event: 10172,405 Thread 0x00007f53f8003800 Threw 0x00000000f838cc90 at /HUDSON/workspace/7u-2-build-linux-amd64/jdk7u80/2329/hotspot/src/share/vm/prims/jvm.cpp:1319
Event: 10172,406 Thread 0x00007f53f8003800 Threw 0x00000000f8391088 at /HUDSON/workspace/7u-2-build-linux-amd64/jdk7u80/2329/hotspot/src/share/vm/prims/jvm.cpp:1319
Event: 10172,406 Thread 0x00007f53f8003800 Threw 0x00000000f8391540 at /HUDSON/workspace/7u-2-build-linux-amd64/jdk7u80/2329/hotspot/src/share/vm/classfile/systemDictionary.cpp:185
Event: 10172,406 Thread 0x00007f53f8003800 Threw 0x00000000f839a408 at /HUDSON/workspace/7u-2-build-linux-amd64/jdk7u80/2329/hotspot/src/share/vm/prims/jvm.cpp:1319
Event: 10172,406 Thread 0x00007f53f8003800 Threw 0x00000000f839eee0 at /HUDSON/workspace/7u-2-build-linux-amd64/jdk7u80/2329/hotspot/src/share/vm/prims/jvm.cpp:1319
Event: 10172,406 Thread 0x00007f53f8003800 Threw 0x00000000f839f3a8 at /HUDSON/workspace/7u-2-build-linux-amd64/jdk7u80/2329/hotspot/src/share/vm/classfile/systemDictionary.cpp:185
Event: 10172,454 Thread 0x00007f53f5198800 Threw 0x00000000f8a55c88 at /HUDSON/workspace/7u-2-build-linux-amd64/jdk7u80/2329/hotspot/src/share/vm/prims/jvm.cpp:1319
Event: 10172,454 Thread 0x00007f53f5198800 Threw 0x00000000f8a56798 at /HUDSON/workspace/7u-2-build-linux-amd64/jdk7u80/2329/hotspot/src/share/vm/prims/jvm.cpp:1319
Event: 10172,454 Thread 0x00007f53f5198800 Threw 0x00000000f8a60968 at /HUDSON/workspace/7u-2-build-linux-amd64/jdk7u80/2329/hotspot/src/share/vm/prims/jvm.cpp:1319

Events (10 events):
Event: 10172,473 Executing VM operation: RevokeBias done
Event: 10172,474 Thread 0x00007f53ec004800 Thread added: 0x00007f53ec004800
Event: 10172,474 Thread 0x00007f53ec002800 Thread exited: 0x00007f53ec002800
Event: 10172,474 Thread 0x00007f53ec002800 Thread added: 0x00007f53ec002800
Event: 10172,474 Thread 0x00007f53c0001000 Thread added: 0x00007f53c0001000
Event: 10172,475 Thread 0x00007f53c0003000 Thread added: 0x00007f53c0003000
Event: 10172,475 Thread 0x00007f53ec007000 Thread added: 0x00007f53ec007000
Event: 10172,475 Thread 0x00007f53c0005000 Thread added: 0x00007f53c0005000
Event: 10172,475 Thread 0x00007f53c0007800 Thread added: 0x00007f53c0007800
Event: 10172,475 Executing VM operation: ParallelGCFailedAllocation


Dynamic libraries:
00400000-00401000 r-xp 00000000 08:01 2494039                            /usr/lib/jvm/java-7-oracle/bin/java
00600000-00601000 rw-p 00000000 08:01 2494039                            /usr/lib/jvm/java-7-oracle/bin/java
016b6000-016d7000 rw-p 00000000 00:00 0                                  [heap]
b0000000-b9b00000 rw-p 00000000 00:00 0 
b9b00000-c0000000 rw-p 00000000 00:00 0 
c0000000-c6980000 rw-p 00000000 00:00 0 
cb300000-eaa80000 rw-p 00000000 00:00 0 
eaa80000-100000000 rw-p 00000000 00:00 0 
7f53b8000000-7f53b8021000 rw-p 00000000 00:00 0 
7f53b8021000-7f53bc000000 ---p 00000000 00:00 0 
7f53c0000000-7f53c0021000 rw-p 00000000 00:00 0 
7f53c0021000-7f53c4000000 ---p 00000000 00:00 0 
7f53c4000000-7f53c4021000 rw-p 00000000 00:00 0 
7f53c4021000-7f53c8000000 ---p 00000000 00:00 0 
7f53c8000000-7f53c8021000 rw-p 00000000 00:00 0 
7f53c8021000-7f53cc000000 ---p 00000000 00:00 0 
7f53cc000000-7f53cc021000 rw-p 00000000 00:00 0 
7f53cc021000-7f53d0000000 ---p 00000000 00:00 0 
7f53d0000000-7f53d0021000 rw-p 00000000 00:00 0 
7f53d0021000-7f53d4000000 ---p 00000000 00:00 0 
7f53d4000000-7f53d4021000 rw-p 00000000 00:00 0 
7f53d4021000-7f53d8000000 ---p 00000000 00:00 0 
7f53d8000000-7f53d8021000 rw-p 00000000 00:00 0 
7f53d8021000-7f53dc000000 ---p 00000000 00:00 0 
7f53dc000000-7f53dc021000 rw-p 00000000 00:00 0 
7f53dc021000-7f53e0000000 ---p 00000000 00:00 0 
7f53e0000000-7f53e0021000 rw-p 00000000 00:00 0 
7f53e0021000-7f53e4000000 ---p 00000000 00:00 0 
7f53e4000000-7f53e4021000 rw-p 00000000 00:00 0 
7f53e4021000-7f53e8000000 ---p 00000000 00:00 0 
7f53e8000000-7f53e8021000 rw-p 00000000 00:00 0 
7f53e8021000-7f53ec000000 ---p 00000000 00:00 0 
7f53ec000000-7f53ec021000 rw-p 00000000 00:00 0 
7f53ec021000-7f53f0000000 ---p 00000000 00:00 0 
7f53f0000000-7f53f0021000 rw-p 00000000 00:00 0 
7f53f0021000-7f53f4000000 ---p 00000000 00:00 0 
7f53f4000000-7f53f53ae000 rw-p 00000000 00:00 0 
7f53f53ae000-7f53f8000000 ---p 00000000 00:00 0 
7f53f8000000-7f53f804d000 rw-p 00000000 00:00 0 
7f53f804d000-7f53fc000000 ---p 00000000 00:00 0 
7f53fc000000-7f53fcb24000 rw-p 00000000 00:00 0 
7f53fcb24000-7f5400000000 ---p 00000000 00:00 0 
7f5400000000-7f5400039000 rw-p 00000000 00:00 0 
7f5400039000-7f5404000000 ---p 00000000 00:00 0 
7f5406541000-7f5406542000 rw-p 00000000 00:00 0 
7f5406542000-7f5406545000 ---p 00000000 00:00 0 
7f5406545000-7f5406643000 rw-p 00000000 00:00 0                          [stack:10422]
7f5406643000-7f5406646000 ---p 00000000 00:00 0 
7f5406646000-7f5406744000 rw-p 00000000 00:00 0                          [stack:10421]
7f5406744000-7f5406747000 ---p 00000000 00:00 0 
7f5406747000-7f5406845000 rw-p 00000000 00:00 0                          [stack:10420]
7f5406845000-7f5406848000 ---p 00000000 00:00 0 
7f5406848000-7f540687e000 rw-p 00000000 00:00 0                          [stack:10417]
7f540687e000-7f5406881000 ---p 00000000 00:00 0 
7f5406881000-7f540697f000 rw-p 00000000 00:00 0                          [stack:10416]
7f540697f000-7f5406982000 ---p 00000000 00:00 0 
7f5406982000-7f5406a80000 rw-p 00000000 00:00 0                          [stack:10415]
7f5406a80000-7f5406a83000 ---p 00000000 00:00 0 
7f5406a83000-7f5406b81000 rw-p 00000000 00:00 0                          [stack:10418]
7f5406b81000-7f5406b83000 r--s 0001b000 00:18 3554004                    /home/xavier/android-studio/plugins/gradle/lib/gradle-tooling-extension-impl.jar
7f5406b83000-7f5406b85000 r--s 00005000 00:18 3554026                    /home/xavier/android-studio/plugins/gradle/lib/gradle-tooling-extension-api.jar
7f5406b85000-7f5406b87000 r--s 00004000 00:18 1968587                    /home/xavier/.gradle/caches/jars-1/qtven7mi8z3hsfxxq8clnrju24s99pt/builder-model-1.1.0-rc1.jar
7f5406b87000-7f5406c41000 r--s 00fb6000 00:18 1968585                    /home/xavier/.gradle/caches/jars-1/4ubxvm6cvkptn01nmlhp3vxjv7388k/openapi.jar
7f5406c41000-7f5406c43000 r--s 00005000 00:18 1968583                    /home/xavier/.gradle/caches/jars-1/bhwj5r0qcaq4pqpfen2765w10ydne55/gradle-tooling-extension-api.jar
7f5406c43000-7f5406c49000 r--s 00026000 00:18 1968581                    /home/xavier/.gradle/caches/jars-1/qlb402qqdb9mu9614i3hr843cfch7zw/gradle-base-services-2.2.jar
7f5406c49000-7f5406c71000 r--s 001cf000 00:18 1968579                    /home/xavier/.gradle/caches/jars-1/87eo0lrvp84r6dbxjq018wy66es2era/guava-jdk5-17.0.jar
7f5406c71000-7f5406c7a000 r--s 0002c000 00:18 1968577                    /home/xavier/.gradle/caches/jars-1/ltkluv74baem3ersp41z8rutm6he5v5/gradle-tooling-api-2.2.jar
7f5406c7a000-7f5406c7d000 ---p 00000000 00:00 0 
7f5406c7d000-7f5406d7b000 rw-p 00000000 00:00 0                          [stack:10409]
7f5406d7b000-7f5406d7e000 ---p 00000000 00:00 0 
7f5406d7e000-7f5406e7c000 rw-p 00000000 00:00 0                          [stack:10406]
7f5406e7c000-7f5406e7f000 ---p 00000000 00:00 0 
7f5406e7f000-7f5406f7d000 rw-p 00000000 00:00 0                          [stack:10407]
7f5406f7d000-7f5406f80000 ---p 00000000 00:00 0 
7f5406f80000-7f540707e000 rw-p 00000000 00:00 0                          [stack:10408]
7f540707e000-7f5407081000 ---p 00000000 00:00 0 
7f5407081000-7f540717f000 rw-p 00000000 00:00 0                          [stack:10410]
7f540717f000-7f5407182000 ---p 00000000 00:00 0 
7f5407182000-7f5407280000 rw-p 00000000 00:00 0                          [stack:10404]
7f5407280000-7f5407283000 ---p 00000000 00:00 0 
7f5407283000-7f5407381000 rw-p 00000000 00:00 0                          [stack:10403]
7f5407381000-7f5407384000 ---p 00000000 00:00 0 
7f5407384000-7f5407482000 rw-p 00000000 00:00 0                          [stack:10405]
7f5407482000-7f5407484000 r--s 0000d000 00:18 3550969                    /home/xavier/android-studio/gradle/m2repository/commons-codec/commons-codec/1.4/commons-codec-1.4.jar
7f5407484000-7f5407486000 r--s 0000d000 00:18 3411351                    /home/xavier/android-studio/gradle/m2repository/commons-logging/commons-logging/1.1.1/commons-logging-1.1.1.jar
7f5407486000-7f540748b000 r--s 00028000 00:18 3550561                    /home/xavier/android-studio/gradle/m2repository/org/apache/httpcomponents/httpcore/4.1/httpcore-4.1.jar
7f540748b000-7f5407493000 r--s 000a8000 00:18 3550713                    /home/xavier/android-studio/gradle/m2repository/com/android/tools/external/lombok/lombok-ast/0.2.3/lombok-ast-0.2.3.jar
7f5407493000-7f54074be000 r--s 001f9000 00:18 3550674                    /home/xavier/android-studio/gradle/m2repository/com/google/guava/guava/17.0/guava-17.0.jar
7f54074be000-7f54074c5000 r--s 00053000 00:18 3550578                    /home/xavier/android-studio/gradle/m2repository/org/apache/commons/commons-compress/1.8.1/commons-compress-1.8.1.jar
7f54074c5000-7f54074c8000 r--s 00012000 00:18 3550730                    /home/xavier/android-studio/gradle/m2repository/com/android/tools/layoutlib/layoutlib-api/24.1.0/layoutlib-api-24.1.0.jar
7f54074c8000-7f54074ca000 r--s 00005000 00:18 3550554                    /home/xavier/android-studio/gradle/m2repository/org/apache/httpcomponents/httpmime/4.1/httpmime-4.1.jar
7f54074ca000-7f54074d2000 r--s 0004e000 00:18 3550570                    /home/xavier/android-studio/gradle/m2repository/org/apache/httpcomponents/httpclient/4.1.1/httpclient-4.1.1.jar
7f54074d2000-7f54074e0000 r--s 00081000 00:18 3550596                    /home/xavier/android-studio/gradle/m2repository/org/bouncycastle/bcpkix-jdk15on/1.48/bcpkix-jdk15on-1.48.jar
7f54074e0000-7f54074e3000 ---p 00000000 00:00 0 
7f54074e3000-7f54075e1000 rw-p 00000000 00:00 0                          [stack:4409]
7f54075e1000-7f54075e4000 ---p 00000000 00:00 0 
7f54075e4000-7f54076e2000 rw-p 00000000 00:00 0                          [stack:10394]
7f54076e2000-7f54076e5000 ---p 00000000 00:00 0 
7f54076e5000-7f54077e3000 rw-p 00000000 00:00 0                          [stack:10381]
7f54077e3000-7f54077e6000 ---p 00000000 00:00 0 
7f54077e6000-7f54078e4000 rw-p 00000000 00:00 0                          [stack:10391]
7f54078e4000-7f54078e7000 ---p 00000000 00:00 0 
7f54078e7000-7f54079e5000 rw-p 00000000 00:00 0                          [stack:10390]
7f54079e5000-7f54079e8000 ---p 00000000 00:00 0 
7f54079e8000-7f5407ae6000 rw-p 00000000 00:00 0                          [stack:10378]
7f5407ae6000-7f5407afc000 r-xp 00000000 08:01 790401                     /lib/x86_64-linux-gnu/libgcc_s.so.1
7f5407afc000-7f5407cfb000 ---p 00016000 08:01 790401                     /lib/x86_64-linux-gnu/libgcc_s.so.1
7f5407cfb000-7f5407cfc000 rw-p 00015000 08:01 790401                     /lib/x86_64-linux-gnu/libgcc_s.so.1
7f5407cfc000-7f5407de2000 r-xp 00000000 08:01 6693764                    /usr/lib/x86_64-linux-gnu/libstdc++.so.6.0.19
7f5407de2000-7f5407fe1000 ---p 000e6000 08:01 6693764                    /usr/lib/x86_64-linux-gnu/libstdc++.so.6.0.19
7f5407fe1000-7f5407fe9000 r--p 000e5000 08:01 6693764                    /usr/lib/x86_64-linux-gnu/libstdc++.so.6.0.19
7f5407fe9000-7f5407feb000 rw-p 000ed000 08:01 6693764                    /usr/lib/x86_64-linux-gnu/libstdc++.so.6.0.19
7f5407feb000-7f5408000000 rw-p 00000000 00:00 0 
7f5408000000-7f5408021000 rw-p 00000000 00:00 0 
7f5408021000-7f540c000000 ---p 00000000 00:00 0 
7f540c000000-7f540c021000 rw-p 00000000 00:00 0 
7f540c021000-7f5410000000 ---p 00000000 00:00 0 
7f5410000000-7f5411981000 rw-p 00000000 00:00 0 
7f5411981000-7f5414000000 ---p 00000000 00:00 0 
7f5414000000-7f5415a70000 rw-p 00000000 00:00 0 
7f5415a70000-7f5418000000 ---p 00000000 00:00 0 
7f5418000000-7f5418021000 rw-p 00000000 00:00 0 
7f5418021000-7f541c000000 ---p 00000000 00:00 0 
7f541c000000-7f541c021000 rw-p 00000000 00:00 0 
7f541c021000-7f5420000000 ---p 00000000 00:00 0 
7f5420000000-7f542037e000 rw-p 00000000 00:00 0 
7f542037e000-7f5424000000 ---p 00000000 00:00 0 
7f5424000000-7f5424021000 rw-p 00000000 00:00 0 
7f5424021000-7f5428000000 ---p 00000000 00:00 0 
7f5428000000-7f542808b000 rw-p 00000000 00:00 0 
7f542808b000-7f542c000000 ---p 00000000 00:00 0 
7f542c000000-7f542c06b000 rw-p 00000000 00:00 0 
7f542c06b000-7f5430000000 ---p 00000000 00:00 0 
7f5430000000-7f5430083000 rw-p 00000000 00:00 0 
7f5430083000-7f5434000000 ---p 00000000 00:00 0 
7f5434000000-7f5434001000 r--s 00000000 00:18 1968589                    /home/xavier/.gradle/caches/jars-1/dg22azhabc6tsc1i8xni15giz1bnssh/gradle-appengine-builder-model-0.1.0.jar
7f5434001000-7f5434002000 r--s 00005000 00:18 3550747                    /home/xavier/android-studio/gradle/m2repository/com/android/tools/dvlib/24.1.0/dvlib-24.1.0.jar
7f5434002000-7f5434003000 r--s 0000a000 00:18 3550961                    /home/xavier/android-studio/gradle/m2repository/net/sf/kxml/kxml2/2.3.0/kxml2-2.3.0.jar
7f5434003000-7f5434004000 r--s 00001000 00:18 3550725                    /home/xavier/android-studio/gradle/m2repository/com/android/tools/annotations/24.1.0/annotations-24.1.0.jar
7f5434004000-7f5434009000 r--s 0002a000 00:18 3550667                    /home/xavier/android-studio/gradle/m2repository/com/google/code/gson/gson/2.2.4/gson-2.2.4.jar
7f5434009000-7f543400c000 r--s 0002b000 00:18 3550702                    /home/xavier/android-studio/gradle/m2repository/com/android/tools/lint/lint-api/24.1.0/lint-api-24.1.0.jar
7f543400c000-7f543400d000 r--s 00004000 00:18 3550619                    /home/xavier/android-studio/gradle/m2repository/org/ow2/asm/asm-analysis/5.0.3/asm-analysis-5.0.3.jar
7f543400d000-7f543400e000 r--s 0000c000 00:18 3550631                    /home/xavier/android-studio/gradle/m2repository/org/ow2/asm/asm/5.0.3/asm-5.0.3.jar
7f543400e000-7f5434010000 r--s 00012000 00:18 3550759                    /home/xavier/android-studio/gradle/m2repository/com/android/tools/common/24.1.0/common-24.1.0.jar
7f5434010000-7f5434019000 r--s 000a9000 00:18 3550903                    /home/xavier/android-studio/gradle/m2repository/com/android/tools/sdklib/24.1.0/sdklib-24.1.0.jar
7f5434019000-7f543401b000 r--s 00002000 00:18 3550656                    /home/xavier/android-studio/gradle/m2repository/com/squareup/javawriter/2.5.0/javawriter-2.5.0.jar
7f543401b000-7f5434020000 r--s 00042000 00:18 3550779                    /home/xavier/android-studio/gradle/m2repository/com/android/tools/ddms/ddmlib/24.1.0/ddmlib-24.1.0.jar
7f5434020000-7f5434022000 r--s 00006000 00:18 3550643                    /home/xavier/android-studio/gradle/m2repository/org/ow2/asm/asm-tree/5.0.3/asm-tree-5.0.3.jar
7f5434022000-7f5434023000 r--s 00002000 00:18 3550837                    /home/xavier/android-studio/gradle/m2repository/com/android/tools/build/builder-test-api/1.1.0/builder-test-api-1.1.0.jar
7f5434023000-7f5434056000 r--s 00203000 00:18 3550602                    /home/xavier/android-studio/gradle/m2repository/org/bouncycastle/bcprov-jdk15on/1.48/bcprov-jdk15on-1.48.jar
7f5434056000-7f543405a000 r--s 00029000 00:18 3550885                    /home/xavier/android-studio/gradle/m2repository/com/android/tools/build/manifest-merger/24.1.0/manifest-merger-24.1.0.jar
7f543405a000-7f543405c000 r--s 00004000 00:18 3550821                    /home/xavier/android-studio/gradle/m2repository/com/android/tools/build/builder-model/1.1.0/builder-model-1.1.0.jar
7f543405c000-7f5434063000 r--s 0005e000 00:18 3550739                    /home/xavier/android-studio/gradle/m2repository/com/android/tools/sdk-common/24.1.0/sdk-common-24.1.0.jar
7f5434063000-7f5434073000 r--s 000d3000 00:18 3550925                    /home/xavier/android-studio/gradle/m2repository/net/sf/proguard/proguard-base/5.1/proguard-base-5.1.jar
7f5434073000-7f5434078000 r--s 00091000 00:18 3550692                    /home/xavier/android-studio/gradle/m2repository/com/android/tools/lint/lint-checks/24.1.0/lint-checks-24.1.0.jar
7f5434078000-7f543408a000 r--s 00220000 00:18 3549853                    /home/xavier/android-studio/gradle/m2repository/org/eclipse/jdt/core/compiler/ecj/4.4/ecj-4.4.jar
7f543408a000-7f543408f000 r--s 00034000 00:18 3550801                    /home/xavier/android-studio/gradle/m2repository/com/android/tools/build/builder/1.1.0/builder-1.1.0.jar
7f543408f000-7f5434090000 r--s 00002000 00:18 3550935                    /home/xavier/android-studio/gradle/m2repository/net/sf/proguard/proguard-gradle/5.1/proguard-gradle-5.1.jar
7f5434090000-7f5434092000 r--s 0001a000 00:18 3550683                    /home/xavier/android-studio/gradle/m2repository/com/android/tools/lint/lint/24.1.0/lint-24.1.0.jar
7f5434092000-7f54340a3000 r--s 00140000 00:18 3550871                    /home/xavier/android-studio/gradle/m2repository/com/android/tools/build/gradle-core/1.1.0/gradle-core-1.1.0.jar
7f54340a3000-7f54340ad000 r--s 00253000 08:01 2362462                    /usr/lib/jvm/java-7-oracle/jre/lib/resources.jar
7f54340ad000-7f54340b0000 ---p 00000000 00:00 0 
7f54340b0000-7f54340e6000 rw-p 00000000 00:00 0                          [stack:10412]
7f54340e6000-7f54340e9000 ---p 00000000 00:00 0 
7f54340e9000-7f54341e7000 rw-p 00000000 00:00 0                          [stack:4399]
7f54341e7000-7f54341eb000 r-xp 00000000 08:01 2367760                    /tmp/native-platform2805109683897790986dir/libnative-platform.so
7f54341eb000-7f54343ea000 ---p 00004000 08:01 2367760                    /tmp/native-platform2805109683897790986dir/libnative-platform.so
7f54343ea000-7f54343eb000 rw-p 00003000 08:01 2367760                    /tmp/native-platform2805109683897790986dir/libnative-platform.so
7f54343eb000-7f54343ef000 r--s 0008b000 08:01 2362551                    /usr/lib/jvm/java-7-oracle/jre/lib/jsse.jar
7f54343ef000-7f54343f0000 r--s 00009000 00:18 3550857                    /home/xavier/android-studio/gradle/m2repository/com/android/tools/build/gradle/1.1.0/gradle-1.1.0.jar
7f54343f0000-7f54343f1000 r--p 00000000 00:00 0 
7f54343f1000-7f543445c000 r--s 00e21000 08:01 925688                     /usr/lib/jvm/java-7-oracle/lib/tools.jar
7f543445c000-7f5434463000 r--s 00000000 08:01 6958569                    /usr/lib/x86_64-linux-gnu/gconv/gconv-modules.cache
7f5434463000-7f5434465000 r--s 00002000 00:18 3407974                    /home/xavier/android-studio/gradle/gradle-2.2.1/lib/plugins/gradle-cunit-2.2.1.jar
7f5434465000-7f543446a000 r--s 00036000 00:18 3411322                    /home/xavier/android-studio/gradle/gradle-2.2.1/lib/plugins/gradle-ide-native-2.2.1.jar
7f543446a000-7f543446f000 r--s 00013000 00:18 3408036                    /home/xavier/android-studio/gradle/gradle-2.2.1/lib/plugins/gradle-language-native-2.2.1.jar
7f543446f000-7f543447a000 r--s 0004d000 00:18 3408058                    /home/xavier/android-studio/gradle/gradle-2.2.1/lib/plugins/gradle-platform-native-2.2.1.jar
7f543447a000-7f543447c000 r--s 00008000 00:18 3408010                    /home/xavier/android-studio/gradle/gradle-2.2.1/lib/plugins/gradle-language-groovy-2.2.1.jar
7f543447c000-7f5434481000 r--s 00022000 00:18 3411341                    /home/xavier/android-studio/gradle/gradle-2.2.1/lib/plugins/gradle-language-java-2.2.1.jar
7f5434481000-7f5434484000 r--s 00007000 00:18 3408067                    /home/xavier/android-studio/gradle/gradle-2.2.1/lib/plugins/gradle-language-jvm-2.2.1.jar
7f5434484000-7f5434487000 r--s 00009000 00:18 3408015                    /home/xavier/android-studio/gradle/gradle-2.2.1/lib/plugins/gradle-platform-jvm-2.2.1.jar
7f5434487000-7f543448c000 r--s 00018000 00:18 3407979                    /home/xavier/android-studio/gradle/gradle-2.2.1/lib/plugins/gradle-platform-base-2.2.1.jar
7f543448c000-7f5434491000 r--s 00026000 00:18 3411343                    /home/xavier/android-studio/gradle/gradle-2.2.1/lib/plugins/gradle-build-init-2.2.1.jar
7f5434491000-7f5434494000 r--s 0001d000 00:18 3411323                    /home/xavier/android-studio/gradle/gradle-2.2.1/lib/plugins/gradle-jacoco-2.2.1.jar
7f5434494000-7f5434497000 r--s 0000d000 00:18 3411315                    /home/xavier/android-studio/gradle/gradle-2.2.1/lib/plugins/gradle-ivy-2.2.1.jar
7f5434497000-7f5434499000 r--s 00002000 00:18 3411317                    /home/xavier/android-studio/gradle/gradle-2.2.1/lib/plugins/gradle-publish-2.2.1.jar
7f5434499000-7f543449b000 r--s 00005000 00:18 3408023                    /home/xavier/android-studio/gradle/gradle-2.2.1/lib/plugins/jatl-0.2.2.jar
7f543449b000-7f543449d000 r--s 0000f000 00:18 3408070                    /home/xavier/android-studio/gradle/gradle-2.2.1/lib/plugins/gradle-reporting-2.2.1.jar
7f543449d000-7f54344a2000 r--s 00034000 00:18 3411319                    /home/xavier/android-studio/gradle/gradle-2.2.1/lib/plugins/gradle-diagnostics-2.2.1.jar
7f54344a2000-7f54344a9000 r--s 00090000 00:18 3407985                    /home/xavier/android-studio/gradle/gradle-2.2.1/lib/plugins/gradle-build-comparison-2.2.1.jar
7f54344a9000-7f54344b0000 r--s 00035000 00:18 3408049                    /home/xavier/android-studio/gradle/gradle-2.2.1/lib/plugins/simple-4.1.21.jar
7f54344b0000-7f54344d3000 r--s 00344000 00:18 3411325                    /home/xavier/android-studio/gradle/gradle-2.2.1/lib/plugins/core-3.1.1.jar
7f54344d3000-7f54344d4000 r--s 00001000 00:18 3411333                    /home/xavier/android-studio/gradle/gradle-2.2.1/lib/plugins/gradle-plugin-development-2.2.1.jar
7f54344d4000-7f54344e0000 r--s 00100000 00:18 3411331                    /home/xavier/android-studio/gradle/gradle-2.2.1/lib/plugins/rhino-1.7R3.jar
7f54344e0000-7f54344e5000 r--s 0001f000 00:18 3411318                    /home/xavier/android-studio/gradle/gradle-2.2.1/lib/plugins/gradle-javascript-2.2.1.jar
7f54344e5000-7f54344e7000 r--s 0000e000 00:18 3411316                    /home/xavier/android-studio/gradle/gradle-2.2.1/lib/plugins/gradle-ear-2.2.1.jar
7f54344e7000-7f54344eb000 r--s 00025000 00:18 3407973                    /home/xavier/android-studio/gradle/gradle-2.2.1/lib/plugins/bcpg-jdk15-1.46.jar
7f54344eb000-7f54344ee000 r--s 0001d000 00:18 3407989                    /home/xavier/android-studio/gradle/gradle-2.2.1/lib/plugins/gradle-signing-2.2.1.jar
7f54344ee000-7f54344ef000 r--s 00002000 00:18 3407962                    /home/xavier/android-studio/gradle/gradle-2.2.1/lib/plugins/sonar-batch-bootstrapper-2.9.jar
7f54344ef000-7f54344f2000 r--s 00018000 00:18 3408032                    /home/xavier/android-studio/gradle/gradle-2.2.1/lib/plugins/gradle-sonar-2.2.1.jar
7f54344f2000-7f54344f5000 r--s 00017000 00:18 3408008                    /home/xavier/android-studio/gradle/gradle-2.2.1/lib/plugins/gradle-scala-2.2.1.jar
7f54344f5000-7f54344f7000 r--s 0000e000 00:18 3408019                    /home/xavier/android-studio/gradle/gradle-2.2.1/lib/plugins/gradle-announce-2.2.1.jar
7f54344f7000-7f5434505000 r--s 000bc000 00:18 3407980                    /home/xavier/android-studio/gradle/gradle-2.2.1/lib/plugins/gradle-ide-2.2.1.jar
7f5434505000-7f5434507000 r--s 00000000 00:18 3411324                    /home/xavier/android-studio/gradle/gradle-2.2.1/lib/plugins/plexus-component-annotations-1.5.2.jar
7f5434507000-7f543450a000 r--s 0000c000 00:18 3408017                    /home/xavier/android-studio/gradle/gradle-2.2.1/lib/plugins/pmaven-groovy-0.8-20100325.jar
7f543450a000-7f543450b000 r--s 00004000 00:18 3408051                    /home/xavier/android-studio/gradle/gradle-2.2.1/lib/plugins/pmaven-common-0.8-20100325.jar
7f543450b000-7f543450f000 r--s 0001e000 00:18 3408045                    /home/xavier/android-studio/gradle/gradle-2.2.1/lib/plugins/gradle-maven-2.2.1.jar
7f543450f000-7f5434527000 r--s 0013b000 00:18 3411335                    /home/xavier/android-studio/gradle/gradle-2.2.1/lib/plugins/bndlib-2.1.0.jar
7f5434527000-7f5434529000 r--s 00004000 00:18 3407995                    /home/xavier/android-studio/gradle/gradle-2.2.1/lib/plugins/gradle-osgi-2.2.1.jar
7f5434529000-7f543452e000 r--s 00068000 00:18 3408047                    /home/xavier/android-studio/gradle/gradle-2.2.1/lib/plugins/antlr-2.7.7.jar
7f543452e000-7f543452f000 r--s 00002000 00:18 3411330                    /home/xavier/android-studio/gradle/gradle-2.2.1/lib/plugins/ant-antlr-1.9.3.jar
7f543452f000-7f5434531000 r--s 00004000 00:18 3411321                    /home/xavier/android-studio/gradle/gradle-2.2.1/lib/plugins/gradle-antlr-2.2.1.jar
7f5434531000-7f5434534000 r--s 0001e000 00:18 3408039                    /home/xavier/android-studio/gradle/gradle-2.2.1/lib/plugins/jsp-api-2.1-6.1.14.jar
7f5434534000-7f5434535000 r--s 00006000 00:18 3411344                    /home/xavier/android-studio/gradle/gradle-2.2.1/lib/plugins/jetty-naming-6.1.25.jar
7f5434535000-7f5434536000 r--s 00002000 00:18 3408004                    /home/xavier/android-studio/gradle/gradle-2.2.1/lib/plugins/geronimo-annotation_1.0_spec-1.0.jar
7f5434536000-7f5434538000 r--s 00002000 00:18 3408026                    /home/xavier/android-studio/gradle/gradle-2.2.1/lib/plugins/jetty-annotations-6.1.25.jar
7f5434538000-7f5434549000 r--s 000ea000 00:18 3408060                    /home/xavier/android-studio/gradle/gradle-2.2.1/lib/plugins/jsp-2.1-6.1.14.jar
7f5434549000-7f543454b000 r--s 0000d000 00:18 3407977                    /home/xavier/android-studio/gradle/gradle-2.2.1/lib/plugins/jetty-plus-6.1.25.jar
7f543454b000-7f543454d000 r--s 0001f000 00:18 3408014                    /home/xavier/android-studio/gradle/gradle-2.2.1/lib/plugins/servlet-api-2.5-20081211.jar
7f543454d000-7f5434551000 r--s 00028000 00:18 3407963                    /home/xavier/android-studio/gradle/gradle-2.2.1/lib/plugins/jetty-util-6.1.25.jar
7f5434551000-7f5434558000 r--s 0007d000 00:18 3408064                    /home/xavier/android-studio/gradle/gradle-2.2.1/lib/plugins/jetty-6.1.25.jar
7f5434558000-7f543455a000 r--s 00009000 00:18 3407994                    /home/xavier/android-studio/gradle/gradle-2.2.1/lib/plugins/gradle-jetty-2.2.1.jar
7f543455a000-7f543455f000 r--s 00041000 00:18 3407999                    /home/xavier/android-studio/gradle/gradle-2.2.1/lib/plugins/gradle-code-quality-2.2.1.jar
7f543455f000-7f5434561000 r--s 00009000 00:18 3408006                    /home/xavier/android-studio/gradle/gradle-2.2.1/lib/plugins/hamcrest-core-1.3.jar
7f5434561000-7f5434567000 r--s 00033000 00:18 3408068                    /home/xavier/android-studio/gradle/gradle-2.2.1/lib/plugins/snakeyaml-1.6.jar
7f5434567000-7f5434569000 r--s 00006000 00:18 3407982                    /home/xavier/android-studio/gradle/gradle-2.2.1/lib/plugins/jcommander-1.12.jar
7f5434569000-7f543456e000 r--s 00040000 00:18 3411320                    /home/xavier/android-studio/gradle/gradle-2.2.1/lib/plugins/bsh-2.0b4.jar
7f543456e000-7f5434570000 r--s 00009000 00:18 3407970                    /home/xavier/android-studio/gradle/gradle-2.2.1/lib/plugins/commons-cli-1.2.jar
7f5434570000-7f5434579000 r--s 00089000 00:18 3408000                    /home/xavier/android-studio/gradle/gradle-2.2.1/lib/plugins/testng-6.3.1.jar
7f5434579000-7f543457f000 r--s 00036000 00:18 3408041                    /home/xavier/android-studio/gradle/gradle-2.2.1/lib/plugins/junit-4.11.jar
7f543457f000-7f543458b000 r--s 00075000 00:18 3407991                    /home/xavier/android-studio/gradle/gradle-2.2.1/lib/plugins/gradle-plugins-2.2.1.jar
7f543458b000-7f543458e000 r--s 00011000 00:18 3407965                    /home/xavier/android-studio/gradle/gradle-2.2.1/lib/plugins/gradle-plugin-use-2.2.1.jar
7f543458e000-7f54345a6000 r--s 00115000 00:18 3408055                    /home/xavier/android-studio/gradle/gradle-2.2.1/lib/plugins/xercesImpl-2.9.1.jar
7f54345a6000-7f54345ae000 r--s 00028000 00:18 3408028                    /home/xavier/android-studio/gradle/gradle-2.2.1/lib/plugins/xml-apis-1.3.04.jar
7f54345ae000-7f54345b4000 r--s 0005b000 00:18 3407968                    /home/xavier/android-studio/gradle/gradle-2.2.1/lib/plugins/jcifs-1.3.17.jar
7f54345b4000-7f54345ba000 r--s 00031000 00:18 3407983                    /home/xavier/android-studio/gradle/gradle-2.2.1/lib/plugins/httpcore-4.2.2.jar
7f54345ba000-7f54345c0000 r--s 00033000 00:18 3407967                    /home/xavier/android-studio/gradle/gradle-2.2.1/lib/plugins/commons-codec-1.6.jar
7f54345c0000-7f54345c3000 r--s 0001c000 00:18 3411339                    /home/xavier/android-studio/gradle/gradle-2.2.1/lib/plugins/nekohtml-1.9.14.jar
7f54345c3000-7f54345cc000 r--s 00060000 00:18 3408002                    /home/xavier/android-studio/gradle/gradle-2.2.1/lib/plugins/httpclient-4.2.2.jar
7f54345cc000-7f54345ce000 r--s 00007000 00:18 3411329                    /home/xavier/android-studio/gradle/gradle-2.2.1/lib/plugins/gradle-resources-http-2.2.1.jar
7f54345ce000-7f54345f6000 r--s 00194000 00:18 3408025                    /home/xavier/android-studio/gradle/gradle-2.2.1/lib/plugins/bcprov-jdk15-1.46.jar
7f54345f6000-7f54345fa000 r--s 0001d000 00:18 3411326                    /home/xavier/android-studio/gradle/gradle-2.2.1/lib/plugins/xbean-reflect-3.4.jar
7f54345fa000-7f54345ff000 r--s 0002a000 00:18 3411336                    /home/xavier/android-studio/gradle/gradle-2.2.1/lib/plugins/gson-2.2.4.jar
7f54345ff000-7f5434603000 r--s 0003d000 00:18 3408034                    /home/xavier/android-studio/gradle/gradle-2.2.1/lib/plugins/jsch-0.1.51.jar
7f5434603000-7f543461c000 r--s 00129000 00:18 3411332                    /home/xavier/android-studio/gradle/gradle-2.2.1/lib/plugins/maven-ant-tasks-2.1.3.jar
7f543461c000-7f543462b000 r--s 000d9000 00:18 3411314                    /home/xavier/android-studio/gradle/gradle-2.2.1/lib/plugins/ivy-2.2.0.jar
7f543462b000-7f543462f000 r--s 0001e000 00:18 3408030                    /home/xavier/android-studio/gradle/gradle-2.2.1/lib/plugins/jarjar-aether-impl-1.13.1.jar
7f543462f000-7f5434632000 r--s 00027000 00:18 3408037                    /home/xavier/android-studio/gradle/gradle-2.2.1/lib/plugins/jarjar-maven-model-3.0.4.jar
7f5434632000-7f5434635000 r--s 0000b000 00:18 3408022                    /home/xavier/android-studio/gradle/gradle-2.2.1/lib/plugins/jarjar-maven-artifact-3.0.4.jar
7f5434635000-7f5434639000 r--s 0001e000 00:18 3407988                    /home/xavier/android-studio/gradle/gradle-2.2.1/lib/plugins/jarjar-aether-util-1.13.1.jar
7f5434639000-7f543463b000 r--s 00007000 00:18 3411337                    /home/xavier/android-studio/gradle/gradle-2.2.1/lib/plugins/jarjar-wagon-http-shared4-2.4.jar
7f543463b000-7f5434648000 r--s 00083000 00:18 3407986                    /home/xavier/android-studio/gradle/gradle-2.2.1/lib/plugins/jarjar-maven-core-3.0.4.jar
7f5434648000-7f543464a000 r--s 00003000 00:18 3408071                    /home/xavier/android-studio/gradle/gradle-2.2.1/lib/plugins/jarjar-aether-spi-1.13.1.jar
7f543464a000-7f543464c000 r--s 00009000 00:18 3408053                    /home/xavier/android-studio/gradle/gradle-2.2.1/lib/plugins/jarjar-maven-settings-builder-3.0.4.jar
7f543464c000-7f5434650000 r--s 00014000 00:18 3408012                    /home/xavier/android-studio/gradle/gradle-2.2.1/lib/plugins/jarjar-aether-api-1.13.1.jar
7f5434650000-7f5434651000 r--s 00002000 00:18 3411327                    /home/xavier/android-studio/gradle/gradle-2.2.1/lib/plugins/jarjar-wagon-http-2.4.jar
7f5434651000-7f5434658000 r--s 00042000 00:18 3407992                    /home/xavier/android-studio/gradle/gradle-2.2.1/lib/plugins/jarjar-maven-compat-3.0.4.jar
7f5434658000-7f543465a000 r--s 00006000 00:18 3408020                    /home/xavier/android-studio/gradle/gradle-2.2.1/lib/plugins/jarjar-aether-connector-wagon-1.13.1.jar
7f543465a000-7f543465c000 r--s 00000000 00:18 3407997                    /home/xavier/android-studio/gradle/gradle-2.2.1/lib/plugins/jarjar-plexus-component-annotations-1.5.5.jar
7f543465c000-7f543465e000 r--s 00006000 00:18 3407976                    /home/xavier/android-studio/gradle/gradle-2.2.1/lib/plugins/jarjar-plexus-sec-dispatcher-1.3.jar
7f543465e000-7f5434663000 r--s 00022000 00:18 3411328                    /home/xavier/android-studio/gradle/gradle-2.2.1/lib/plugins/jarjar-maven-model-builder-3.0.4.jar
7f5434663000-7f5434665000 r--s 0000b000 00:18 3408044                    /home/xavier/android-studio/gradle/gradle-2.2.1/lib/plugins/jarjar-maven-plugin-api-3.0.4.jar
7f5434665000-7f5434668000 r--s 0000a000 00:18 3407971                    /home/xavier/android-studio/gradle/gradle-2.2.1/lib/plugins/jarjar-plexus-classworlds-2.4.jar
7f5434668000-7f543466c000 r--s 00035000 00:18 3411338                    /home/xavier/android-studio/gradle/gradle-2.2.1/lib/plugins/jarjar-plexus-utils-2.0.6.jar
7f543466c000-7f543466e000 r--s 0000e000 00:18 3411340                    /home/xavier/android-studio/gradle/gradle-2.2.1/lib/plugins/jarjar-plexus-interpolation-1.14.jar
7f543466e000-7f5434670000 r--s 00002000 00:18 3408031                    /home/xavier/android-studio/gradle/gradle-2.2.1/lib/plugins/jarjar-plexus-cipher-1.7.jar
7f5434670000-7f5434672000 r--s 0000c000 00:18 3411334                    /home/xavier/android-studio/gradle/gradle-2.2.1/lib/plugins/jarjar-wagon-provider-api-2.4.jar
7f5434672000-7f5434674000 r--s 0000d000 00:18 3411342                    /home/xavier/android-studio/gradle/gradle-2.2.1/lib/plugins/jarjar-maven-aether-provider-3.0.4.jar
7f5434674000-7f543467c000 r--s 00031000 00:18 3408065                    /home/xavier/android-studio/gradle/gradle-2.2.1/lib/plugins/jarjar-plexus-container-default-1.5.5.jar
7f543467c000-7f543467d000 r--s 00007000 00:18 3408042                    /home/xavier/android-studio/gradle/gradle-2.2.1/lib/plugins/jarjar-maven-repository-metadata-3.0.4.jar
7f543467d000-7f543467e000 r--s 0000b000 00:18 3408062                    /home/xavier/android-studio/gradle/gradle-2.2.1/lib/plugins/jarjar-maven-settings-3.0.4.jar
7f543467e000-7f5434696000 r--s 000b5000 00:18 3408056                    /home/xavier/android-studio/gradle/gradle-2.2.1/lib/plugins/gradle-dependency-management-2.2.1.jar
7f5434696000-7f54346a6000 r-xp 00000000 08:01 2761323                    /usr/lib/jvm/java-7-oracle/jre/lib/amd64/libnio.so
7f54346a6000-7f54348a6000 ---p 00010000 08:01 2761323                    /usr/lib/jvm/java-7-oracle/jre/lib/amd64/libnio.so
7f54348a6000-7f54348a7000 rw-p 00010000 08:01 2761323                    /usr/lib/jvm/java-7-oracle/jre/lib/amd64/libnio.so
7f54348a7000-7f54348a8000 r--p 00000000 08:01 284402                     /usr/share/locale-langpack/en_GB/LC_MESSAGES/libc.mo
7f54348a8000-7f54348d9000 rw-p 00000000 00:00 0 
7f54348d9000-7f54348f0000 r-xp 00000000 08:01 2761330                    /usr/lib/jvm/java-7-oracle/jre/lib/amd64/libnet.so
7f54348f0000-7f5434aef000 ---p 00017000 08:01 2761330                    /usr/lib/jvm/java-7-oracle/jre/lib/amd64/libnet.so
7f5434aef000-7f5434af0000 rw-p 00016000 08:01 2761330                    /usr/lib/jvm/java-7-oracle/jre/lib/amd64/libnet.so
7f5434af0000-7f5434af1000 r--s 00005000 00:18 3407928                    /home/xavier/android-studio/gradle/gradle-2.2.1/lib/gradle-wrapper-2.2.1.jar
7f5434af1000-7f5434afa000 r--s 0002c000 00:18 3407935                    /home/xavier/android-studio/gradle/gradle-2.2.1/lib/gradle-tooling-api-2.2.1.jar
7f5434afa000-7f5434afc000 r--s 00002000 00:18 3407950                    /home/xavier/android-studio/gradle/gradle-2.2.1/lib/gradle-open-api-2.2.1.jar
7f5434afc000-7f5434b02000 r--s 00032000 00:18 3407939                    /home/xavier/android-studio/gradle/gradle-2.2.1/lib/jaxen-1.1.jar
7f5434b02000-7f5434b07000 r--s 00048000 00:18 3407889                    /home/xavier/android-studio/gradle/gradle-2.2.1/lib/dom4j-1.6.1.jar
7f5434b07000-7f5434b12000 r--s 00059000 00:18 3407954                    /home/xavier/android-studio/gradle/gradle-2.2.1/lib/gradle-ui-2.2.1.jar
7f5434b12000-7f5434b14000 r--s 00006000 00:18 3407895                    /home/xavier/android-studio/gradle/gradle-2.2.1/lib/gradle-resources-2.2.1.jar
7f5434b14000-7f5434b16000 r--s 00007000 00:18 3407942                    /home/xavier/android-studio/gradle/gradle-2.2.1/lib/objenesis-1.2.jar
7f5434b16000-7f5434b18000 r--s 00000000 00:18 3407944                    /home/xavier/android-studio/gradle/gradle-2.2.1/lib/minlog-1.2.jar
7f5434b18000-7f5434b1a000 r--s 0000f000 00:18 3407951                    /home/xavier/android-studio/gradle/gradle-2.2.1/lib/reflectasm-1.07-shaded.jar
7f5434b1a000-7f5434b1e000 r--s 00026000 00:18 3411345                    /home/xavier/android-studio/gradle/gradle-2.2.1/lib/kryo-2.20.jar
7f5434b1e000-7f5434b27000 r--s 00039000 00:18 3407938                    /home/xavier/android-studio/gradle/gradle-2.2.1/lib/gradle-messaging-2.2.1.jar
7f5434b27000-7f5434b28000 r--s 00003000 00:18 3407957                    /home/xavier/android-studio/gradle/gradle-2.2.1/lib/native-platform-freebsd-amd64-0.10.jar
7f5434b28000-7f5434b29000 r--s 00003000 00:18 3407931                    /home/xavier/android-studio/gradle/gradle-2.2.1/lib/native-platform-freebsd-i386-0.10.jar
7f5434b29000-7f5434b2a000 r--s 00005000 00:18 3407937                    /home/xavier/android-studio/gradle/gradle-2.2.1/lib/native-platform-windows-i386-0.10.jar
7f5434b2a000-7f5434b2b000 r--s 00005000 00:18 3407881                    /home/xavier/android-studio/gradle/gradle-2.2.1/lib/native-platform-windows-amd64-0.10.jar
7f5434b2b000-7f5434b2c000 r--s 00003000 00:18 3407887                    /home/xavier/android-studio/gradle/gradle-2.2.1/lib/native-platform-linux-i386-0.10.jar
7f5434b2c000-7f5434b2d000 r--s 00003000 00:18 3407902                    /home/xavier/android-studio/gradle/gradle-2.2.1/lib/native-platform-linux-amd64-0.10.jar
7f5434b2d000-7f5434b2e000 r--s 00002000 00:18 3411346                    /home/xavier/android-studio/gradle/gradle-2.2.1/lib/native-platform-osx-amd64-0.10.jar
7f5434b2e000-7f5434b30000 r--s 00008000 00:18 3407923                    /home/xavier/android-studio/gradle/gradle-2.2.1/lib/jansi-1.2.1.jar
7f5434b30000-7f5434b33000 r--s 0000d000 00:18 3407945                    /home/xavier/android-studio/gradle/gradle-2.2.1/lib/native-platform-0.10.jar
7f5434b33000-7f5434b37000 r--s 000e4000 00:18 3407885                    /home/xavier/android-studio/gradle/gradle-2.2.1/lib/jna-3.2.7.jar
7f5434b37000-7f5434b39000 r--s 00008000 00:18 3407922                    /home/xavier/android-studio/gradle/gradle-2.2.1/lib/gradle-native-2.2.1.jar
7f5434b39000-7f5434b3b000 r--s 00005000 00:18 3407956                    /home/xavier/android-studio/gradle/gradle-2.2.1/lib/gradle-cli-2.2.1.jar
7f5434b3b000-7f5434b3d000 r--s 00003000 00:18 3407898                    /home/xavier/android-studio/gradle/gradle-2.2.1/lib/gradle-base-services-groovy-2.2.1.jar
7f5434b3d000-7f5434ba8000 r--s 00685000 00:18 3407883                    /home/xavier/android-studio/gradle/gradle-2.2.1/lib/groovy-all-2.3.6.jar
7f5434ba8000-7f5434bd0000 r--s 001cf000 00:18 3407918                    /home/xavier/android-studio/gradle/gradle-2.2.1/lib/guava-jdk5-17.0.jar
7f5434bd0000-7f5434bd1000 ---p 00000000 00:00 0 
7f5434bd1000-7f5434cd1000 rw-p 00000000 00:00 0                          [stack:4398]
7f5434cd1000-7f5434cd4000 ---p 00000000 00:00 0 
7f5434cd4000-7f5434dd2000 rw-p 00000000 00:00 0                          [stack:4397]
7f5434dd2000-7f5434dd5000 ---p 00000000 00:00 0 
7f5434dd5000-7f5434ed3000 rw-p 00000000 00:00 0                          [stack:4396]
7f5434ed3000-7f5434ed6000 ---p 00000000 00:00 0 
7f5434ed6000-7f5434fd4000 rw-p 00000000 00:00 0                          [stack:4395]
7f5434fd4000-7f5434fd7000 ---p 00000000 00:00 0 
7f5434fd7000-7f54350d5000 rw-p 00000000 00:00 0                          [stack:4394]
7f54350d5000-7f5435800000 r--p 00000000 08:01 6691832                    /usr/lib/locale/locale-archive
7f5435800000-7f5438000000 rw-p 00000000 00:00 0 
7f5438000000-7f5438041000 rw-p 00000000 00:00 0 
7f5438041000-7f543c000000 ---p 00000000 00:00 0 
7f543c000000-7f543c001000 r--s 00002000 00:18 3407925                    /home/xavier/android-studio/gradle/gradle-2.2.1/lib/native-platform-osx-i386-0.10.jar
7f543c001000-7f543c003000 r--s 0000a000 00:18 3407914                    /home/xavier/android-studio/gradle/gradle-2.2.1/lib/gradle-model-groovy-2.2.1.jar
7f543c003000-7f543c007000 r--s 0001b000 00:18 3407906                    /home/xavier/android-studio/gradle/gradle-2.2.1/lib/gradle-model-core-2.2.1.jar
7f543c007000-7f543c008000 r--s 00000000 00:18 3407929                    /home/xavier/android-studio/gradle/gradle-2.2.1/lib/gradle-docs-2.2.1.jar
7f543c008000-7f543c00a000 r--s 00003000 00:18 3407900                    /home/xavier/android-studio/gradle/gradle-2.2.1/lib/jcl-over-slf4j-1.7.7.jar
7f543c00a000-7f543c00d000 r--s 0001b000 00:18 3407904                    /home/xavier/android-studio/gradle/gradle-2.2.1/lib/jarjar-1.3.jar
7f543c00d000-7f543c013000 r--s 0003b000 00:18 3407893                    /home/xavier/android-studio/gradle/gradle-2.2.1/lib/logback-classic-1.0.13.jar
7f543c013000-7f543c01d000 r--s 0005d000 00:18 3407912                    /home/xavier/android-studio/gradle/gradle-2.2.1/lib/logback-core-1.0.13.jar
7f543c01d000-7f543c03c000 r--s 001cc000 00:18 3407897                    /home/xavier/android-studio/gradle/gradle-2.2.1/lib/ant-1.9.3.jar
7f543c03c000-7f543c06d000 r--s 00191000 00:18 3407908                    /home/xavier/android-studio/gradle/gradle-2.2.1/lib/gradle-core-2.2.1.jar
7f543c06d000-7f543c070000 ---p 00000000 00:00 0 
7f543c070000-7f543c16e000 rw-p 00000000 00:00 0                          [stack:4393]
7f543c16e000-7f543c171000 ---p 00000000 00:00 0 
7f543c171000-7f543c26f000 rw-p 00000000 00:00 0                          [stack:4392]
7f543c26f000-7f543c270000 ---p 00000000 00:00 0 
7f543c270000-7f543d000000 rw-p 00000000 00:00 0                          [stack:4391]
7f543d000000-7f543d970000 rwxp 00000000 00:00 0 
7f543d970000-7f5440a83000 rw-p 00000000 00:00 0 
7f5440a83000-7f5444000000 ---p 00000000 00:00 0 
7f5444000000-7f5444001000 r--s 00005000 00:18 3407947                    /home/xavier/android-studio/gradle/gradle-2.2.1/lib/log4j-over-slf4j-1.7.7.jar
7f5444001000-7f5444002000 r--s 00000000 00:18 3407934                    /home/xavier/android-studio/gradle/gradle-2.2.1/lib/javax.inject-1.jar
7f5444002000-7f5444004000 r--s 00000000 00:18 3407941                    /home/xavier/android-studio/gradle/gradle-2.2.1/lib/jul-to-slf4j-1.7.7.jar
7f5444004000-7f5444009000 r--s 00041000 00:18 3407891                    /home/xavier/android-studio/gradle/gradle-2.2.1/lib/commons-lang-2.6.jar
7f5444009000-7f5444017000 r--s 0007f000 00:18 3407948                    /home/xavier/android-studio/gradle/gradle-2.2.1/lib/commons-collections-3.2.1.jar
7f5444017000-7f544401c000 r--s 00036000 00:18 3407932                    /home/xavier/android-studio/gradle/gradle-2.2.1/lib/asm-all-5.0.3.jar
7f544401c000-7f544438b000 rw-p 00000000 00:00 0 
7f544438b000-7f544454b000 r--s 039fb000 08:01 2362465                    /usr/lib/jvm/java-7-oracle/jre/lib/rt.jar
7f544454b000-7f54448c4000 rw-p 00000000 00:00 0 
7f54448c4000-7f54448c5000 ---p 00000000 00:00 0 
7f54448c5000-7f54449c5000 rw-p 00000000 00:00 0                          [stack:4390]
7f54449c5000-7f54449c6000 ---p 00000000 00:00 0 
7f54449c6000-7f5444ac6000 rw-p 00000000 00:00 0                          [stack:4389]
7f5444ac6000-7f5444ac7000 ---p 00000000 00:00 0 
7f5444ac7000-7f5444bc7000 rw-p 00000000 00:00 0                          [stack:4388]
7f5444bc7000-7f5444bc8000 ---p 00000000 00:00 0 
7f5444bc8000-7f5444d16000 rw-p 00000000 00:00 0                          [stack:4387]
7f5444d16000-7f5444d48000 rw-p 00000000 00:00 0 
7f5444d48000-7f5444d7d000 rw-p 00000000 00:00 0 
7f5444d7d000-7f5444e9e000 rw-p 00000000 00:00 0 
7f5444e9e000-7f5444eec000 rw-p 00000000 00:00 0 
7f5444eec000-7f5444f1e000 rw-p 00000000 00:00 0 
7f5444f1e000-7f5444f53000 rw-p 00000000 00:00 0 
7f5444f53000-7f5445073000 rw-p 00000000 00:00 0 
7f5445073000-7f544511e000 rw-p 00000000 00:00 0 
7f544511e000-7f544511f000 rw-p 00000000 00:00 0 
7f544511f000-7f5445136000 r-xp 00000000 08:01 2761326                    /usr/lib/jvm/java-7-oracle/jre/lib/amd64/libzip.so
7f5445136000-7f5445336000 ---p 00017000 08:01 2761326                    /usr/lib/jvm/java-7-oracle/jre/lib/amd64/libzip.so
7f5445336000-7f5445337000 rw-p 00017000 08:01 2761326                    /usr/lib/jvm/java-7-oracle/jre/lib/amd64/libzip.so
7f5445337000-7f5445342000 r-xp 00000000 08:01 789640                     /lib/x86_64-linux-gnu/libnss_files-2.19.so
7f5445342000-7f5445541000 ---p 0000b000 08:01 789640                     /lib/x86_64-linux-gnu/libnss_files-2.19.so
7f5445541000-7f5445542000 r--p 0000a000 08:01 789640                     /lib/x86_64-linux-gnu/libnss_files-2.19.so
7f5445542000-7f5445543000 rw-p 0000b000 08:01 789640                     /lib/x86_64-linux-gnu/libnss_files-2.19.so
7f5445543000-7f544554e000 r-xp 00000000 08:01 789669                     /lib/x86_64-linux-gnu/libnss_nis-2.19.so
7f544554e000-7f544574d000 ---p 0000b000 08:01 789669                     /lib/x86_64-linux-gnu/libnss_nis-2.19.so
7f544574d000-7f544574e000 r--p 0000a000 08:01 789669                     /lib/x86_64-linux-gnu/libnss_nis-2.19.so
7f544574e000-7f544574f000 rw-p 0000b000 08:01 789669                     /lib/x86_64-linux-gnu/libnss_nis-2.19.so
7f544574f000-7f5445766000 r-xp 00000000 08:01 789656                     /lib/x86_64-linux-gnu/libnsl-2.19.so
7f5445766000-7f5445965000 ---p 00017000 08:01 789656                     /lib/x86_64-linux-gnu/libnsl-2.19.so
7f5445965000-7f5445966000 r--p 00016000 08:01 789656                     /lib/x86_64-linux-gnu/libnsl-2.19.so
7f5445966000-7f5445967000 rw-p 00017000 08:01 789656                     /lib/x86_64-linux-gnu/libnsl-2.19.so
7f5445967000-7f5445969000 rw-p 00000000 00:00 0 
7f5445969000-7f5445972000 r-xp 00000000 08:01 789650                     /lib/x86_64-linux-gnu/libnss_compat-2.19.so
7f5445972000-7f5445b71000 ---p 00009000 08:01 789650                     /lib/x86_64-linux-gnu/libnss_compat-2.19.so
7f5445b71000-7f5445b72000 r--p 00008000 08:01 789650                     /lib/x86_64-linux-gnu/libnss_compat-2.19.so
7f5445b72000-7f5445b73000 rw-p 00009000 08:01 789650                     /lib/x86_64-linux-gnu/libnss_compat-2.19.so
7f5445b73000-7f5445b9c000 r-xp 00000000 08:01 2761335                    /usr/lib/jvm/java-7-oracle/jre/lib/amd64/libjava.so
7f5445b9c000-7f5445d9c000 ---p 00029000 08:01 2761335                    /usr/lib/jvm/java-7-oracle/jre/lib/amd64/libjava.so
7f5445d9c000-7f5445d9e000 rw-p 00029000 08:01 2761335                    /usr/lib/jvm/java-7-oracle/jre/lib/amd64/libjava.so
7f5445d9e000-7f5445dab000 r-xp 00000000 08:01 2761329                    /usr/lib/jvm/java-7-oracle/jre/lib/amd64/libverify.so
7f5445dab000-7f5445faa000 ---p 0000d000 08:01 2761329                    /usr/lib/jvm/java-7-oracle/jre/lib/amd64/libverify.so
7f5445faa000-7f5445fac000 rw-p 0000c000 08:01 2761329                    /usr/lib/jvm/java-7-oracle/jre/lib/amd64/libverify.so
7f5445fac000-7f5445fb3000 r-xp 00000000 08:01 789665                     /lib/x86_64-linux-gnu/librt-2.19.so
7f5445fb3000-7f54461b2000 ---p 00007000 08:01 789665                     /lib/x86_64-linux-gnu/librt-2.19.so
7f54461b2000-7f54461b3000 r--p 00006000 08:01 789665                     /lib/x86_64-linux-gnu/librt-2.19.so
7f54461b3000-7f54461b4000 rw-p 00007000 08:01 789665                     /lib/x86_64-linux-gnu/librt-2.19.so
7f54461b4000-7f54462b9000 r-xp 00000000 08:01 789639                     /lib/x86_64-linux-gnu/libm-2.19.so
7f54462b9000-7f54464b8000 ---p 00105000 08:01 789639                     /lib/x86_64-linux-gnu/libm-2.19.so
7f54464b8000-7f54464b9000 r--p 00104000 08:01 789639                     /lib/x86_64-linux-gnu/libm-2.19.so
7f54464b9000-7f54464ba000 rw-p 00105000 08:01 789639                     /lib/x86_64-linux-gnu/libm-2.19.so
7f54464ba000-7f5447030000 r-xp 00000000 08:01 3154211                    /usr/lib/jvm/java-7-oracle/jre/lib/amd64/server/libjvm.so
7f5447030000-7f544722f000 ---p 00b76000 08:01 3154211                    /usr/lib/jvm/java-7-oracle/jre/lib/amd64/server/libjvm.so
7f544722f000-7f54472f3000 rw-p 00b75000 08:01 3154211                    /usr/lib/jvm/java-7-oracle/jre/lib/amd64/server/libjvm.so
7f54472f3000-7f5447334000 rw-p 00000000 00:00 0 
7f5447334000-7f54474ef000 r-xp 00000000 08:01 789662                     /lib/x86_64-linux-gnu/libc-2.19.so
7f54474ef000-7f54476ee000 ---p 001bb000 08:01 789662                     /lib/x86_64-linux-gnu/libc-2.19.so
7f54476ee000-7f54476f2000 r--p 001ba000 08:01 789662                     /lib/x86_64-linux-gnu/libc-2.19.so
7f54476f2000-7f54476f4000 rw-p 001be000 08:01 789662                     /lib/x86_64-linux-gnu/libc-2.19.so
7f54476f4000-7f54476f9000 rw-p 00000000 00:00 0 
7f54476f9000-7f54476fc000 r-xp 00000000 08:01 789644                     /lib/x86_64-linux-gnu/libdl-2.19.so
7f54476fc000-7f54478fb000 ---p 00003000 08:01 789644                     /lib/x86_64-linux-gnu/libdl-2.19.so
7f54478fb000-7f54478fc000 r--p 00002000 08:01 789644                     /lib/x86_64-linux-gnu/libdl-2.19.so
7f54478fc000-7f54478fd000 rw-p 00003000 08:01 789644                     /lib/x86_64-linux-gnu/libdl-2.19.so
7f54478fd000-7f5447912000 r-xp 00000000 08:01 2362561                    /usr/lib/jvm/java-7-oracle/lib/amd64/jli/libjli.so
7f5447912000-7f5447b11000 ---p 00015000 08:01 2362561                    /usr/lib/jvm/java-7-oracle/lib/amd64/jli/libjli.so
7f5447b11000-7f5447b12000 rw-p 00014000 08:01 2362561                    /usr/lib/jvm/java-7-oracle/lib/amd64/jli/libjli.so
7f5447b12000-7f5447b2b000 r-xp 00000000 08:01 789663                     /lib/x86_64-linux-gnu/libpthread-2.19.so
7f5447b2b000-7f5447d2a000 ---p 00019000 08:01 789663                     /lib/x86_64-linux-gnu/libpthread-2.19.so
7f5447d2a000-7f5447d2b000 r--p 00018000 08:01 789663                     /lib/x86_64-linux-gnu/libpthread-2.19.so
7f5447d2b000-7f5447d2c000 rw-p 00019000 08:01 789663                     /lib/x86_64-linux-gnu/libpthread-2.19.so
7f5447d2c000-7f5447d30000 rw-p 00000000 00:00 0 
7f5447d30000-7f5447d53000 r-xp 00000000 08:01 789658                     /lib/x86_64-linux-gnu/ld-2.19.so
7f5447d53000-7f5447d54000 r--s 00000000 00:18 3407920                    /home/xavier/android-studio/gradle/gradle-2.2.1/lib/jcip-annotations-1.0.jar
7f5447d54000-7f5447d57000 r--s 00018000 00:18 3407959                    /home/xavier/android-studio/gradle/gradle-2.2.1/lib/commons-io-1.4.jar
7f5447d57000-7f5447d59000 r--s 00006000 00:18 3407910                    /home/xavier/android-studio/gradle/gradle-2.2.1/lib/slf4j-api-1.7.7.jar
7f5447d59000-7f5447d98000 rw-p 00000000 00:00 0 
7f5447d98000-7f5447e32000 rw-p 00000000 00:00 0 
7f5447e32000-7f5447e35000 ---p 00000000 00:00 0 
7f5447e35000-7f5447f37000 rw-p 00000000 00:00 0                          [stack:4386]
7f5447f37000-7f5447f38000 r--s 00004000 00:18 3407916                    /home/xavier/android-studio/gradle/gradle-2.2.1/lib/ant-launcher-1.9.3.jar
7f5447f38000-7f5447f3e000 r--s 00026000 00:18 3407926                    /home/xavier/android-studio/gradle/gradle-2.2.1/lib/gradle-base-services-2.2.1.jar
7f5447f3e000-7f5447f46000 r--s 0003c000 00:18 3407953                    /home/xavier/android-studio/gradle/gradle-2.2.1/lib/gradle-launcher-2.2.1.jar
7f5447f46000-7f5447f4e000 rw-s 00000000 08:01 2367756                    /tmp/hsperfdata_xavier/4383
7f5447f4e000-7f5447f4f000 rw-p 00000000 00:00 0 
7f5447f4f000-7f5447f50000 ---p 00000000 00:00 0 
7f5447f50000-7f5447f52000 rw-p 00000000 00:00 0 
7f5447f52000-7f5447f53000 r--p 00022000 08:01 789658                     /lib/x86_64-linux-gnu/ld-2.19.so
7f5447f53000-7f5447f54000 rw-p 00023000 08:01 789658                     /lib/x86_64-linux-gnu/ld-2.19.so
7f5447f54000-7f5447f55000 rw-p 00000000 00:00 0 
7ffffc077000-7ffffc098000 rw-p 00000000 00:00 0                          [stack]
7ffffc17d000-7ffffc17f000 r-xp 00000000 00:00 0                          [vdso]
ffffffffff600000-ffffffffff601000 r-xp 00000000 00:00 0                  [vsyscall]

VM Arguments:
jvm_args: -XX:MaxPermSize=256m -XX:+HeapDumpOnOutOfMemoryError -Xmx1024m -Dfile.encoding=UTF-8 -Duser.country=GB -Duser.language=en -Duser.variant 
java_command: org.gradle.launcher.daemon.bootstrap.GradleDaemon 2.2.1 /home/xavier/.gradle/daemon 10800000 054f0704-dbeb-458a-a5bb-2d7c8228ceac -XX:MaxPermSize=256m -XX:+HeapDumpOnOutOfMemoryError -Xmx1024m -Dfile.encoding=UTF-8 -Duser.country=GB -Duser.language=en -Duser.variant
Launcher Type: SUN_STANDARD

Environment Variables:
JAVA_HOME=/usr/lib/jvm/java-7-oracle
CLASSPATH=/home/xavier/android-studio/bin/../lib/bootstrap.jar:/home/xavier/android-studio/bin/../lib/extensions.jar:/home/xavier/android-studio/bin/../lib/util.jar:/home/xavier/android-studio/bin/../lib/jdom.jar:/home/xavier/android-studio/bin/../lib/log4j.jar:/home/xavier/android-studio/bin/../lib/trove4j.jar:/home/xavier/android-studio/bin/../lib/jna.jar:/usr/lib/jvm/java-7-oracle/lib/tools.jar
PATH=/home/xavier/bin:/usr/local/sbin:/usr/local/bin:/usr/sbin:/usr/bin:/sbin:/bin:/usr/games:/usr/local/games
LD_LIBRARY_PATH=/home/xavier/android-studio/bin:
SHELL=/usr/bin/zsh
DISPLAY=:0

Signal Handlers:
SIGSEGV: [libjvm.so+0x9a3b20], sa_mask[0]=0x7ffbfeff, sa_flags=0x10000004
SIGBUS: [libjvm.so+0x9a3b20], sa_mask[0]=0x7ffbfeff, sa_flags=0x10000004
SIGFPE: [libjvm.so+0x81e740], sa_mask[0]=0x7ffbfeff, sa_flags=0x10000004
SIGPIPE: [libjvm.so+0x81e740], sa_mask[0]=0x7ffbfeff, sa_flags=0x10000004
SIGXFSZ: [libjvm.so+0x81e740], sa_mask[0]=0x7ffbfeff, sa_flags=0x10000004
SIGILL: [libjvm.so+0x81e740], sa_mask[0]=0x7ffbfeff, sa_flags=0x10000004
SIGUSR1: SIG_DFL, sa_mask[0]=0x00000000, sa_flags=0x00000000
SIGUSR2: [libjvm.so+0x81ffb0], sa_mask[0]=0x00000004, sa_flags=0x10000004
SIGHUP: [libjvm.so+0x8210d0], sa_mask[0]=0x7ffbfeff, sa_flags=0x10000004
SIGINT: [libjvm.so+0x8210d0], sa_mask[0]=0x7ffbfeff, sa_flags=0x10000004
SIGTERM: [libjvm.so+0x8210d0], sa_mask[0]=0x7ffbfeff, sa_flags=0x10000004
SIGQUIT: [libjvm.so+0x8210d0], sa_mask[0]=0x7ffbfeff, sa_flags=0x10000004


---------------  S Y S T E M  ---------------

OS:jessie/sid

uname:Linux 3.13.0-51-generic #84-Ubuntu SMP Wed Apr 15 12:08:34 UTC 2015 x86_64
libc:glibc 2.19 NPTL 2.19 
rlimit: STACK 8192k, CORE 0k, NPROC 30592, NOFILE 4096, AS infinity
load average:2,93 1,61 1,44

/proc/meminfo:
MemTotal:        3945668 kB
MemFree:          104256 kB
Buffers:             556 kB
Cached:           378192 kB
SwapCached:            0 kB
Active:          3305140 kB
Inactive:         373348 kB
Active(anon):    3302316 kB
Inactive(anon):   358212 kB
Active(file):       2824 kB
Inactive(file):    15136 kB
Unevictable:          48 kB
Mlocked:              48 kB
SwapTotal:             0 kB
SwapFree:              0 kB
Dirty:               848 kB
Writeback:             0 kB
AnonPages:       3300424 kB
Mapped:            75848 kB
Shmem:            360224 kB
Slab:              67328 kB
SReclaimable:      26960 kB
SUnreclaim:        40368 kB
KernelStack:        4520 kB
PageTables:        32996 kB
NFS_Unstable:          0 kB
Bounce:                0 kB
WritebackTmp:          0 kB
CommitLimit:     1972832 kB
Committed_AS:    6754600 kB
VmallocTotal:   34359738367 kB
VmallocUsed:      347968 kB
VmallocChunk:   34359379580 kB
HardwareCorrupted:     0 kB
AnonHugePages:   1718272 kB
HugePages_Total:       0
HugePages_Free:        0
HugePages_Rsvd:        0
HugePages_Surp:        0
Hugepagesize:       2048 kB
DirectMap4k:      105404 kB
DirectMap2M:     3987456 kB


CPU:total 4 (2 cores per cpu, 2 threads per core) family 6 model 42 stepping 7, cmov, cx8, fxsr, mmx, sse, sse2, sse3, ssse3, sse4.1, sse4.2, popcnt, avx, aes, ht, tsc, tscinvbit

/proc/cpuinfo:
processor	: 0
vendor_id	: GenuineIntel
cpu family	: 6
model		: 42
model name	: Intel(R) Core(TM) i5-2467M CPU @ 1.60GHz
stepping	: 7
microcode	: 0x23
cpu MHz		: 1601.000
cache size	: 3072 KB
physical id	: 0
siblings	: 4
core id		: 0
cpu cores	: 2
apicid		: 0
initial apicid	: 0
fpu		: yes
fpu_exception	: yes
cpuid level	: 13
wp		: yes
flags		: fpu vme de pse tsc msr pae mce cx8 apic sep mtrr pge mca cmov pat pse36 clflush dts acpi mmx fxsr sse sse2 ss ht tm pbe syscall nx rdtscp lm constant_tsc arch_perfmon pebs bts rep_good nopl xtopology nonstop_tsc aperfmperf eagerfpu pni pclmulqdq dtes64 monitor ds_cpl vmx est tm2 ssse3 cx16 xtpr pdcm pcid sse4_1 sse4_2 x2apic popcnt tsc_deadline_timer aes xsave avx lahf_lm ida arat epb xsaveopt pln pts dtherm tpr_shadow vnmi flexpriority ept vpid
bogomips	: 3192.60
clflush size	: 64
cache_alignment	: 64
address sizes	: 36 bits physical, 48 bits virtual
power management:

processor	: 1
vendor_id	: GenuineIntel
cpu family	: 6
model		: 42
model name	: Intel(R) Core(TM) i5-2467M CPU @ 1.60GHz
stepping	: 7
microcode	: 0x23
cpu MHz		: 800.000
cache size	: 3072 KB
physical id	: 0
siblings	: 4
core id		: 0
cpu cores	: 2
apicid		: 1
initial apicid	: 1
fpu		: yes
fpu_exception	: yes
cpuid level	: 13
wp		: yes
flags		: fpu vme de pse tsc msr pae mce cx8 apic sep mtrr pge mca cmov pat pse36 clflush dts acpi mmx fxsr sse sse2 ss ht tm pbe syscall nx rdtscp lm constant_tsc arch_perfmon pebs bts rep_good nopl xtopology nonstop_tsc aperfmperf eagerfpu pni pclmulqdq dtes64 monitor ds_cpl vmx est tm2 ssse3 cx16 xtpr pdcm pcid sse4_1 sse4_2 x2apic popcnt tsc_deadline_timer aes xsave avx lahf_lm ida arat epb xsaveopt pln pts dtherm tpr_shadow vnmi flexpriority ept vpid
bogomips	: 3192.60
clflush size	: 64
cache_alignment	: 64
address sizes	: 36 bits physical, 48 bits virtual
power management:

processor	: 2
vendor_id	: GenuineIntel
cpu family	: 6
model		: 42
model name	: Intel(R) Core(TM) i5-2467M CPU @ 1.60GHz
stepping	: 7
microcode	: 0x23
cpu MHz		: 1601.000
cache size	: 3072 KB
physical id	: 0
siblings	: 4
core id		: 1
cpu cores	: 2
apicid		: 2
initial apicid	: 2
fpu		: yes
fpu_exception	: yes
cpuid level	: 13
wp		: yes
flags		: fpu vme de pse tsc msr pae mce cx8 apic sep mtrr pge mca cmov pat pse36 clflush dts acpi mmx fxsr sse sse2 ss ht tm pbe syscall nx rdtscp lm constant_tsc arch_perfmon pebs bts rep_good nopl xtopology nonstop_tsc aperfmperf eagerfpu pni pclmulqdq dtes64 monitor ds_cpl vmx est tm2 ssse3 cx16 xtpr pdcm pcid sse4_1 sse4_2 x2apic popcnt tsc_deadline_timer aes xsave avx lahf_lm ida arat epb xsaveopt pln pts dtherm tpr_shadow vnmi flexpriority ept vpid
bogomips	: 3192.60
clflush size	: 64
cache_alignment	: 64
address sizes	: 36 bits physical, 48 bits virtual
power management:

processor	: 3
vendor_id	: GenuineIntel
cpu family	: 6
model		: 42
model name	: Intel(R) Core(TM) i5-2467M CPU @ 1.60GHz
stepping	: 7
microcode	: 0x23
cpu MHz		: 800.000
cache size	: 3072 KB
physical id	: 0
siblings	: 4
core id		: 1
cpu cores	: 2
apicid		: 3
initial apicid	: 3
fpu		: yes
fpu_exception	: yes
cpuid level	: 13
wp		: yes
flags		: fpu vme de pse tsc msr pae mce cx8 apic sep mtrr pge mca cmov pat pse36 clflush dts acpi mmx fxsr sse sse2 ss ht tm pbe syscall nx rdtscp lm constant_tsc arch_perfmon pebs bts rep_good nopl xtopology nonstop_tsc aperfmperf eagerfpu pni pclmulqdq dtes64 monitor ds_cpl vmx est tm2 ssse3 cx16 xtpr pdcm pcid sse4_1 sse4_2 x2apic popcnt tsc_deadline_timer aes xsave avx lahf_lm ida arat epb xsaveopt pln pts dtherm tpr_shadow vnmi flexpriority ept vpid
bogomips	: 3192.60
clflush size	: 64
cache_alignment	: 64
address sizes	: 36 bits physical, 48 bits virtual
power management:



Memory: 4k page, physical 3945668k(104008k free), swap 0k(0k free)

vm_info: Java HotSpot(TM) 64-Bit Server VM (24.80-b11) for linux-amd64 JRE (1.7.0_80-b15), built on Apr 10 2015 19:53:14 by "java_re" with gcc 4.3.0 20080428 (Red Hat 4.3.0-8)

time: Thu Apr 30 18:53:01 2015
elapsed time: 10173 seconds

