#
# There is insufficient memory for the Java Runtime Environment to continue.
# Native memory allocation (malloc) failed to allocate 52428800 bytes for committing reserved memory.
# Possible reasons:
#   The system is out of physical RAM or swap space
#   In 32 bit mode, the process size limit was hit
# Possible solutions:
#   Reduce memory load on the system
#   Increase physical memory or swap space
#   Check if swap backing store is full
#   Use 64 bit Java on a 64 bit OS
#   Decrease Java heap size (-Xmx/-Xms)
#   Decrease number of Java threads
#   Decrease Java thread stack sizes (-Xss)
#   Set larger code cache with -XX:ReservedCodeCacheSize=
# This output file may be truncated or incomplete.
#
#  Out of Memory Error (os_linux.cpp:2756), pid=28756, tid=139892613359360
#
# JRE version: Java(TM) SE Runtime Environment (7.0_80-b15) (build 1.7.0_80-b15)
# Java VM: Java HotSpot(TM) 64-Bit Server VM (24.80-b11 mixed mode linux-amd64 compressed oops)
# Failed to write core dump. Core dumps have been disabled. To enable core dumping, try "ulimit -c unlimited" before starting Java again
#

---------------  T H R E A D  ---------------

Current thread (0x00007f3b5406a800):  VMThread [stack: 0x00007f3b4976a000,0x00007f3b4986b000] [id=28767]

Stack: [0x00007f3b4976a000,0x00007f3b4986b000],  sp=0x00007f3b49869340,  free space=1020k
Native frames: (J=compiled Java code, j=interpreted, Vv=VM code, C=native code)
V  [libjvm.so+0x9a320a]  VMError::report_and_die()+0x2ea
V  [libjvm.so+0x498d3b]  report_vm_out_of_memory(char const*, int, unsigned long, char const*)+0x9b
V  [libjvm.so+0x82191e]  os::Linux::commit_memory_impl(char*, unsigned long, bool)+0xfe
V  [libjvm.so+0x821e69]  os::pd_commit_memory(char*, unsigned long, unsigned long, bool)+0x29
V  [libjvm.so+0x81bb6a]  os::commit_memory(char*, unsigned long, unsigned long, bool)+0x2a
V  [libjvm.so+0x88d623]  PSVirtualSpace::expand_by(unsigned long)+0x53
V  [libjvm.so+0x88e9f8]  PSYoungGen::resize_generation(unsigned long, unsigned long)+0xf8
V  [libjvm.so+0x88db62]  PSYoungGen::resize(unsigned long, unsigned long)+0x22
V  [libjvm.so+0x88af1d]  PSScavenge::invoke_no_policy()+0xf3d
V  [libjvm.so+0x88b761]  PSScavenge::invoke()+0x41
V  [libjvm.so+0x843f40]  ParallelScavengeHeap::failed_mem_allocate(unsigned long)+0x70
V  [libjvm.so+0x9a4a97]  VM_ParallelGCFailedAllocation::doit()+0x97
V  [libjvm.so+0x9abf35]  VM_Operation::evaluate()+0x55
V  [libjvm.so+0x9aa2fa]  VMThread::evaluate_operation(VM_Operation*)+0xba
V  [libjvm.so+0x9aa67e]  VMThread::loop()+0x1ce
V  [libjvm.so+0x9aaaf0]  VMThread::run()+0x70
V  [libjvm.so+0x8238c8]  java_start(Thread*)+0x108

VM_Operation (0x00007f3b5b609210): ParallelGCFailedAllocation, mode: safepoint, requested by thread 0x00007f3b5400a800


---------------  P R O C E S S  ---------------

Java Threads: ( => current thread )
  0x00007f3b5409a800 JavaThread "Service Thread" daemon [_thread_blocked, id=28773, stack(0x00007f3b48a39000,0x00007f3b48b3a000)]
  0x00007f3b54098000 JavaThread "C2 CompilerThread1" daemon [_thread_blocked, id=28772, stack(0x00007f3b48b3a000,0x00007f3b48c3b000)]
  0x00007f3b54095000 JavaThread "C2 CompilerThread0" daemon [_thread_blocked, id=28771, stack(0x00007f3b48c3b000,0x00007f3b48d3c000)]
  0x00007f3b54093000 JavaThread "Signal Dispatcher" daemon [_thread_blocked, id=28770, stack(0x00007f3b48d3c000,0x00007f3b48e3d000)]
  0x00007f3b54070800 JavaThread "Finalizer" daemon [_thread_blocked, id=28769, stack(0x00007f3b49568000,0x00007f3b49669000)]
  0x00007f3b5406e800 JavaThread "Reference Handler" daemon [_thread_blocked, id=28768, stack(0x00007f3b49669000,0x00007f3b4976a000)]
  0x00007f3b5400a800 JavaThread "main" [_thread_blocked, id=28762, stack(0x00007f3b5b50a000,0x00007f3b5b60b000)]

Other Threads:
=>0x00007f3b5406a800 VMThread [stack: 0x00007f3b4976a000,0x00007f3b4986b000] [id=28767]
  0x00007f3b540a5000 WatcherThread [stack: 0x00007f3b48938000,0x00007f3b48a39000] [id=28774]

VM state:at safepoint (normal execution)

VM Mutex/Monitor currently owned by a thread:  ([mutex/lock_event])
[0x00007f3b54006c90] Threads_lock - owner thread: 0x00007f3b5406a800
[0x00007f3b54007190] Heap_lock - owner thread: 0x00007f3b5400a800

Heap
 PSYoungGen      total 34304K, used 2544K [0x00000000eaa80000, 0x00000000ece80000, 0x0000000100000000)
  eden space 31744K, 0% used [0x00000000eaa80000,0x00000000eaa80000,0x00000000ec980000)
  from space 2560K, 99% used [0x00000000ec980000,0x00000000ecbfc2f0,0x00000000ecc00000)
  to   space 2560K, 0% used [0x00000000ecc00000,0x00000000ecc00000,0x00000000ece80000)
 ParOldGen       total 40960K, used 22111K [0x00000000c0000000, 0x00000000c2800000, 0x00000000eaa80000)
  object space 40960K, 53% used [0x00000000c0000000,0x00000000c1597fd8,0x00000000c2800000)
 PSPermGen       total 21504K, used 6946K [0x00000000bae00000, 0x00000000bc300000, 0x00000000c0000000)
  object space 21504K, 32% used [0x00000000bae00000,0x00000000bb4c8aa0,0x00000000bc300000)

Card table byte_map: [0x00007f3b585cd000,0x00007f3b587f7000] byte_map_base: 0x00007f3b57ff6000

Polling page: 0x00007f3b5b627000

Code Cache  [0x00007f3b51000000, 0x00007f3b51270000, 0x00007f3b54000000)
 total_blobs=773 nmethods=523 adapters=203 free_code_cache=47796Kb largest_free_block=48898240

Compilation events (10 events):
Event: 3,169 Thread 0x00007f3b54095000 nmethod 524 0x00007f3b51149bd0 code [0x00007f3b51149d00, 0x00007f3b51149d78]
Event: 3,203 Thread 0x00007f3b54098000 nmethod 512 0x00007f3b51159610 code [0x00007f3b511598a0, 0x00007f3b5115a8b0]
Event: 3,206 Thread 0x00007f3b54095000  525             java.util.Collections::sort (52 bytes)
Event: 3,207 Thread 0x00007f3b54098000  526             com.android.dex.Dex$Section::writeTypeList (50 bytes)
Event: 3,218 Thread 0x00007f3b54095000 nmethod 525 0x00007f3b51149190 code [0x00007f3b51149320, 0x00007f3b51149878]
Event: 3,218 Thread 0x00007f3b54095000  527             com.android.dex.TypeList::getTypes (5 bytes)
Event: 3,219 Thread 0x00007f3b54095000 nmethod 527 0x00007f3b51148f90 code [0x00007f3b511490c0, 0x00007f3b51149118]
Event: 3,219 Thread 0x00007f3b54095000  528             com.android.dx.merge.IndexMap::adjustTypeListOffset (18 bytes)
Event: 3,226 Thread 0x00007f3b54095000 nmethod 528 0x00007f3b51157310 code [0x00007f3b511574a0, 0x00007f3b511577b8]
Event: 3,226 Thread 0x00007f3b54098000 nmethod 526 0x00007f3b51125fd0 code [0x00007f3b51126140, 0x00007f3b511267b8]

GC Heap History (9 events):
Event: 1,149 GC heap before
{Heap before GC invocations=1 (full 0):
 PSYoungGen      total 18432K, used 15872K [0x00000000eaa80000, 0x00000000ebf00000, 0x0000000100000000)
  eden space 15872K, 100% used [0x00000000eaa80000,0x00000000eba00000,0x00000000eba00000)
  from space 2560K, 0% used [0x00000000ebc80000,0x00000000ebc80000,0x00000000ebf00000)
  to   space 2560K, 0% used [0x00000000eba00000,0x00000000eba00000,0x00000000ebc80000)
 ParOldGen       total 40960K, used 0K [0x00000000c0000000, 0x00000000c2800000, 0x00000000eaa80000)
  object space 40960K, 0% used [0x00000000c0000000,0x00000000c0000000,0x00000000c2800000)
 PSPermGen       total 21504K, used 4894K [0x00000000bae00000, 0x00000000bc300000, 0x00000000c0000000)
  object space 21504K, 22% used [0x00000000bae00000,0x00000000bb2c79a8,0x00000000bc300000)
Event: 1,158 GC heap after
Heap after GC invocations=1 (full 0):
 PSYoungGen      total 18432K, used 2528K [0x00000000eaa80000, 0x00000000ebf00000, 0x0000000100000000)
  eden space 15872K, 0% used [0x00000000eaa80000,0x00000000eaa80000,0x00000000eba00000)
  from space 2560K, 98% used [0x00000000eba00000,0x00000000ebc78038,0x00000000ebc80000)
  to   space 2560K, 0% used [0x00000000ebc80000,0x00000000ebc80000,0x00000000ebf00000)
 ParOldGen       total 40960K, used 1536K [0x00000000c0000000, 0x00000000c2800000, 0x00000000eaa80000)
  object space 40960K, 3% used [0x00000000c0000000,0x00000000c01802c8,0x00000000c2800000)
 PSPermGen       total 21504K, used 4894K [0x00000000bae00000, 0x00000000bc300000, 0x00000000c0000000)
  object space 21504K, 22% used [0x00000000bae00000,0x00000000bb2c79a8,0x00000000bc300000)
}
Event: 1,687 GC heap before
{Heap before GC invocations=2 (full 0):
 PSYoungGen      total 18432K, used 18097K [0x00000000eaa80000, 0x00000000ebf00000, 0x0000000100000000)
  eden space 15872K, 98% used [0x00000000eaa80000,0x00000000eb9b4570,0x00000000eba00000)
  from space 2560K, 98% used [0x00000000eba00000,0x00000000ebc78038,0x00000000ebc80000)
  to   space 2560K, 0% used [0x00000000ebc80000,0x00000000ebc80000,0x00000000ebf00000)
 ParOldGen       total 40960K, used 1536K [0x00000000c0000000, 0x00000000c2800000, 0x00000000eaa80000)
  object space 40960K, 3% used [0x00000000c0000000,0x00000000c01802c8,0x00000000c2800000)
 PSPermGen       total 21504K, used 5361K [0x00000000bae00000, 0x00000000bc300000, 0x00000000c0000000)
  object space 21504K, 24% used [0x00000000bae00000,0x00000000bb33c7b8,0x00000000bc300000)
Event: 1,694 GC heap after
Heap after GC invocations=2 (full 0):
 PSYoungGen      total 18432K, used 2556K [0x00000000eaa80000, 0x00000000ece80000, 0x0000000100000000)
  eden space 15872K, 0% used [0x00000000eaa80000,0x00000000eaa80000,0x00000000eba00000)
  from space 2560K, 99% used [0x00000000ebc80000,0x00000000ebeff1c8,0x00000000ebf00000)
  to   space 2560K, 0% used [0x00000000eba00000,0x00000000eba00000,0x00000000ebc80000)
 ParOldGen       total 40960K, used 4865K [0x00000000c0000000, 0x00000000c2800000, 0x00000000eaa80000)
  object space 40960K, 11% used [0x00000000c0000000,0x00000000c04c0590,0x00000000c2800000)
 PSPermGen       total 21504K, used 5361K [0x00000000bae00000, 0x00000000bc300000, 0x00000000c0000000)
  object space 21504K, 24% used [0x00000000bae00000,0x00000000bb33c7b8,0x00000000bc300000)
}
Event: 2,106 GC heap before
{Heap before GC invocations=3 (full 0):
 PSYoungGen      total 18432K, used 18428K [0x00000000eaa80000, 0x00000000ece80000, 0x0000000100000000)
  eden space 15872K, 100% used [0x00000000eaa80000,0x00000000eba00000,0x00000000eba00000)
  from space 2560K, 99% used [0x00000000ebc80000,0x00000000ebeff1c8,0x00000000ebf00000)
  to   space 2560K, 0% used [0x00000000eba00000,0x00000000eba00000,0x00000000ebc80000)
 ParOldGen       total 40960K, used 4865K [0x00000000c0000000, 0x00000000c2800000, 0x00000000eaa80000)
  object space 40960K, 11% used [0x00000000c0000000,0x00000000c04c0590,0x00000000c2800000)
 PSPermGen       total 21504K, used 6028K [0x00000000bae00000, 0x00000000bc300000, 0x00000000c0000000)
  object space 21504K, 28% used [0x00000000bae00000,0x00000000bb3e3010,0x00000000bc300000)
Event: 2,113 GC heap after
Heap after GC invocations=3 (full 0):
 PSYoungGen      total 18432K, used 2557K [0x00000000eaa80000, 0x00000000ece80000, 0x0000000100000000)
  eden space 15872K, 0% used [0x00000000eaa80000,0x00000000eaa80000,0x00000000eba00000)
  from space 2560K, 99% used [0x00000000eba00000,0x00000000ebc7f498,0x00000000ebc80000)
  to   space 2560K, 0% used [0x00000000ecc00000,0x00000000ecc00000,0x00000000ece80000)
 ParOldGen       total 40960K, used 8804K [0x00000000c0000000, 0x00000000c2800000, 0x00000000eaa80000)
  object space 40960K, 21% used [0x00000000c0000000,0x00000000c0899030,0x00000000c2800000)
 PSPermGen       total 21504K, used 6028K [0x00000000bae00000, 0x00000000bc300000, 0x00000000c0000000)
  object space 21504K, 28% used [0x00000000bae00000,0x00000000bb3e3010,0x00000000bc300000)
}
Event: 2,791 GC heap before
{Heap before GC invocations=4 (full 0):
 PSYoungGen      total 18432K, used 18429K [0x00000000eaa80000, 0x00000000ece80000, 0x0000000100000000)
  eden space 15872K, 100% used [0x00000000eaa80000,0x00000000eba00000,0x00000000eba00000)
  from space 2560K, 99% used [0x00000000eba00000,0x00000000ebc7f498,0x00000000ebc80000)
  to   space 2560K, 0% used [0x00000000ecc00000,0x00000000ecc00000,0x00000000ece80000)
 ParOldGen       total 40960K, used 8804K [0x00000000c0000000, 0x00000000c2800000, 0x00000000eaa80000)
  object space 40960K, 21% used [0x00000000c0000000,0x00000000c0899030,0x00000000c2800000)
 PSPermGen       total 21504K, used 6909K [0x00000000bae00000, 0x00000000bc300000, 0x00000000c0000000)
  object space 21504K, 32% used [0x00000000bae00000,0x00000000bb4bf418,0x00000000bc300000)
Event: 2,802 GC heap after
Heap after GC invocations=4 (full 0):
 PSYoungGen      total 34304K, used 2547K [0x00000000eaa80000, 0x00000000ece80000, 0x0000000100000000)
  eden space 31744K, 0% used [0x00000000eaa80000,0x00000000eaa80000,0x00000000ec980000)
  from space 2560K, 99% used [0x00000000ecc00000,0x00000000ece7ced0,0x00000000ece80000)
  to   space 2560K, 0% used [0x00000000ec980000,0x00000000ec980000,0x00000000ecc00000)
 ParOldGen       total 40960K, used 11195K [0x00000000c0000000, 0x00000000c2800000, 0x00000000eaa80000)
  object space 40960K, 27% used [0x00000000c0000000,0x00000000c0aeedb8,0x00000000c2800000)
 PSPermGen       total 21504K, used 6909K [0x00000000bae00000, 0x00000000bc300000, 0x00000000c0000000)
  object space 21504K, 32% used [0x00000000bae00000,0x00000000bb4bf418,0x00000000bc300000)
}
Event: 3,234 GC heap before
{Heap before GC invocations=5 (full 0):
 PSYoungGen      total 34304K, used 34291K [0x00000000eaa80000, 0x00000000ece80000, 0x0000000100000000)
  eden space 31744K, 100% used [0x00000000eaa80000,0x00000000ec980000,0x00000000ec980000)
  from space 2560K, 99% used [0x00000000ecc00000,0x00000000ece7ced0,0x00000000ece80000)
  to   space 2560K, 0% used [0x00000000ec980000,0x00000000ec980000,0x00000000ecc00000)
 ParOldGen       total 40960K, used 11195K [0x00000000c0000000, 0x00000000c2800000, 0x00000000eaa80000)
  object space 40960K, 27% used [0x00000000c0000000,0x00000000c0aeedb8,0x00000000c2800000)
 PSPermGen       total 21504K, used 6946K [0x00000000bae00000, 0x00000000bc300000, 0x00000000c0000000)
  object space 21504K, 32% used [0x00000000bae00000,0x00000000bb4c8aa0,0x00000000bc300000)

Deoptimization events (10 events):
Event: 2,071 Thread 0x00007f3b5400a800 Uncommon trap: reason=class_check action=maybe_recompile pc=0x00007f3b510e411c method=com.android.dex.Leb128.writeUnsignedLeb128(Lcom/android/dex/util/ByteOutput;I)V @ 40
Event: 2,072 Thread 0x00007f3b5400a800 Uncommon trap: reason=class_check action=maybe_recompile pc=0x00007f3b510e411c method=com.android.dex.Leb128.writeUnsignedLeb128(Lcom/android/dex/util/ByteOutput;I)V @ 40
Event: 2,291 Thread 0x00007f3b5400a800 Uncommon trap: reason=predicate action=maybe_recompile pc=0x00007f3b5107591c method=sun.net.www.ParseUtil.encodePath(Ljava/lang/String;Z)Ljava/lang/String; @ 36
Event: 2,300 Thread 0x00007f3b5400a800 Uncommon trap: reason=unstable_if action=reinterpret pc=0x00007f3b510f11d0 method=java.lang.String.indexOf([CII[CIII)I @ 134
Event: 2,357 Thread 0x00007f3b5400a800 Uncommon trap: reason=class_check action=maybe_recompile pc=0x00007f3b510f5e60 method=com.android.dex.Leb128.readUnsignedLeb128(Lcom/android/dex/util/ByteInput;)I @ 5
Event: 2,357 Thread 0x00007f3b5400a800 Uncommon trap: reason=class_check action=maybe_recompile pc=0x00007f3b510f5e60 method=com.android.dex.Leb128.readUnsignedLeb128(Lcom/android/dex/util/ByteInput;)I @ 5
Event: 2,357 Thread 0x00007f3b5400a800 Uncommon trap: reason=class_check action=maybe_recompile pc=0x00007f3b510f5e60 method=com.android.dex.Leb128.readUnsignedLeb128(Lcom/android/dex/util/ByteInput;)I @ 5
Event: 2,357 Thread 0x00007f3b5400a800 Uncommon trap: reason=class_check action=maybe_recompile pc=0x00007f3b510f5e60 method=com.android.dex.Leb128.readUnsignedLeb128(Lcom/android/dex/util/ByteInput;)I @ 5
Event: 2,647 Thread 0x00007f3b5400a800 Uncommon trap: reason=predicate action=maybe_recompile pc=0x00007f3b51102f14 method=com.android.dex.Leb128.readUnsignedLeb128(Lcom/android/dex/util/ByteInput;)I @ 41
Event: 2,954 Thread 0x00007f3b5400a800 Uncommon trap: reason=unstable_if action=reinterpret pc=0x00007f3b5107ce7c method=java.lang.Long.numberOfTrailingZeros(J)I @ 3

Internal exceptions (10 events):
Event: 2,219 Thread 0x00007f3b5400a800 Threw 0x00000000eabef9f8 at /HUDSON/workspace/7u-2-build-linux-amd64/jdk7u80/2329/hotspot/src/share/vm/prims/jvm.cpp:1319
Event: 2,219 Thread 0x00007f3b5400a800 Threw 0x00000000eabf28f8 at /HUDSON/workspace/7u-2-build-linux-amd64/jdk7u80/2329/hotspot/src/share/vm/prims/jvm.cpp:1319
Event: 2,220 Thread 0x00007f3b5400a800 Threw 0x00000000eabf5c10 at /HUDSON/workspace/7u-2-build-linux-amd64/jdk7u80/2329/hotspot/src/share/vm/prims/jvm.cpp:1319
Event: 2,222 Thread 0x00007f3b5400a800 Threw 0x00000000eabfcfb0 at /HUDSON/workspace/7u-2-build-linux-amd64/jdk7u80/2329/hotspot/src/share/vm/prims/jvm.cpp:1319
Event: 2,223 Thread 0x00007f3b5400a800 Threw 0x00000000eabff030 at /HUDSON/workspace/7u-2-build-linux-amd64/jdk7u80/2329/hotspot/src/share/vm/prims/jvm.cpp:1319
Event: 2,293 Thread 0x00007f3b5400a800 Threw 0x00000000eacc24f0 at /HUDSON/workspace/7u-2-build-linux-amd64/jdk7u80/2329/hotspot/src/share/vm/prims/jvm.cpp:1319
Event: 2,293 Thread 0x00007f3b5400a800 Threw 0x00000000eacc2618 at /HUDSON/workspace/7u-2-build-linux-amd64/jdk7u80/2329/hotspot/src/share/vm/prims/jvm.cpp:1319
Event: 2,293 Thread 0x00007f3b5400a800 Threw 0x00000000eacc4988 at /HUDSON/workspace/7u-2-build-linux-amd64/jdk7u80/2329/hotspot/src/share/vm/prims/jvm.cpp:1319
Event: 2,293 Thread 0x00007f3b5400a800 Threw 0x00000000eacc4ab0 at /HUDSON/workspace/7u-2-build-linux-amd64/jdk7u80/2329/hotspot/src/share/vm/prims/jvm.cpp:1319
Event: 2,825 Thread 0x00007f3b5400a800 Threw 0x00000000eab51d28 at /HUDSON/workspace/7u-2-build-linux-amd64/jdk7u80/2329/hotspot/src/share/vm/prims/jvm.cpp:1319

Events (10 events):
Event: 2,805 Thread 0x00007f3b54098000 flushing nmethod 0x00007f3b510659d0
Event: 2,805 Thread 0x00007f3b54098000 flushing nmethod 0x00007f3b51066a90
Event: 2,824 Thread 0x00007f3b54098000 flushing nmethod 0x00007f3b51076810
Event: 2,825 loading class 0x00007f3b54204c70
Event: 2,825 loading class 0x00007f3b54204c70 done
Event: 2,825 Thread 0x00007f3b54098000 flushing nmethod 0x00007f3b51081050
Event: 2,954 Thread 0x00007f3b5400a800 Uncommon trap: trap_request=0xffffff75 fr.pc=0x00007f3b5107ce7c
Event: 2,954 Thread 0x00007f3b5400a800 DEOPT PACKING pc=0x00007f3b5107ce7c sp=0x00007f3b5b609310
Event: 2,954 Thread 0x00007f3b5400a800 DEOPT UNPACKING pc=0x00007f3b51039445 sp=0x00007f3b5b6092c0 mode 2
Event: 3,234 Executing VM operation: ParallelGCFailedAllocation


Dynamic libraries:
00400000-00401000 r-xp 00000000 08:01 2494039                            /usr/lib/jvm/java-7-oracle/bin/java
00600000-00601000 rw-p 00000000 08:01 2494039                            /usr/lib/jvm/java-7-oracle/bin/java
023a6000-023c7000 rw-p 00000000 00:00 0                                  [heap]
bae00000-bc300000 rw-p 00000000 00:00 0 
bc300000-c0000000 rw-p 00000000 00:00 0 
c0000000-c2800000 rw-p 00000000 00:00 0 
c2800000-eaa80000 rw-p 00000000 00:00 0 
eaa80000-ece80000 rw-p 00000000 00:00 0 
f0080000-100000000 rw-p 00000000 00:00 0 
7f3b14000000-7f3b14021000 rw-p 00000000 00:00 0 
7f3b14021000-7f3b18000000 ---p 00000000 00:00 0 
7f3b1c000000-7f3b1c542000 rw-p 00000000 00:00 0 
7f3b1c542000-7f3b20000000 ---p 00000000 00:00 0 
7f3b20000000-7f3b20021000 rw-p 00000000 00:00 0 
7f3b20021000-7f3b24000000 ---p 00000000 00:00 0 
7f3b24000000-7f3b24021000 rw-p 00000000 00:00 0 
7f3b24021000-7f3b28000000 ---p 00000000 00:00 0 
7f3b28000000-7f3b28471000 rw-p 00000000 00:00 0 
7f3b28471000-7f3b2c000000 ---p 00000000 00:00 0 
7f3b2c000000-7f3b2c021000 rw-p 00000000 00:00 0 
7f3b2c021000-7f3b30000000 ---p 00000000 00:00 0 
7f3b30000000-7f3b30021000 rw-p 00000000 00:00 0 
7f3b30021000-7f3b34000000 ---p 00000000 00:00 0 
7f3b34000000-7f3b34021000 rw-p 00000000 00:00 0 
7f3b34021000-7f3b38000000 ---p 00000000 00:00 0 
7f3b38000000-7f3b38021000 rw-p 00000000 00:00 0 
7f3b38021000-7f3b3c000000 ---p 00000000 00:00 0 
7f3b3c000000-7f3b3c021000 rw-p 00000000 00:00 0 
7f3b3c021000-7f3b40000000 ---p 00000000 00:00 0 
7f3b44000000-7f3b44021000 rw-p 00000000 00:00 0 
7f3b44021000-7f3b48000000 ---p 00000000 00:00 0 
7f3b482c7000-7f3b48510000 rw-p 00000000 00:00 0 
7f3b48510000-7f3b48527000 r-xp 00000000 08:01 2761330                    /usr/lib/jvm/java-7-oracle/jre/lib/amd64/libnet.so
7f3b48527000-7f3b48726000 ---p 00017000 08:01 2761330                    /usr/lib/jvm/java-7-oracle/jre/lib/amd64/libnet.so
7f3b48726000-7f3b48727000 rw-p 00016000 08:01 2761330                    /usr/lib/jvm/java-7-oracle/jre/lib/amd64/libnet.so
7f3b48727000-7f3b48737000 r-xp 00000000 08:01 2761323                    /usr/lib/jvm/java-7-oracle/jre/lib/amd64/libnio.so
7f3b48737000-7f3b48937000 ---p 00010000 08:01 2761323                    /usr/lib/jvm/java-7-oracle/jre/lib/amd64/libnio.so
7f3b48937000-7f3b48938000 rw-p 00010000 08:01 2761323                    /usr/lib/jvm/java-7-oracle/jre/lib/amd64/libnio.so
7f3b48938000-7f3b48939000 ---p 00000000 00:00 0 
7f3b48939000-7f3b48a39000 rw-p 00000000 00:00 0                          [stack:28774]
7f3b48a39000-7f3b48a3c000 ---p 00000000 00:00 0 
7f3b48a3c000-7f3b48b3a000 rw-p 00000000 00:00 0                          [stack:28773]
7f3b48b3a000-7f3b48b3d000 ---p 00000000 00:00 0 
7f3b48b3d000-7f3b48c3b000 rw-p 00000000 00:00 0                          [stack:28772]
7f3b48c3b000-7f3b48c3e000 ---p 00000000 00:00 0 
7f3b48c3e000-7f3b48d3c000 rw-p 00000000 00:00 0                          [stack:28771]
7f3b48d3c000-7f3b48d3f000 ---p 00000000 00:00 0 
7f3b48d3f000-7f3b48e3d000 rw-p 00000000 00:00 0                          [stack:28770]
7f3b48e3d000-7f3b49568000 r--p 00000000 08:01 6691832                    /usr/lib/locale/locale-archive
7f3b49568000-7f3b4956b000 ---p 00000000 00:00 0 
7f3b4956b000-7f3b49669000 rw-p 00000000 00:00 0                          [stack:28769]
7f3b49669000-7f3b4966c000 ---p 00000000 00:00 0 
7f3b4966c000-7f3b4976a000 rw-p 00000000 00:00 0                          [stack:28768]
7f3b4976a000-7f3b4976b000 ---p 00000000 00:00 0 
7f3b4976b000-7f3b4c000000 rw-p 00000000 00:00 0                          [stack:28767]
7f3b4c000000-7f3b4c021000 rw-p 00000000 00:00 0 
7f3b4c021000-7f3b50000000 ---p 00000000 00:00 0 
7f3b5006d000-7f3b50b46000 rw-p 00000000 00:00 0 
7f3b50b46000-7f3b50d06000 r--s 039fb000 08:01 2362465                    /usr/lib/jvm/java-7-oracle/jre/lib/rt.jar
7f3b50d06000-7f3b51000000 rw-p 00000000 00:00 0 
7f3b51000000-7f3b51270000 rwxp 00000000 00:00 0 
7f3b51270000-7f3b54228000 rw-p 00000000 00:00 0 
7f3b54228000-7f3b58000000 ---p 00000000 00:00 0 
7f3b58001000-7f3b5804a000 rw-p 00000000 00:00 0 
7f3b5804a000-7f3b5804b000 ---p 00000000 00:00 0 
7f3b5804b000-7f3b5814b000 rw-p 00000000 00:00 0                          [stack:28766]
7f3b5814b000-7f3b5814c000 ---p 00000000 00:00 0 
7f3b5814c000-7f3b5824c000 rw-p 00000000 00:00 0                          [stack:28765]
7f3b5824c000-7f3b5824d000 ---p 00000000 00:00 0 
7f3b5824d000-7f3b5834d000 rw-p 00000000 00:00 0                          [stack:28764]
7f3b5834d000-7f3b5834e000 ---p 00000000 00:00 0 
7f3b5834e000-7f3b58459000 rw-p 00000000 00:00 0                          [stack:28763]
7f3b58459000-7f3b58477000 rw-p 00000000 00:00 0 
7f3b58477000-7f3b5848b000 rw-p 00000000 00:00 0 
7f3b5848b000-7f3b585cd000 rw-p 00000000 00:00 0 
7f3b585cd000-7f3b585d8000 rw-p 00000000 00:00 0 
7f3b585d8000-7f3b585f6000 rw-p 00000000 00:00 0 
7f3b585f6000-7f3b5860a000 rw-p 00000000 00:00 0 
7f3b5860a000-7f3b5874b000 rw-p 00000000 00:00 0 
7f3b5874b000-7f3b5875e000 rw-p 00000000 00:00 0 
7f3b5875e000-7f3b587f6000 rw-p 00000000 00:00 0 
7f3b587f6000-7f3b587f7000 rw-p 00000000 00:00 0 
7f3b587f7000-7f3b5880e000 r-xp 00000000 08:01 2761326                    /usr/lib/jvm/java-7-oracle/jre/lib/amd64/libzip.so
7f3b5880e000-7f3b58a0e000 ---p 00017000 08:01 2761326                    /usr/lib/jvm/java-7-oracle/jre/lib/amd64/libzip.so
7f3b58a0e000-7f3b58a0f000 rw-p 00017000 08:01 2761326                    /usr/lib/jvm/java-7-oracle/jre/lib/amd64/libzip.so
7f3b58a0f000-7f3b58a1a000 r-xp 00000000 08:01 789640                     /lib/x86_64-linux-gnu/libnss_files-2.19.so
7f3b58a1a000-7f3b58c19000 ---p 0000b000 08:01 789640                     /lib/x86_64-linux-gnu/libnss_files-2.19.so
7f3b58c19000-7f3b58c1a000 r--p 0000a000 08:01 789640                     /lib/x86_64-linux-gnu/libnss_files-2.19.so
7f3b58c1a000-7f3b58c1b000 rw-p 0000b000 08:01 789640                     /lib/x86_64-linux-gnu/libnss_files-2.19.so
7f3b58c1b000-7f3b58c26000 r-xp 00000000 08:01 789669                     /lib/x86_64-linux-gnu/libnss_nis-2.19.so
7f3b58c26000-7f3b58e25000 ---p 0000b000 08:01 789669                     /lib/x86_64-linux-gnu/libnss_nis-2.19.so
7f3b58e25000-7f3b58e26000 r--p 0000a000 08:01 789669                     /lib/x86_64-linux-gnu/libnss_nis-2.19.so
7f3b58e26000-7f3b58e27000 rw-p 0000b000 08:01 789669                     /lib/x86_64-linux-gnu/libnss_nis-2.19.so
7f3b58e27000-7f3b58e3e000 r-xp 00000000 08:01 789656                     /lib/x86_64-linux-gnu/libnsl-2.19.so
7f3b58e3e000-7f3b5903d000 ---p 00017000 08:01 789656                     /lib/x86_64-linux-gnu/libnsl-2.19.so
7f3b5903d000-7f3b5903e000 r--p 00016000 08:01 789656                     /lib/x86_64-linux-gnu/libnsl-2.19.so
7f3b5903e000-7f3b5903f000 rw-p 00017000 08:01 789656                     /lib/x86_64-linux-gnu/libnsl-2.19.so
7f3b5903f000-7f3b59041000 rw-p 00000000 00:00 0 
7f3b59041000-7f3b5904a000 r-xp 00000000 08:01 789650                     /lib/x86_64-linux-gnu/libnss_compat-2.19.so
7f3b5904a000-7f3b59249000 ---p 00009000 08:01 789650                     /lib/x86_64-linux-gnu/libnss_compat-2.19.so
7f3b59249000-7f3b5924a000 r--p 00008000 08:01 789650                     /lib/x86_64-linux-gnu/libnss_compat-2.19.so
7f3b5924a000-7f3b5924b000 rw-p 00009000 08:01 789650                     /lib/x86_64-linux-gnu/libnss_compat-2.19.so
7f3b5924b000-7f3b59274000 r-xp 00000000 08:01 2761335                    /usr/lib/jvm/java-7-oracle/jre/lib/amd64/libjava.so
7f3b59274000-7f3b59474000 ---p 00029000 08:01 2761335                    /usr/lib/jvm/java-7-oracle/jre/lib/amd64/libjava.so
7f3b59474000-7f3b59476000 rw-p 00029000 08:01 2761335                    /usr/lib/jvm/java-7-oracle/jre/lib/amd64/libjava.so
7f3b59476000-7f3b59483000 r-xp 00000000 08:01 2761329                    /usr/lib/jvm/java-7-oracle/jre/lib/amd64/libverify.so
7f3b59483000-7f3b59682000 ---p 0000d000 08:01 2761329                    /usr/lib/jvm/java-7-oracle/jre/lib/amd64/libverify.so
7f3b59682000-7f3b59684000 rw-p 0000c000 08:01 2761329                    /usr/lib/jvm/java-7-oracle/jre/lib/amd64/libverify.so
7f3b59684000-7f3b5968b000 r-xp 00000000 08:01 789665                     /lib/x86_64-linux-gnu/librt-2.19.so
7f3b5968b000-7f3b5988a000 ---p 00007000 08:01 789665                     /lib/x86_64-linux-gnu/librt-2.19.so
7f3b5988a000-7f3b5988b000 r--p 00006000 08:01 789665                     /lib/x86_64-linux-gnu/librt-2.19.so
7f3b5988b000-7f3b5988c000 rw-p 00007000 08:01 789665                     /lib/x86_64-linux-gnu/librt-2.19.so
7f3b5988c000-7f3b59991000 r-xp 00000000 08:01 789639                     /lib/x86_64-linux-gnu/libm-2.19.so
7f3b59991000-7f3b59b90000 ---p 00105000 08:01 789639                     /lib/x86_64-linux-gnu/libm-2.19.so
7f3b59b90000-7f3b59b91000 r--p 00104000 08:01 789639                     /lib/x86_64-linux-gnu/libm-2.19.so
7f3b59b91000-7f3b59b92000 rw-p 00105000 08:01 789639                     /lib/x86_64-linux-gnu/libm-2.19.so
7f3b59b92000-7f3b5a708000 r-xp 00000000 08:01 3154211                    /usr/lib/jvm/java-7-oracle/jre/lib/amd64/server/libjvm.so
7f3b5a708000-7f3b5a907000 ---p 00b76000 08:01 3154211                    /usr/lib/jvm/java-7-oracle/jre/lib/amd64/server/libjvm.so
7f3b5a907000-7f3b5a9cb000 rw-p 00b75000 08:01 3154211                    /usr/lib/jvm/java-7-oracle/jre/lib/amd64/server/libjvm.so
7f3b5a9cb000-7f3b5aa0c000 rw-p 00000000 00:00 0 
7f3b5aa0c000-7f3b5abc7000 r-xp 00000000 08:01 789662                     /lib/x86_64-linux-gnu/libc-2.19.so
7f3b5abc7000-7f3b5adc6000 ---p 001bb000 08:01 789662                     /lib/x86_64-linux-gnu/libc-2.19.so
7f3b5adc6000-7f3b5adca000 r--p 001ba000 08:01 789662                     /lib/x86_64-linux-gnu/libc-2.19.so
7f3b5adca000-7f3b5adcc000 rw-p 001be000 08:01 789662                     /lib/x86_64-linux-gnu/libc-2.19.so
7f3b5adcc000-7f3b5add1000 rw-p 00000000 00:00 0 
7f3b5add1000-7f3b5add4000 r-xp 00000000 08:01 789644                     /lib/x86_64-linux-gnu/libdl-2.19.so
7f3b5add4000-7f3b5afd3000 ---p 00003000 08:01 789644                     /lib/x86_64-linux-gnu/libdl-2.19.so
7f3b5afd3000-7f3b5afd4000 r--p 00002000 08:01 789644                     /lib/x86_64-linux-gnu/libdl-2.19.so
7f3b5afd4000-7f3b5afd5000 rw-p 00003000 08:01 789644                     /lib/x86_64-linux-gnu/libdl-2.19.so
7f3b5afd5000-7f3b5afea000 r-xp 00000000 08:01 2362561                    /usr/lib/jvm/java-7-oracle/lib/amd64/jli/libjli.so
7f3b5afea000-7f3b5b1e9000 ---p 00015000 08:01 2362561                    /usr/lib/jvm/java-7-oracle/lib/amd64/jli/libjli.so
7f3b5b1e9000-7f3b5b1ea000 rw-p 00014000 08:01 2362561                    /usr/lib/jvm/java-7-oracle/lib/amd64/jli/libjli.so
7f3b5b1ea000-7f3b5b203000 r-xp 00000000 08:01 789663                     /lib/x86_64-linux-gnu/libpthread-2.19.so
7f3b5b203000-7f3b5b402000 ---p 00019000 08:01 789663                     /lib/x86_64-linux-gnu/libpthread-2.19.so
7f3b5b402000-7f3b5b403000 r--p 00018000 08:01 789663                     /lib/x86_64-linux-gnu/libpthread-2.19.so
7f3b5b403000-7f3b5b404000 rw-p 00019000 08:01 789663                     /lib/x86_64-linux-gnu/libpthread-2.19.so
7f3b5b404000-7f3b5b408000 rw-p 00000000 00:00 0 
7f3b5b408000-7f3b5b42b000 r-xp 00000000 08:01 789658                     /lib/x86_64-linux-gnu/ld-2.19.so
7f3b5b42e000-7f3b5b42f000 rw-p 00000000 00:00 0 
7f3b5b42f000-7f3b5b430000 r--p 00000000 08:01 284402                     /usr/share/locale-langpack/en_GB/LC_MESSAGES/libc.mo
7f3b5b430000-7f3b5b434000 r--s 0008b000 08:01 2362551                    /usr/lib/jvm/java-7-oracle/jre/lib/jsse.jar
7f3b5b434000-7f3b5b454000 rw-p 00000000 00:00 0 
7f3b5b454000-7f3b5b50a000 rw-p 00000000 00:00 0 
7f3b5b50a000-7f3b5b50d000 ---p 00000000 00:00 0 
7f3b5b50d000-7f3b5b60f000 rw-p 00000000 00:00 0                          [stack:28762]
7f3b5b60f000-7f3b5b61e000 r--s 000dd000 00:18 2494506                    /home/xavier/Android/Sdk/build-tools/21.1.2/lib/dx.jar
7f3b5b61e000-7f3b5b626000 rw-s 00000000 08:01 2367773                    /tmp/hsperfdata_xavier/28756
7f3b5b626000-7f3b5b627000 rw-p 00000000 00:00 0 
7f3b5b627000-7f3b5b628000 ---p 00000000 00:00 0 
7f3b5b628000-7f3b5b62a000 rw-p 00000000 00:00 0 
7f3b5b62a000-7f3b5b62b000 r--p 00022000 08:01 789658                     /lib/x86_64-linux-gnu/ld-2.19.so
7f3b5b62b000-7f3b5b62c000 rw-p 00023000 08:01 789658                     /lib/x86_64-linux-gnu/ld-2.19.so
7f3b5b62c000-7f3b5b62d000 rw-p 00000000 00:00 0 
7ffcc8d54000-7ffcc8d75000 rw-p 00000000 00:00 0                          [stack]
7ffcc8d98000-7ffcc8d9a000 r-xp 00000000 00:00 0                          [vdso]
ffffffffff600000-ffffffffff601000 r-xp 00000000 00:00 0                  [vsyscall]

VM Arguments:
jvm_args: -Xmx1024M -Dfile.encoding=UTF-8 -Duser.country=GB -Duser.language=en -Duser.variant 
java_command: com.android.dx.command.Main --dex --output /home/xavier/Copy/ucl/q4/coo/bartender/app/build/intermediates/dex/debug /home/xavier/Copy/ucl/q4/coo/bartender/app/build/intermediates/classes/debug /home/xavier/Copy/ucl/q4/coo/bartender/app/build/intermediates/pre-dexed/debug/support-annotations-21.0.3-e877f017f677c7bc6d7e2b58853e8788d1355e3f.jar /home/xavier/Copy/ucl/q4/coo/bartender/app/build/intermediates/pre-dexed/debug/sqliteassethelper-2.0.1-b7cabbb0f445f26bb84b9278b07fc3451c655591.jar /home/xavier/Copy/ucl/q4/coo/bartender/app/build/intermediates/pre-dexed/debug/internal_impl-21.0.3-226ff25549c33f29fc0f78a3695bb399f538a741.jar /home/xavier/Copy/ucl/q4/coo/bartender/app/build/intermediates/pre-dexed/debug/classes-d88e7c4bcb5fb7674b2c14dae27a6183f57984d7.jar /home/xavier/Copy/ucl/q4/coo/bartender/app/build/intermediates/pre-dexed/debug/classes-fc2eb60bd20c15cd08ba31187f42cf85d208a354.jar /home/xavier/Copy/ucl/q4/coo/bartender/app/build/intermediates/pre-dexed/debug/classes-d4c0fa222e7ffb1602c4704716c27331fbc500fb.jar
Launcher Type: SUN_STANDARD

Environment Variables:
JAVA_HOME=/usr/lib/jvm/java-7-oracle
CLASSPATH=/home/xavier/android-studio/bin/../lib/bootstrap.jar:/home/xavier/android-studio/bin/../lib/extensions.jar:/home/xavier/android-studio/bin/../lib/util.jar:/home/xavier/android-studio/bin/../lib/jdom.jar:/home/xavier/android-studio/bin/../lib/log4j.jar:/home/xavier/android-studio/bin/../lib/trove4j.jar:/home/xavier/android-studio/bin/../lib/jna.jar:/usr/lib/jvm/java-7-oracle/lib/tools.jar
PATH=/home/xavier/bin:/usr/local/sbin:/usr/local/bin:/usr/sbin:/usr/bin:/sbin:/bin:/usr/games:/usr/local/games
LD_LIBRARY_PATH=/home/xavier/android-studio/bin:
SHELL=/usr/bin/zsh
DISPLAY=:0

Signal Handlers:
SIGSEGV: [libjvm.so+0x9a3b20], sa_mask[0]=0x7ffbfeff, sa_flags=0x10000004
SIGBUS: [libjvm.so+0x9a3b20], sa_mask[0]=0x7ffbfeff, sa_flags=0x10000004
SIGFPE: [libjvm.so+0x81e740], sa_mask[0]=0x7ffbfeff, sa_flags=0x10000004
SIGPIPE: [libjvm.so+0x81e740], sa_mask[0]=0x7ffbfeff, sa_flags=0x10000004
SIGXFSZ: [libjvm.so+0x81e740], sa_mask[0]=0x7ffbfeff, sa_flags=0x10000004
SIGILL: [libjvm.so+0x81e740], sa_mask[0]=0x7ffbfeff, sa_flags=0x10000004
SIGUSR1: SIG_DFL, sa_mask[0]=0x00000000, sa_flags=0x00000000
SIGUSR2: [libjvm.so+0x81ffb0], sa_mask[0]=0x00000004, sa_flags=0x10000004
SIGHUP: [libjvm.so+0x8210d0], sa_mask[0]=0x7ffbfeff, sa_flags=0x10000004
SIGINT: [libjvm.so+0x8210d0], sa_mask[0]=0x7ffbfeff, sa_flags=0x10000004
SIGTERM: [libjvm.so+0x8210d0], sa_mask[0]=0x7ffbfeff, sa_flags=0x10000004
SIGQUIT: [libjvm.so+0x8210d0], sa_mask[0]=0x7ffbfeff, sa_flags=0x10000004


---------------  S Y S T E M  ---------------

OS:jessie/sid

uname:Linux 3.13.0-51-generic #84-Ubuntu SMP Wed Apr 15 12:08:34 UTC 2015 x86_64
libc:glibc 2.19 NPTL 2.19 
rlimit: STACK 8192k, CORE 0k, NPROC 30592, NOFILE 4096, AS infinity
load average:0,71 0,62 0,63

/proc/meminfo:
MemTotal:        3945668 kB
MemFree:           97640 kB
Buffers:            1948 kB
Cached:           399936 kB
SwapCached:            0 kB
Active:          3303580 kB
Inactive:         372200 kB
Active(anon):    3278048 kB
Inactive(anon):   350124 kB
Active(file):      25532 kB
Inactive(file):    22076 kB
Unevictable:          48 kB
Mlocked:              48 kB
SwapTotal:             0 kB
SwapFree:              0 kB
Dirty:              3656 kB
Writeback:             0 kB
AnonPages:       3274660 kB
Mapped:            92384 kB
Shmem:            353820 kB
Slab:              75444 kB
SReclaimable:      31508 kB
SUnreclaim:        43936 kB
KernelStack:        4696 kB
PageTables:        36736 kB
NFS_Unstable:          0 kB
Bounce:                0 kB
WritebackTmp:          0 kB
CommitLimit:     1972832 kB
Committed_AS:    7073188 kB
VmallocTotal:   34359738367 kB
VmallocUsed:      348032 kB
VmallocChunk:   34359367500 kB
HardwareCorrupted:     0 kB
AnonHugePages:    487424 kB
HugePages_Total:       0
HugePages_Free:        0
HugePages_Rsvd:        0
HugePages_Surp:        0
Hugepagesize:       2048 kB
DirectMap4k:      105404 kB
DirectMap2M:     3987456 kB


CPU:total 4 (2 cores per cpu, 2 threads per core) family 6 model 42 stepping 7, cmov, cx8, fxsr, mmx, sse, sse2, sse3, ssse3, sse4.1, sse4.2, popcnt, avx, aes, ht, tsc, tscinvbit

/proc/cpuinfo:
processor	: 0
vendor_id	: GenuineIntel
cpu family	: 6
model		: 42
model name	: Intel(R) Core(TM) i5-2467M CPU @ 1.60GHz
stepping	: 7
microcode	: 0x23
cpu MHz		: 1601.000
cache size	: 3072 KB
physical id	: 0
siblings	: 4
core id		: 0
cpu cores	: 2
apicid		: 0
initial apicid	: 0
fpu		: yes
fpu_exception	: yes
cpuid level	: 13
wp		: yes
flags		: fpu vme de pse tsc msr pae mce cx8 apic sep mtrr pge mca cmov pat pse36 clflush dts acpi mmx fxsr sse sse2 ss ht tm pbe syscall nx rdtscp lm constant_tsc arch_perfmon pebs bts rep_good nopl xtopology nonstop_tsc aperfmperf eagerfpu pni pclmulqdq dtes64 monitor ds_cpl vmx est tm2 ssse3 cx16 xtpr pdcm pcid sse4_1 sse4_2 x2apic popcnt tsc_deadline_timer aes xsave avx lahf_lm ida arat epb xsaveopt pln pts dtherm tpr_shadow vnmi flexpriority ept vpid
bogomips	: 3192.60
clflush size	: 64
cache_alignment	: 64
address sizes	: 36 bits physical, 48 bits virtual
power management:

processor	: 1
vendor_id	: GenuineIntel
cpu family	: 6
model		: 42
model name	: Intel(R) Core(TM) i5-2467M CPU @ 1.60GHz
stepping	: 7
microcode	: 0x23
cpu MHz		: 800.000
cache size	: 3072 KB
physical id	: 0
siblings	: 4
core id		: 0
cpu cores	: 2
apicid		: 1
initial apicid	: 1
fpu		: yes
fpu_exception	: yes
cpuid level	: 13
wp		: yes
flags		: fpu vme de pse tsc msr pae mce cx8 apic sep mtrr pge mca cmov pat pse36 clflush dts acpi mmx fxsr sse sse2 ss ht tm pbe syscall nx rdtscp lm constant_tsc arch_perfmon pebs bts rep_good nopl xtopology nonstop_tsc aperfmperf eagerfpu pni pclmulqdq dtes64 monitor ds_cpl vmx est tm2 ssse3 cx16 xtpr pdcm pcid sse4_1 sse4_2 x2apic popcnt tsc_deadline_timer aes xsave avx lahf_lm ida arat epb xsaveopt pln pts dtherm tpr_shadow vnmi flexpriority ept vpid
bogomips	: 3192.60
clflush size	: 64
cache_alignment	: 64
address sizes	: 36 bits physical, 48 bits virtual
power management:

processor	: 2
vendor_id	: GenuineIntel
cpu family	: 6
model		: 42
model name	: Intel(R) Core(TM) i5-2467M CPU @ 1.60GHz
stepping	: 7
microcode	: 0x23
cpu MHz		: 1100.000
cache size	: 3072 KB
physical id	: 0
siblings	: 4
core id		: 1
cpu cores	: 2
apicid		: 2
initial apicid	: 2
fpu		: yes
fpu_exception	: yes
cpuid level	: 13
wp		: yes
flags		: fpu vme de pse tsc msr pae mce cx8 apic sep mtrr pge mca cmov pat pse36 clflush dts acpi mmx fxsr sse sse2 ss ht tm pbe syscall nx rdtscp lm constant_tsc arch_perfmon pebs bts rep_good nopl xtopology nonstop_tsc aperfmperf eagerfpu pni pclmulqdq dtes64 monitor ds_cpl vmx est tm2 ssse3 cx16 xtpr pdcm pcid sse4_1 sse4_2 x2apic popcnt tsc_deadline_timer aes xsave avx lahf_lm ida arat epb xsaveopt pln pts dtherm tpr_shadow vnmi flexpriority ept vpid
bogomips	: 3192.60
clflush size	: 64
cache_alignment	: 64
address sizes	: 36 bits physical, 48 bits virtual
power management:

processor	: 3
vendor_id	: GenuineIntel
cpu family	: 6
model		: 42
model name	: Intel(R) Core(TM) i5-2467M CPU @ 1.60GHz
stepping	: 7
microcode	: 0x23
cpu MHz		: 800.000
cache size	: 3072 KB
physical id	: 0
siblings	: 4
core id		: 1
cpu cores	: 2
apicid		: 3
initial apicid	: 3
fpu		: yes
fpu_exception	: yes
cpuid level	: 13
wp		: yes
flags		: fpu vme de pse tsc msr pae mce cx8 apic sep mtrr pge mca cmov pat pse36 clflush dts acpi mmx fxsr sse sse2 ss ht tm pbe syscall nx rdtscp lm constant_tsc arch_perfmon pebs bts rep_good nopl xtopology nonstop_tsc aperfmperf eagerfpu pni pclmulqdq dtes64 monitor ds_cpl vmx est tm2 ssse3 cx16 xtpr pdcm pcid sse4_1 sse4_2 x2apic popcnt tsc_deadline_timer aes xsave avx lahf_lm ida arat epb xsaveopt pln pts dtherm tpr_shadow vnmi flexpriority ept vpid
bogomips	: 3192.60
clflush size	: 64
cache_alignment	: 64
address sizes	: 36 bits physical, 48 bits virtual
power management:



Memory: 4k page, physical 3945668k(97640k free), swap 0k(0k free)

vm_info: Java HotSpot(TM) 64-Bit Server VM (24.80-b11) for linux-amd64 JRE (1.7.0_80-b15), built on Apr 10 2015 19:53:14 by "java_re" with gcc 4.3.0 20080428 (Red Hat 4.3.0-8)

time: Fri May  1 12:20:56 2015
elapsed time: 3 seconds

