#
# There is insufficient memory for the Java Runtime Environment to continue.
# Native memory allocation (malloc) failed to allocate 23068672 bytes for committing reserved memory.
# Possible reasons:
#   The system is out of physical RAM or swap space
#   In 32 bit mode, the process size limit was hit
# Possible solutions:
#   Reduce memory load on the system
#   Increase physical memory or swap space
#   Check if swap backing store is full
#   Use 64 bit Java on a 64 bit OS
#   Decrease Java heap size (-Xmx/-Xms)
#   Decrease number of Java threads
#   Decrease Java thread stack sizes (-Xss)
#   Set larger code cache with -XX:ReservedCodeCacheSize=
# This output file may be truncated or incomplete.
#
#  Out of Memory Error (os_linux.cpp:2756), pid=28702, tid=139677650630400
#
# JRE version: Java(TM) SE Runtime Environment (7.0_80-b15) (build 1.7.0_80-b15)
# Java VM: Java HotSpot(TM) 64-Bit Server VM (24.80-b11 mixed mode linux-amd64 compressed oops)
# Failed to write core dump. Core dumps have been disabled. To enable core dumping, try "ulimit -c unlimited" before starting Java again
#

---------------  T H R E A D  ---------------

Current thread (0x00007f094006a800):  VMThread [stack: 0x00007f093cafb000,0x00007f093cbfc000] [id=28713]

Stack: [0x00007f093cafb000,0x00007f093cbfc000],  sp=0x00007f093cbfa240,  free space=1020k
Native frames: (J=compiled Java code, j=interpreted, Vv=VM code, C=native code)
V  [libjvm.so+0x9a320a]  VMError::report_and_die()+0x2ea
V  [libjvm.so+0x498d3b]  report_vm_out_of_memory(char const*, int, unsigned long, char const*)+0x9b
V  [libjvm.so+0x82191e]  os::Linux::commit_memory_impl(char*, unsigned long, bool)+0xfe
V  [libjvm.so+0x821e69]  os::pd_commit_memory(char*, unsigned long, unsigned long, bool)+0x29
V  [libjvm.so+0x81bb6a]  os::commit_memory(char*, unsigned long, unsigned long, bool)+0x2a
V  [libjvm.so+0x88d623]  PSVirtualSpace::expand_by(unsigned long)+0x53
V  [libjvm.so+0x88e9f8]  PSYoungGen::resize_generation(unsigned long, unsigned long)+0xf8
V  [libjvm.so+0x88db62]  PSYoungGen::resize(unsigned long, unsigned long)+0x22
V  [libjvm.so+0x88af1d]  PSScavenge::invoke_no_policy()+0xf3d
V  [libjvm.so+0x88b761]  PSScavenge::invoke()+0x41
V  [libjvm.so+0x843f40]  ParallelScavengeHeap::failed_mem_allocate(unsigned long)+0x70
V  [libjvm.so+0x9a4a97]  VM_ParallelGCFailedAllocation::doit()+0x97
V  [libjvm.so+0x9abf35]  VM_Operation::evaluate()+0x55
V  [libjvm.so+0x9aa2fa]  VMThread::evaluate_operation(VM_Operation*)+0xba
V  [libjvm.so+0x9aa67e]  VMThread::loop()+0x1ce
V  [libjvm.so+0x9aaaf0]  VMThread::run()+0x70
V  [libjvm.so+0x8238c8]  java_start(Thread*)+0x108

VM_Operation (0x00007f09487271c0): ParallelGCFailedAllocation, mode: safepoint, requested by thread 0x00007f094000a800


---------------  P R O C E S S  ---------------

Java Threads: ( => current thread )
  0x00007f094009a800 JavaThread "Service Thread" daemon [_thread_blocked, id=28719, stack(0x00007f0935a6d000,0x00007f0935b6e000)]
  0x00007f0940098000 JavaThread "C2 CompilerThread1" daemon [_thread_blocked, id=28718, stack(0x00007f0935b6e000,0x00007f0935c6f000)]
  0x00007f0940095000 JavaThread "C2 CompilerThread0" daemon [_thread_blocked, id=28717, stack(0x00007f0935c6f000,0x00007f0935d70000)]
  0x00007f0940093000 JavaThread "Signal Dispatcher" daemon [_thread_blocked, id=28716, stack(0x00007f093c0cd000,0x00007f093c1ce000)]
  0x00007f0940070800 JavaThread "Finalizer" daemon [_thread_blocked, id=28715, stack(0x00007f093c8f9000,0x00007f093c9fa000)]
  0x00007f094006e800 JavaThread "Reference Handler" daemon [_thread_blocked, id=28714, stack(0x00007f093c9fa000,0x00007f093cafb000)]
  0x00007f094000a800 JavaThread "main" [_thread_blocked, id=28708, stack(0x00007f0948628000,0x00007f0948729000)]

Other Threads:
=>0x00007f094006a800 VMThread [stack: 0x00007f093cafb000,0x00007f093cbfc000] [id=28713]
  0x00007f09400a5000 WatcherThread [stack: 0x00007f093596c000,0x00007f0935a6d000] [id=28720]

VM state:at safepoint (normal execution)

VM Mutex/Monitor currently owned by a thread:  ([mutex/lock_event])
[0x00007f0940006c90] Threads_lock - owner thread: 0x00007f094006a800
[0x00007f0940007190] Heap_lock - owner thread: 0x00007f094000a800

Heap
 PSYoungGen      total 78336K, used 1774K [0x00000000eaa80000, 0x00000000f1780000, 0x0000000100000000)
  eden space 54272K, 0% used [0x00000000eaa80000,0x00000000eaa80000,0x00000000edf80000)
  from space 24064K, 7% used [0x00000000edf80000,0x00000000ee13bba8,0x00000000ef700000)
  to   space 14848K, 0% used [0x00000000ef700000,0x00000000ef700000,0x00000000f0580000)
 ParOldGen       total 53760K, used 16088K [0x00000000c0000000, 0x00000000c3480000, 0x00000000eaa80000)
  object space 53760K, 29% used [0x00000000c0000000,0x00000000c0fb62e0,0x00000000c3480000)
 PSPermGen       total 21504K, used 6985K [0x00000000bae00000, 0x00000000bc300000, 0x00000000c0000000)
  object space 21504K, 32% used [0x00000000bae00000,0x00000000bb4d27f0,0x00000000bc300000)

Card table byte_map: [0x00007f09456eb000,0x00007f0945915000] byte_map_base: 0x00007f0945114000

Polling page: 0x00007f0948745000

Code Cache  [0x00007f093d000000, 0x00007f093d270000, 0x00007f0940000000)
 total_blobs=874 nmethods=624 adapters=203 free_code_cache=47511Kb largest_free_block=48600704

Compilation events (10 events):
Event: 4,119 Thread 0x00007f0940098000 nmethod 634 0x00007f093d17c210 code [0x00007f093d17c3a0, 0x00007f093d17c818]
Event: 4,119 Thread 0x00007f0940098000  635             com.android.dex.Leb128::readSignedLeb128 (93 bytes)
Event: 4,129 Thread 0x00007f0940098000 nmethod 635 0x00007f093d190590 code [0x00007f093d190700, 0x00007f093d190a98]
Event: 4,129 Thread 0x00007f0940098000  636             com.android.dx.io.instructions.ShortArrayCodeOutput::writeInt (16 bytes)
Event: 4,131 Thread 0x00007f0940098000 nmethod 636 0x00007f093d17bed0 code [0x00007f093d17c020, 0x00007f093d17c118]
Event: 4,131 Thread 0x00007f0940098000  637             com.android.dx.merge.DexMerger::transformCode (252 bytes)
Event: 4,190 Thread 0x00007f0940098000 nmethod 637 0x00007f093d19c850 code [0x00007f093d19cae0, 0x00007f093d19db50]
Event: 4,346 Thread 0x00007f0940095000 nmethod 628% 0x00007f093d1a2450 code [0x00007f093d1a27a0, 0x00007f093d1a3fd8]
Event: 4,346 Thread 0x00007f0940098000  638             com.android.dx.merge.DexMerger::transformMethods (126 bytes)
Event: 4,380 Thread 0x00007f0940098000 nmethod 638 0x00007f093d18f610 code [0x00007f093d18f800, 0x00007f093d18fd90]

GC Heap History (10 events):
Event: 2,166 GC heap after
Heap after GC invocations=3 (full 0):
 PSYoungGen      total 18432K, used 2532K [0x00000000eaa80000, 0x00000000ece80000, 0x0000000100000000)
  eden space 15872K, 0% used [0x00000000eaa80000,0x00000000eaa80000,0x00000000eba00000)
  from space 2560K, 98% used [0x00000000eba00000,0x00000000ebc79248,0x00000000ebc80000)
  to   space 2560K, 0% used [0x00000000ecc00000,0x00000000ecc00000,0x00000000ece80000)
 ParOldGen       total 40960K, used 8909K [0x00000000c0000000, 0x00000000c2800000, 0x00000000eaa80000)
  object space 40960K, 21% used [0x00000000c0000000,0x00000000c08b34d8,0x00000000c2800000)
 PSPermGen       total 21504K, used 6066K [0x00000000bae00000, 0x00000000bc300000, 0x00000000c0000000)
  object space 21504K, 28% used [0x00000000bae00000,0x00000000bb3eca88,0x00000000bc300000)
}
Event: 2,837 GC heap before
{Heap before GC invocations=4 (full 0):
 PSYoungGen      total 18432K, used 18404K [0x00000000eaa80000, 0x00000000ece80000, 0x0000000100000000)
  eden space 15872K, 100% used [0x00000000eaa80000,0x00000000eba00000,0x00000000eba00000)
  from space 2560K, 98% used [0x00000000eba00000,0x00000000ebc79248,0x00000000ebc80000)
  to   space 2560K, 0% used [0x00000000ecc00000,0x00000000ecc00000,0x00000000ece80000)
 ParOldGen       total 40960K, used 8909K [0x00000000c0000000, 0x00000000c2800000, 0x00000000eaa80000)
  object space 40960K, 21% used [0x00000000c0000000,0x00000000c08b34d8,0x00000000c2800000)
 PSPermGen       total 21504K, used 6909K [0x00000000bae00000, 0x00000000bc300000, 0x00000000c0000000)
  object space 21504K, 32% used [0x00000000bae00000,0x00000000bb4bf548,0x00000000bc300000)
Event: 2,844 GC heap after
Heap after GC invocations=4 (full 0):
 PSYoungGen      total 34304K, used 2544K [0x00000000eaa80000, 0x00000000ece80000, 0x0000000100000000)
  eden space 31744K, 0% used [0x00000000eaa80000,0x00000000eaa80000,0x00000000ec980000)
  from space 2560K, 99% used [0x00000000ecc00000,0x00000000ece7c110,0x00000000ece80000)
  to   space 2560K, 0% used [0x00000000ec980000,0x00000000ec980000,0x00000000ecc00000)
 ParOldGen       total 40960K, used 13433K [0x00000000c0000000, 0x00000000c2800000, 0x00000000eaa80000)
  object space 40960K, 32% used [0x00000000c0000000,0x00000000c0d1e4f8,0x00000000c2800000)
 PSPermGen       total 21504K, used 6909K [0x00000000bae00000, 0x00000000bc300000, 0x00000000c0000000)
  object space 21504K, 32% used [0x00000000bae00000,0x00000000bb4bf548,0x00000000bc300000)
}
Event: 3,225 GC heap before
{Heap before GC invocations=5 (full 0):
 PSYoungGen      total 34304K, used 34288K [0x00000000eaa80000, 0x00000000ece80000, 0x0000000100000000)
  eden space 31744K, 100% used [0x00000000eaa80000,0x00000000ec980000,0x00000000ec980000)
  from space 2560K, 99% used [0x00000000ecc00000,0x00000000ece7c110,0x00000000ece80000)
  to   space 2560K, 0% used [0x00000000ec980000,0x00000000ec980000,0x00000000ecc00000)
 ParOldGen       total 40960K, used 13433K [0x00000000c0000000, 0x00000000c2800000, 0x00000000eaa80000)
  object space 40960K, 32% used [0x00000000c0000000,0x00000000c0d1e4f8,0x00000000c2800000)
 PSPermGen       total 21504K, used 6949K [0x00000000bae00000, 0x00000000bc300000, 0x00000000c0000000)
  object space 21504K, 32% used [0x00000000bae00000,0x00000000bb4c9448,0x00000000bc300000)
Event: 3,236 GC heap after
Heap after GC invocations=5 (full 0):
 PSYoungGen      total 34304K, used 2544K [0x00000000eaa80000, 0x00000000f0580000, 0x0000000100000000)
  eden space 31744K, 0% used [0x00000000eaa80000,0x00000000eaa80000,0x00000000ec980000)
  from space 2560K, 99% used [0x00000000ec980000,0x00000000ecbfc110,0x00000000ecc00000)
  to   space 14848K, 0% used [0x00000000ef700000,0x00000000ef700000,0x00000000f0580000)
 ParOldGen       total 40960K, used 27112K [0x00000000c0000000, 0x00000000c2800000, 0x00000000eaa80000)
  object space 40960K, 66% used [0x00000000c0000000,0x00000000c1a7a0d8,0x00000000c2800000)
 PSPermGen       total 21504K, used 6949K [0x00000000bae00000, 0x00000000bc300000, 0x00000000c0000000)
  object space 21504K, 32% used [0x00000000bae00000,0x00000000bb4c9448,0x00000000bc300000)
}
Event: 3,558 GC heap before
{Heap before GC invocations=6 (full 0):
 PSYoungGen      total 34304K, used 34288K [0x00000000eaa80000, 0x00000000f0580000, 0x0000000100000000)
  eden space 31744K, 100% used [0x00000000eaa80000,0x00000000ec980000,0x00000000ec980000)
  from space 2560K, 99% used [0x00000000ec980000,0x00000000ecbfc110,0x00000000ecc00000)
  to   space 14848K, 0% used [0x00000000ef700000,0x00000000ef700000,0x00000000f0580000)
 ParOldGen       total 40960K, used 27112K [0x00000000c0000000, 0x00000000c2800000, 0x00000000eaa80000)
  object space 40960K, 66% used [0x00000000c0000000,0x00000000c1a7a0d8,0x00000000c2800000)
 PSPermGen       total 21504K, used 6965K [0x00000000bae00000, 0x00000000bc300000, 0x00000000c0000000)
  object space 21504K, 32% used [0x00000000bae00000,0x00000000bb4cd7c0,0x00000000bc300000)
Event: 3,599 GC heap after
Heap after GC invocations=6 (full 0):
 PSYoungGen      total 69120K, used 14841K [0x00000000eaa80000, 0x00000000f1780000, 0x0000000100000000)
  eden space 54272K, 0% used [0x00000000eaa80000,0x00000000eaa80000,0x00000000edf80000)
  from space 14848K, 99% used [0x00000000ef700000,0x00000000f057e610,0x00000000f0580000)
  to   space 24064K, 0% used [0x00000000edf80000,0x00000000edf80000,0x00000000ef700000)
 ParOldGen       total 40960K, used 38396K [0x00000000c0000000, 0x00000000c2800000, 0x00000000eaa80000)
  object space 40960K, 93% used [0x00000000c0000000,0x00000000c257f010,0x00000000c2800000)
 PSPermGen       total 21504K, used 6965K [0x00000000bae00000, 0x00000000bc300000, 0x00000000c0000000)
  object space 21504K, 32% used [0x00000000bae00000,0x00000000bb4cd7c0,0x00000000bc300000)
}
Event: 3,599 GC heap before
{Heap before GC invocations=7 (full 1):
 PSYoungGen      total 69120K, used 14841K [0x00000000eaa80000, 0x00000000f1780000, 0x0000000100000000)
  eden space 54272K, 0% used [0x00000000eaa80000,0x00000000eaa80000,0x00000000edf80000)
  from space 14848K, 99% used [0x00000000ef700000,0x00000000f057e610,0x00000000f0580000)
  to   space 24064K, 0% used [0x00000000edf80000,0x00000000edf80000,0x00000000ef700000)
 ParOldGen       total 40960K, used 38396K [0x00000000c0000000, 0x00000000c2800000, 0x00000000eaa80000)
  object space 40960K, 93% used [0x00000000c0000000,0x00000000c257f010,0x00000000c2800000)
 PSPermGen       total 21504K, used 6965K [0x00000000bae00000, 0x00000000bc300000, 0x00000000c0000000)
  object space 21504K, 32% used [0x00000000bae00000,0x00000000bb4cd7c0,0x00000000bc300000)
Event: 3,696 GC heap after
Heap after GC invocations=7 (full 1):
 PSYoungGen      total 69120K, used 0K [0x00000000eaa80000, 0x00000000f1780000, 0x0000000100000000)
  eden space 54272K, 0% used [0x00000000eaa80000,0x00000000eaa80000,0x00000000edf80000)
  from space 14848K, 0% used [0x00000000ef700000,0x00000000ef700000,0x00000000f0580000)
  to   space 24064K, 0% used [0x00000000edf80000,0x00000000edf80000,0x00000000ef700000)
 ParOldGen       total 53760K, used 16088K [0x00000000c0000000, 0x00000000c3480000, 0x00000000eaa80000)
  object space 53760K, 29% used [0x00000000c0000000,0x00000000c0fb62e0,0x00000000c3480000)
 PSPermGen       total 21504K, used 6963K [0x00000000bae00000, 0x00000000bc300000, 0x00000000c0000000)
  object space 21504K, 32% used [0x00000000bae00000,0x00000000bb4cccb0,0x00000000bc300000)
}
Event: 4,529 GC heap before
{Heap before GC invocations=8 (full 1):
 PSYoungGen      total 69120K, used 54272K [0x00000000eaa80000, 0x00000000f1780000, 0x0000000100000000)
  eden space 54272K, 100% used [0x00000000eaa80000,0x00000000edf80000,0x00000000edf80000)
  from space 14848K, 0% used [0x00000000ef700000,0x00000000ef700000,0x00000000f0580000)
  to   space 24064K, 0% used [0x00000000edf80000,0x00000000edf80000,0x00000000ef700000)
 ParOldGen       total 53760K, used 16088K [0x00000000c0000000, 0x00000000c3480000, 0x00000000eaa80000)
  object space 53760K, 29% used [0x00000000c0000000,0x00000000c0fb62e0,0x00000000c3480000)
 PSPermGen       total 21504K, used 6985K [0x00000000bae00000, 0x00000000bc300000, 0x00000000c0000000)
  object space 21504K, 32% used [0x00000000bae00000,0x00000000bb4d27f0,0x00000000bc300000)

Deoptimization events (10 events):
Event: 3,328 Thread 0x00007f094000a800 Uncommon trap: reason=predicate action=maybe_recompile pc=0x00007f093d144034 method=java.util.ComparableTimSort.binarySort([Ljava/lang/Object;III)V @ 37
Event: 3,329 Thread 0x00007f094000a800 Uncommon trap: reason=unstable_if action=reinterpret pc=0x00007f093d116f5c method=com.android.dex.Mutf8.countBytes(Ljava/lang/String;Z)J @ 28
Event: 3,329 Thread 0x00007f094000a800 Uncommon trap: reason=unstable_if action=reinterpret pc=0x00007f093d0e79ac method=com.android.dex.Mutf8.encode([BILjava/lang/String;)V @ 24
Event: 3,329 Thread 0x00007f094000a800 Uncommon trap: reason=unstable_if action=reinterpret pc=0x00007f093d11bbc0 method=com.android.dex.Mutf8.countBytes(Ljava/lang/String;Z)J @ 28
Event: 3,329 Thread 0x00007f094000a800 Uncommon trap: reason=unstable_if action=reinterpret pc=0x00007f093d11a9c4 method=com.android.dex.Mutf8.countBytes(Ljava/lang/String;Z)J @ 28
Event: 3,329 Thread 0x00007f094000a800 Uncommon trap: reason=unstable_if action=reinterpret pc=0x00007f093d111ccc method=com.android.dex.Mutf8.countBytes(Ljava/lang/String;Z)J @ 28
Event: 3,329 Thread 0x00007f094000a800 Uncommon trap: reason=unstable_if action=reinterpret pc=0x00007f093d0e8208 method=com.android.dex.Mutf8.countBytes(Ljava/lang/String;Z)J @ 28
Event: 3,911 Thread 0x00007f094000a800 Uncommon trap: reason=predicate action=maybe_recompile pc=0x00007f093d156d50 method=java.util.TimSort.binarySort([Ljava/lang/Object;IIILjava/util/Comparator;)V @ 37
Event: 3,976 Thread 0x00007f094000a800 Uncommon trap: reason=unstable_if action=reinterpret pc=0x00007f093d14d050 method=com.android.dx.merge.DexMerger.transformCode(Lcom/android/dex/Dex;Lcom/android/dex/Code;Lcom/android/dx/merge/IndexMap;)V @ 86
Event: 3,976 Thread 0x00007f094000a800 Uncommon trap: reason=unstable_if action=reinterpret pc=0x00007f093d15da24 method=com.android.dx.merge.DexMerger.transformCode(Lcom/android/dex/Dex;Lcom/android/dex/Code;Lcom/android/dx/merge/IndexMap;)V @ 86

Internal exceptions (10 events):
Event: 2,245 Thread 0x00007f094000a800 Threw 0x00000000eaba0908 at /HUDSON/workspace/7u-2-build-linux-amd64/jdk7u80/2329/hotspot/src/share/vm/prims/jvm.cpp:1319
Event: 2,245 Thread 0x00007f094000a800 Threw 0x00000000eaba3808 at /HUDSON/workspace/7u-2-build-linux-amd64/jdk7u80/2329/hotspot/src/share/vm/prims/jvm.cpp:1319
Event: 2,246 Thread 0x00007f094000a800 Threw 0x00000000eaba6b20 at /HUDSON/workspace/7u-2-build-linux-amd64/jdk7u80/2329/hotspot/src/share/vm/prims/jvm.cpp:1319
Event: 2,249 Thread 0x00007f094000a800 Threw 0x00000000eabadec0 at /HUDSON/workspace/7u-2-build-linux-amd64/jdk7u80/2329/hotspot/src/share/vm/prims/jvm.cpp:1319
Event: 2,250 Thread 0x00007f094000a800 Threw 0x00000000eabaff40 at /HUDSON/workspace/7u-2-build-linux-amd64/jdk7u80/2329/hotspot/src/share/vm/prims/jvm.cpp:1319
Event: 2,315 Thread 0x00007f094000a800 Threw 0x00000000eac73448 at /HUDSON/workspace/7u-2-build-linux-amd64/jdk7u80/2329/hotspot/src/share/vm/prims/jvm.cpp:1319
Event: 2,315 Thread 0x00007f094000a800 Threw 0x00000000eac73570 at /HUDSON/workspace/7u-2-build-linux-amd64/jdk7u80/2329/hotspot/src/share/vm/prims/jvm.cpp:1319
Event: 2,316 Thread 0x00007f094000a800 Threw 0x00000000eac758e0 at /HUDSON/workspace/7u-2-build-linux-amd64/jdk7u80/2329/hotspot/src/share/vm/prims/jvm.cpp:1319
Event: 2,316 Thread 0x00007f094000a800 Threw 0x00000000eac75a08 at /HUDSON/workspace/7u-2-build-linux-amd64/jdk7u80/2329/hotspot/src/share/vm/prims/jvm.cpp:1319
Event: 2,858 Thread 0x00007f094000a800 Threw 0x00000000eab02ba0 at /HUDSON/workspace/7u-2-build-linux-amd64/jdk7u80/2329/hotspot/src/share/vm/prims/jvm.cpp:1319

Events (10 events):
Event: 3,911 Thread 0x00007f094000a800 DEOPT UNPACKING pc=0x00007f093d039445 sp=0x00007f09487273a0 mode 2
Event: 3,976 Thread 0x00007f094000a800 Uncommon trap: trap_request=0xffffff75 fr.pc=0x00007f093d14d050
Event: 3,976 Thread 0x00007f094000a800 DEOPT PACKING pc=0x00007f093d14d050 sp=0x00007f0948727440
Event: 3,976 Thread 0x00007f094000a800 DEOPT UNPACKING pc=0x00007f093d039445 sp=0x00007f0948727398 mode 2
Event: 3,976 Thread 0x00007f094000a800 Uncommon trap: trap_request=0xffffff75 fr.pc=0x00007f093d15da24
Event: 3,976 Thread 0x00007f094000a800 DEOPT PACKING pc=0x00007f093d15da24 sp=0x00007f09487273a0
Event: 3,976 Thread 0x00007f094000a800 DEOPT UNPACKING pc=0x00007f093d039445 sp=0x00007f0948727388 mode 2
Event: 4,354 Executing VM operation: EnableBiasedLocking
Event: 4,389 Executing VM operation: EnableBiasedLocking done
Event: 4,501 Executing VM operation: ParallelGCFailedAllocation


Dynamic libraries:
00400000-00401000 r-xp 00000000 08:01 2494039                            /usr/lib/jvm/java-7-oracle/bin/java
00600000-00601000 rw-p 00000000 08:01 2494039                            /usr/lib/jvm/java-7-oracle/bin/java
00fc4000-00fe5000 rw-p 00000000 00:00 0                                  [heap]
bae00000-bc300000 rw-p 00000000 00:00 0 
bc300000-c0000000 rw-p 00000000 00:00 0 
c0000000-c3480000 rw-p 00000000 00:00 0 
c3480000-eaa80000 rw-p 00000000 00:00 0 
eaa80000-f1780000 rw-p 00000000 00:00 0 
f2d80000-100000000 rw-p 00000000 00:00 0 
7f0900000000-7f0900021000 rw-p 00000000 00:00 0 
7f0900021000-7f0904000000 ---p 00000000 00:00 0 
7f0908000000-7f09085cc000 rw-p 00000000 00:00 0 
7f09085cc000-7f090c000000 ---p 00000000 00:00 0 
7f090c000000-7f090c021000 rw-p 00000000 00:00 0 
7f090c021000-7f0910000000 ---p 00000000 00:00 0 
7f0910000000-7f0910021000 rw-p 00000000 00:00 0 
7f0910021000-7f0914000000 ---p 00000000 00:00 0 
7f0914000000-7f09144f6000 rw-p 00000000 00:00 0 
7f09144f6000-7f0918000000 ---p 00000000 00:00 0 
7f0918000000-7f0918021000 rw-p 00000000 00:00 0 
7f0918021000-7f091c000000 ---p 00000000 00:00 0 
7f091c000000-7f091c021000 rw-p 00000000 00:00 0 
7f091c021000-7f0920000000 ---p 00000000 00:00 0 
7f0920000000-7f0920021000 rw-p 00000000 00:00 0 
7f0920021000-7f0924000000 ---p 00000000 00:00 0 
7f0924000000-7f0924021000 rw-p 00000000 00:00 0 
7f0924021000-7f0928000000 ---p 00000000 00:00 0 
7f0928000000-7f0928021000 rw-p 00000000 00:00 0 
7f0928021000-7f092c000000 ---p 00000000 00:00 0 
7f0930000000-7f0930021000 rw-p 00000000 00:00 0 
7f0930021000-7f0934000000 ---p 00000000 00:00 0 
7f09352fb000-7f0935544000 rw-p 00000000 00:00 0 
7f0935544000-7f093555b000 r-xp 00000000 08:01 2761330                    /usr/lib/jvm/java-7-oracle/jre/lib/amd64/libnet.so
7f093555b000-7f093575a000 ---p 00017000 08:01 2761330                    /usr/lib/jvm/java-7-oracle/jre/lib/amd64/libnet.so
7f093575a000-7f093575b000 rw-p 00016000 08:01 2761330                    /usr/lib/jvm/java-7-oracle/jre/lib/amd64/libnet.so
7f093575b000-7f093576b000 r-xp 00000000 08:01 2761323                    /usr/lib/jvm/java-7-oracle/jre/lib/amd64/libnio.so
7f093576b000-7f093596b000 ---p 00010000 08:01 2761323                    /usr/lib/jvm/java-7-oracle/jre/lib/amd64/libnio.so
7f093596b000-7f093596c000 rw-p 00010000 08:01 2761323                    /usr/lib/jvm/java-7-oracle/jre/lib/amd64/libnio.so
7f093596c000-7f093596d000 ---p 00000000 00:00 0 
7f093596d000-7f0935a6d000 rw-p 00000000 00:00 0                          [stack:28720]
7f0935a6d000-7f0935a70000 ---p 00000000 00:00 0 
7f0935a70000-7f0935b6e000 rw-p 00000000 00:00 0                          [stack:28719]
7f0935b6e000-7f0935b71000 ---p 00000000 00:00 0 
7f0935b71000-7f0935c6f000 rw-p 00000000 00:00 0                          [stack:28718]
7f0935c6f000-7f0935c72000 ---p 00000000 00:00 0 
7f0935c72000-7f0938000000 rw-p 00000000 00:00 0                          [stack:28717]
7f0938000000-7f0938021000 rw-p 00000000 00:00 0 
7f0938021000-7f093c000000 ---p 00000000 00:00 0 
7f093c0cd000-7f093c0d0000 ---p 00000000 00:00 0 
7f093c0d0000-7f093c1ce000 rw-p 00000000 00:00 0                          [stack:28716]
7f093c1ce000-7f093c8f9000 r--p 00000000 08:01 6691832                    /usr/lib/locale/locale-archive
7f093c8f9000-7f093c8fc000 ---p 00000000 00:00 0 
7f093c8fc000-7f093c9fa000 rw-p 00000000 00:00 0                          [stack:28715]
7f093c9fa000-7f093c9fd000 ---p 00000000 00:00 0 
7f093c9fd000-7f093cafb000 rw-p 00000000 00:00 0                          [stack:28714]
7f093cafb000-7f093cafc000 ---p 00000000 00:00 0 
7f093cafc000-7f093d000000 rw-p 00000000 00:00 0                          [stack:28713]
7f093d000000-7f093d270000 rwxp 00000000 00:00 0 
7f093d270000-7f0940220000 rw-p 00000000 00:00 0 
7f0940220000-7f0944000000 ---p 00000000 00:00 0 
7f094408b000-7f0944c86000 rw-p 00000000 00:00 0 
7f0944c86000-7f0944e46000 r--s 039fb000 08:01 2362465                    /usr/lib/jvm/java-7-oracle/jre/lib/rt.jar
7f0944e46000-7f0945168000 rw-p 00000000 00:00 0 
7f0945168000-7f0945169000 ---p 00000000 00:00 0 
7f0945169000-7f0945269000 rw-p 00000000 00:00 0                          [stack:28712]
7f0945269000-7f094526a000 ---p 00000000 00:00 0 
7f094526a000-7f094536a000 rw-p 00000000 00:00 0                          [stack:28711]
7f094536a000-7f094536b000 ---p 00000000 00:00 0 
7f094536b000-7f094546b000 rw-p 00000000 00:00 0                          [stack:28710]
7f094546b000-7f094546c000 ---p 00000000 00:00 0 
7f094546c000-7f0945577000 rw-p 00000000 00:00 0                          [stack:28709]
7f0945577000-7f0945595000 rw-p 00000000 00:00 0 
7f0945595000-7f09455b0000 rw-p 00000000 00:00 0 
7f09455b0000-7f09456eb000 rw-p 00000000 00:00 0 
7f09456eb000-7f09456f6000 rw-p 00000000 00:00 0 
7f09456f6000-7f0945714000 rw-p 00000000 00:00 0 
7f0945714000-7f094572f000 rw-p 00000000 00:00 0 
7f094572f000-7f0945869000 rw-p 00000000 00:00 0 
7f0945869000-7f09458a0000 rw-p 00000000 00:00 0 
7f09458a0000-7f0945914000 rw-p 00000000 00:00 0 
7f0945914000-7f0945915000 rw-p 00000000 00:00 0 
7f0945915000-7f094592c000 r-xp 00000000 08:01 2761326                    /usr/lib/jvm/java-7-oracle/jre/lib/amd64/libzip.so
7f094592c000-7f0945b2c000 ---p 00017000 08:01 2761326                    /usr/lib/jvm/java-7-oracle/jre/lib/amd64/libzip.so
7f0945b2c000-7f0945b2d000 rw-p 00017000 08:01 2761326                    /usr/lib/jvm/java-7-oracle/jre/lib/amd64/libzip.so
7f0945b2d000-7f0945b38000 r-xp 00000000 08:01 789640                     /lib/x86_64-linux-gnu/libnss_files-2.19.so
7f0945b38000-7f0945d37000 ---p 0000b000 08:01 789640                     /lib/x86_64-linux-gnu/libnss_files-2.19.so
7f0945d37000-7f0945d38000 r--p 0000a000 08:01 789640                     /lib/x86_64-linux-gnu/libnss_files-2.19.so
7f0945d38000-7f0945d39000 rw-p 0000b000 08:01 789640                     /lib/x86_64-linux-gnu/libnss_files-2.19.so
7f0945d39000-7f0945d44000 r-xp 00000000 08:01 789669                     /lib/x86_64-linux-gnu/libnss_nis-2.19.so
7f0945d44000-7f0945f43000 ---p 0000b000 08:01 789669                     /lib/x86_64-linux-gnu/libnss_nis-2.19.so
7f0945f43000-7f0945f44000 r--p 0000a000 08:01 789669                     /lib/x86_64-linux-gnu/libnss_nis-2.19.so
7f0945f44000-7f0945f45000 rw-p 0000b000 08:01 789669                     /lib/x86_64-linux-gnu/libnss_nis-2.19.so
7f0945f45000-7f0945f5c000 r-xp 00000000 08:01 789656                     /lib/x86_64-linux-gnu/libnsl-2.19.so
7f0945f5c000-7f094615b000 ---p 00017000 08:01 789656                     /lib/x86_64-linux-gnu/libnsl-2.19.so
7f094615b000-7f094615c000 r--p 00016000 08:01 789656                     /lib/x86_64-linux-gnu/libnsl-2.19.so
7f094615c000-7f094615d000 rw-p 00017000 08:01 789656                     /lib/x86_64-linux-gnu/libnsl-2.19.so
7f094615d000-7f094615f000 rw-p 00000000 00:00 0 
7f094615f000-7f0946168000 r-xp 00000000 08:01 789650                     /lib/x86_64-linux-gnu/libnss_compat-2.19.so
7f0946168000-7f0946367000 ---p 00009000 08:01 789650                     /lib/x86_64-linux-gnu/libnss_compat-2.19.so
7f0946367000-7f0946368000 r--p 00008000 08:01 789650                     /lib/x86_64-linux-gnu/libnss_compat-2.19.so
7f0946368000-7f0946369000 rw-p 00009000 08:01 789650                     /lib/x86_64-linux-gnu/libnss_compat-2.19.so
7f0946369000-7f0946392000 r-xp 00000000 08:01 2761335                    /usr/lib/jvm/java-7-oracle/jre/lib/amd64/libjava.so
7f0946392000-7f0946592000 ---p 00029000 08:01 2761335                    /usr/lib/jvm/java-7-oracle/jre/lib/amd64/libjava.so
7f0946592000-7f0946594000 rw-p 00029000 08:01 2761335                    /usr/lib/jvm/java-7-oracle/jre/lib/amd64/libjava.so
7f0946594000-7f09465a1000 r-xp 00000000 08:01 2761329                    /usr/lib/jvm/java-7-oracle/jre/lib/amd64/libverify.so
7f09465a1000-7f09467a0000 ---p 0000d000 08:01 2761329                    /usr/lib/jvm/java-7-oracle/jre/lib/amd64/libverify.so
7f09467a0000-7f09467a2000 rw-p 0000c000 08:01 2761329                    /usr/lib/jvm/java-7-oracle/jre/lib/amd64/libverify.so
7f09467a2000-7f09467a9000 r-xp 00000000 08:01 789665                     /lib/x86_64-linux-gnu/librt-2.19.so
7f09467a9000-7f09469a8000 ---p 00007000 08:01 789665                     /lib/x86_64-linux-gnu/librt-2.19.so
7f09469a8000-7f09469a9000 r--p 00006000 08:01 789665                     /lib/x86_64-linux-gnu/librt-2.19.so
7f09469a9000-7f09469aa000 rw-p 00007000 08:01 789665                     /lib/x86_64-linux-gnu/librt-2.19.so
7f09469aa000-7f0946aaf000 r-xp 00000000 08:01 789639                     /lib/x86_64-linux-gnu/libm-2.19.so
7f0946aaf000-7f0946cae000 ---p 00105000 08:01 789639                     /lib/x86_64-linux-gnu/libm-2.19.so
7f0946cae000-7f0946caf000 r--p 00104000 08:01 789639                     /lib/x86_64-linux-gnu/libm-2.19.so
7f0946caf000-7f0946cb0000 rw-p 00105000 08:01 789639                     /lib/x86_64-linux-gnu/libm-2.19.so
7f0946cb0000-7f0947826000 r-xp 00000000 08:01 3154211                    /usr/lib/jvm/java-7-oracle/jre/lib/amd64/server/libjvm.so
7f0947826000-7f0947a25000 ---p 00b76000 08:01 3154211                    /usr/lib/jvm/java-7-oracle/jre/lib/amd64/server/libjvm.so
7f0947a25000-7f0947ae9000 rw-p 00b75000 08:01 3154211                    /usr/lib/jvm/java-7-oracle/jre/lib/amd64/server/libjvm.so
7f0947ae9000-7f0947b2a000 rw-p 00000000 00:00 0 
7f0947b2a000-7f0947ce5000 r-xp 00000000 08:01 789662                     /lib/x86_64-linux-gnu/libc-2.19.so
7f0947ce5000-7f0947ee4000 ---p 001bb000 08:01 789662                     /lib/x86_64-linux-gnu/libc-2.19.so
7f0947ee4000-7f0947ee8000 r--p 001ba000 08:01 789662                     /lib/x86_64-linux-gnu/libc-2.19.so
7f0947ee8000-7f0947eea000 rw-p 001be000 08:01 789662                     /lib/x86_64-linux-gnu/libc-2.19.so
7f0947eea000-7f0947eef000 rw-p 00000000 00:00 0 
7f0947eef000-7f0947ef2000 r-xp 00000000 08:01 789644                     /lib/x86_64-linux-gnu/libdl-2.19.so
7f0947ef2000-7f09480f1000 ---p 00003000 08:01 789644                     /lib/x86_64-linux-gnu/libdl-2.19.so
7f09480f1000-7f09480f2000 r--p 00002000 08:01 789644                     /lib/x86_64-linux-gnu/libdl-2.19.so
7f09480f2000-7f09480f3000 rw-p 00003000 08:01 789644                     /lib/x86_64-linux-gnu/libdl-2.19.so
7f09480f3000-7f0948108000 r-xp 00000000 08:01 2362561                    /usr/lib/jvm/java-7-oracle/lib/amd64/jli/libjli.so
7f0948108000-7f0948307000 ---p 00015000 08:01 2362561                    /usr/lib/jvm/java-7-oracle/lib/amd64/jli/libjli.so
7f0948307000-7f0948308000 rw-p 00014000 08:01 2362561                    /usr/lib/jvm/java-7-oracle/lib/amd64/jli/libjli.so
7f0948308000-7f0948321000 r-xp 00000000 08:01 789663                     /lib/x86_64-linux-gnu/libpthread-2.19.so
7f0948321000-7f0948520000 ---p 00019000 08:01 789663                     /lib/x86_64-linux-gnu/libpthread-2.19.so
7f0948520000-7f0948521000 r--p 00018000 08:01 789663                     /lib/x86_64-linux-gnu/libpthread-2.19.so
7f0948521000-7f0948522000 rw-p 00019000 08:01 789663                     /lib/x86_64-linux-gnu/libpthread-2.19.so
7f0948522000-7f0948526000 rw-p 00000000 00:00 0 
7f0948526000-7f0948549000 r-xp 00000000 08:01 789658                     /lib/x86_64-linux-gnu/ld-2.19.so
7f094854c000-7f094854d000 rw-p 00000000 00:00 0 
7f094854d000-7f094854e000 r--p 00000000 08:01 284402                     /usr/share/locale-langpack/en_GB/LC_MESSAGES/libc.mo
7f094854e000-7f0948552000 r--s 0008b000 08:01 2362551                    /usr/lib/jvm/java-7-oracle/jre/lib/jsse.jar
7f0948552000-7f0948572000 rw-p 00000000 00:00 0 
7f0948572000-7f0948628000 rw-p 00000000 00:00 0 
7f0948628000-7f094862b000 ---p 00000000 00:00 0 
7f094862b000-7f094872d000 rw-p 00000000 00:00 0                          [stack:28708]
7f094872d000-7f094873c000 r--s 000dd000 00:18 2494506                    /home/xavier/Android/Sdk/build-tools/21.1.2/lib/dx.jar
7f094873c000-7f0948744000 rw-s 00000000 08:01 2367773                    /tmp/hsperfdata_xavier/28702
7f0948744000-7f0948745000 rw-p 00000000 00:00 0 
7f0948745000-7f0948746000 ---p 00000000 00:00 0 
7f0948746000-7f0948748000 rw-p 00000000 00:00 0 
7f0948748000-7f0948749000 r--p 00022000 08:01 789658                     /lib/x86_64-linux-gnu/ld-2.19.so
7f0948749000-7f094874a000 rw-p 00023000 08:01 789658                     /lib/x86_64-linux-gnu/ld-2.19.so
7f094874a000-7f094874b000 rw-p 00000000 00:00 0 
7fffd5bd2000-7fffd5bf3000 rw-p 00000000 00:00 0                          [stack]
7fffd5bf7000-7fffd5bf9000 r-xp 00000000 00:00 0                          [vdso]
ffffffffff600000-ffffffffff601000 r-xp 00000000 00:00 0                  [vsyscall]

VM Arguments:
jvm_args: -Xmx1024M -Dfile.encoding=UTF-8 -Duser.country=GB -Duser.language=en -Duser.variant 
java_command: com.android.dx.command.Main --dex --output /home/xavier/Copy/ucl/q4/coo/bartender/app/build/intermediates/dex/debug /home/xavier/Copy/ucl/q4/coo/bartender/app/build/intermediates/classes/debug /home/xavier/Copy/ucl/q4/coo/bartender/app/build/intermediates/pre-dexed/debug/support-annotations-21.0.3-e877f017f677c7bc6d7e2b58853e8788d1355e3f.jar /home/xavier/Copy/ucl/q4/coo/bartender/app/build/intermediates/pre-dexed/debug/sqliteassethelper-2.0.1-b7cabbb0f445f26bb84b9278b07fc3451c655591.jar /home/xavier/Copy/ucl/q4/coo/bartender/app/build/intermediates/pre-dexed/debug/internal_impl-21.0.3-226ff25549c33f29fc0f78a3695bb399f538a741.jar /home/xavier/Copy/ucl/q4/coo/bartender/app/build/intermediates/pre-dexed/debug/classes-d88e7c4bcb5fb7674b2c14dae27a6183f57984d7.jar /home/xavier/Copy/ucl/q4/coo/bartender/app/build/intermediates/pre-dexed/debug/classes-fc2eb60bd20c15cd08ba31187f42cf85d208a354.jar /home/xavier/Copy/ucl/q4/coo/bartender/app/build/intermediates/pre-dexed/debug/classes-d4c0fa222e7ffb1602c4704716c27331fbc500fb.jar
Launcher Type: SUN_STANDARD

Environment Variables:
JAVA_HOME=/usr/lib/jvm/java-7-oracle
CLASSPATH=/home/xavier/android-studio/bin/../lib/bootstrap.jar:/home/xavier/android-studio/bin/../lib/extensions.jar:/home/xavier/android-studio/bin/../lib/util.jar:/home/xavier/android-studio/bin/../lib/jdom.jar:/home/xavier/android-studio/bin/../lib/log4j.jar:/home/xavier/android-studio/bin/../lib/trove4j.jar:/home/xavier/android-studio/bin/../lib/jna.jar:/usr/lib/jvm/java-7-oracle/lib/tools.jar
PATH=/home/xavier/bin:/usr/local/sbin:/usr/local/bin:/usr/sbin:/usr/bin:/sbin:/bin:/usr/games:/usr/local/games
LD_LIBRARY_PATH=/home/xavier/android-studio/bin:
SHELL=/usr/bin/zsh
DISPLAY=:0

Signal Handlers:
SIGSEGV: [libjvm.so+0x9a3b20], sa_mask[0]=0x7ffbfeff, sa_flags=0x10000004
SIGBUS: [libjvm.so+0x9a3b20], sa_mask[0]=0x7ffbfeff, sa_flags=0x10000004
SIGFPE: [libjvm.so+0x81e740], sa_mask[0]=0x7ffbfeff, sa_flags=0x10000004
SIGPIPE: [libjvm.so+0x81e740], sa_mask[0]=0x7ffbfeff, sa_flags=0x10000004
SIGXFSZ: [libjvm.so+0x81e740], sa_mask[0]=0x7ffbfeff, sa_flags=0x10000004
SIGILL: [libjvm.so+0x81e740], sa_mask[0]=0x7ffbfeff, sa_flags=0x10000004
SIGUSR1: SIG_DFL, sa_mask[0]=0x00000000, sa_flags=0x00000000
SIGUSR2: [libjvm.so+0x81ffb0], sa_mask[0]=0x00000004, sa_flags=0x10000004
SIGHUP: [libjvm.so+0x8210d0], sa_mask[0]=0x7ffbfeff, sa_flags=0x10000004
SIGINT: [libjvm.so+0x8210d0], sa_mask[0]=0x7ffbfeff, sa_flags=0x10000004
SIGTERM: [libjvm.so+0x8210d0], sa_mask[0]=0x7ffbfeff, sa_flags=0x10000004
SIGQUIT: [libjvm.so+0x8210d0], sa_mask[0]=0x7ffbfeff, sa_flags=0x10000004


---------------  S Y S T E M  ---------------

OS:jessie/sid

uname:Linux 3.13.0-51-generic #84-Ubuntu SMP Wed Apr 15 12:08:34 UTC 2015 x86_64
libc:glibc 2.19 NPTL 2.19 
rlimit: STACK 8192k, CORE 0k, NPROC 30592, NOFILE 4096, AS infinity
load average:0,65 0,58 0,62

/proc/meminfo:
MemTotal:        3945668 kB
MemFree:           95516 kB
Buffers:             592 kB
Cached:           380600 kB
SwapCached:            0 kB
Active:          3302516 kB
Inactive:         377176 kB
Active(anon):    3302188 kB
Inactive(anon):   353788 kB
Active(file):        328 kB
Inactive(file):    23388 kB
Unevictable:          48 kB
Mlocked:              48 kB
SwapTotal:             0 kB
SwapFree:              0 kB
Dirty:                 0 kB
Writeback:            36 kB
AnonPages:       3298912 kB
Mapped:            68388 kB
Shmem:            357112 kB
Slab:              75252 kB
SReclaimable:      31352 kB
SUnreclaim:        43900 kB
KernelStack:        4712 kB
PageTables:        36972 kB
NFS_Unstable:          0 kB
Bounce:                0 kB
WritebackTmp:          0 kB
CommitLimit:     1972832 kB
Committed_AS:    7146172 kB
VmallocTotal:   34359738367 kB
VmallocUsed:      348032 kB
VmallocChunk:   34359367500 kB
HardwareCorrupted:     0 kB
AnonHugePages:    487424 kB
HugePages_Total:       0
HugePages_Free:        0
HugePages_Rsvd:        0
HugePages_Surp:        0
Hugepagesize:       2048 kB
DirectMap4k:      105404 kB
DirectMap2M:     3987456 kB


CPU:total 4 (2 cores per cpu, 2 threads per core) family 6 model 42 stepping 7, cmov, cx8, fxsr, mmx, sse, sse2, sse3, ssse3, sse4.1, sse4.2, popcnt, avx, aes, ht, tsc, tscinvbit

/proc/cpuinfo:
processor	: 0
vendor_id	: GenuineIntel
cpu family	: 6
model		: 42
model name	: Intel(R) Core(TM) i5-2467M CPU @ 1.60GHz
stepping	: 7
microcode	: 0x23
cpu MHz		: 1601.000
cache size	: 3072 KB
physical id	: 0
siblings	: 4
core id		: 0
cpu cores	: 2
apicid		: 0
initial apicid	: 0
fpu		: yes
fpu_exception	: yes
cpuid level	: 13
wp		: yes
flags		: fpu vme de pse tsc msr pae mce cx8 apic sep mtrr pge mca cmov pat pse36 clflush dts acpi mmx fxsr sse sse2 ss ht tm pbe syscall nx rdtscp lm constant_tsc arch_perfmon pebs bts rep_good nopl xtopology nonstop_tsc aperfmperf eagerfpu pni pclmulqdq dtes64 monitor ds_cpl vmx est tm2 ssse3 cx16 xtpr pdcm pcid sse4_1 sse4_2 x2apic popcnt tsc_deadline_timer aes xsave avx lahf_lm ida arat epb xsaveopt pln pts dtherm tpr_shadow vnmi flexpriority ept vpid
bogomips	: 3192.60
clflush size	: 64
cache_alignment	: 64
address sizes	: 36 bits physical, 48 bits virtual
power management:

processor	: 1
vendor_id	: GenuineIntel
cpu family	: 6
model		: 42
model name	: Intel(R) Core(TM) i5-2467M CPU @ 1.60GHz
stepping	: 7
microcode	: 0x23
cpu MHz		: 1601.000
cache size	: 3072 KB
physical id	: 0
siblings	: 4
core id		: 0
cpu cores	: 2
apicid		: 1
initial apicid	: 1
fpu		: yes
fpu_exception	: yes
cpuid level	: 13
wp		: yes
flags		: fpu vme de pse tsc msr pae mce cx8 apic sep mtrr pge mca cmov pat pse36 clflush dts acpi mmx fxsr sse sse2 ss ht tm pbe syscall nx rdtscp lm constant_tsc arch_perfmon pebs bts rep_good nopl xtopology nonstop_tsc aperfmperf eagerfpu pni pclmulqdq dtes64 monitor ds_cpl vmx est tm2 ssse3 cx16 xtpr pdcm pcid sse4_1 sse4_2 x2apic popcnt tsc_deadline_timer aes xsave avx lahf_lm ida arat epb xsaveopt pln pts dtherm tpr_shadow vnmi flexpriority ept vpid
bogomips	: 3192.60
clflush size	: 64
cache_alignment	: 64
address sizes	: 36 bits physical, 48 bits virtual
power management:

processor	: 2
vendor_id	: GenuineIntel
cpu family	: 6
model		: 42
model name	: Intel(R) Core(TM) i5-2467M CPU @ 1.60GHz
stepping	: 7
microcode	: 0x23
cpu MHz		: 1400.000
cache size	: 3072 KB
physical id	: 0
siblings	: 4
core id		: 1
cpu cores	: 2
apicid		: 2
initial apicid	: 2
fpu		: yes
fpu_exception	: yes
cpuid level	: 13
wp		: yes
flags		: fpu vme de pse tsc msr pae mce cx8 apic sep mtrr pge mca cmov pat pse36 clflush dts acpi mmx fxsr sse sse2 ss ht tm pbe syscall nx rdtscp lm constant_tsc arch_perfmon pebs bts rep_good nopl xtopology nonstop_tsc aperfmperf eagerfpu pni pclmulqdq dtes64 monitor ds_cpl vmx est tm2 ssse3 cx16 xtpr pdcm pcid sse4_1 sse4_2 x2apic popcnt tsc_deadline_timer aes xsave avx lahf_lm ida arat epb xsaveopt pln pts dtherm tpr_shadow vnmi flexpriority ept vpid
bogomips	: 3192.60
clflush size	: 64
cache_alignment	: 64
address sizes	: 36 bits physical, 48 bits virtual
power management:

processor	: 3
vendor_id	: GenuineIntel
cpu family	: 6
model		: 42
model name	: Intel(R) Core(TM) i5-2467M CPU @ 1.60GHz
stepping	: 7
microcode	: 0x23
cpu MHz		: 1601.000
cache size	: 3072 KB
physical id	: 0
siblings	: 4
core id		: 1
cpu cores	: 2
apicid		: 3
initial apicid	: 3
fpu		: yes
fpu_exception	: yes
cpuid level	: 13
wp		: yes
flags		: fpu vme de pse tsc msr pae mce cx8 apic sep mtrr pge mca cmov pat pse36 clflush dts acpi mmx fxsr sse sse2 ss ht tm pbe syscall nx rdtscp lm constant_tsc arch_perfmon pebs bts rep_good nopl xtopology nonstop_tsc aperfmperf eagerfpu pni pclmulqdq dtes64 monitor ds_cpl vmx est tm2 ssse3 cx16 xtpr pdcm pcid sse4_1 sse4_2 x2apic popcnt tsc_deadline_timer aes xsave avx lahf_lm ida arat epb xsaveopt pln pts dtherm tpr_shadow vnmi flexpriority ept vpid
bogomips	: 3192.60
clflush size	: 64
cache_alignment	: 64
address sizes	: 36 bits physical, 48 bits virtual
power management:



Memory: 4k page, physical 3945668k(94772k free), swap 0k(0k free)

vm_info: Java HotSpot(TM) 64-Bit Server VM (24.80-b11) for linux-amd64 JRE (1.7.0_80-b15), built on Apr 10 2015 19:53:14 by "java_re" with gcc 4.3.0 20080428 (Red Hat 4.3.0-8)

time: Fri May  1 12:19:41 2015
elapsed time: 5 seconds

